<?xml version="1.0" encoding="utf-8"?>
<TestRun id="afd8055e-212d-4454-83df-39689dd55b2d" name="marsh@HOME 2026-02-21 07:14:50" runUser="HOME\marsh" xmlns="http://microsoft.com/schemas/VisualStudio/TeamTest/2010">
  <Times creation="2026-02-21T07:14:50.8689984-05:00" queuing="2026-02-21T07:14:50.8689987-05:00" start="2026-02-21T07:14:49.0405067-05:00" finish="2026-02-21T07:15:44.5825848-05:00" />
  <TestSettings name="default" id="530af7af-1e03-483d-837c-29f68604fe86">
    <Deployment runDeploymentRoot="marsh_HOME_2026-02-21_07_14_50" />
  </TestSettings>
  <Results>
    <UnitTestResult executionId="b3a62300-a72b-4c02-a7ce-69c03649b0c1" testId="ec592b2c-fd3c-4661-c798-f28a1b337275" testName="Industry_ConsumesInputs_AndProducesOutputs" computerName="HOME" duration="00:00:00.0002260" startTime="2026-02-21T07:15:43.1203904-05:00" endTime="2026-02-21T07:15:43.1206158-05:00" testType="13cdc9d9-ddb5-4fa4-a97d-d965ccfc6d4b" outcome="Passed" testListId="8c84fa94-04c1-424b-9868-57a2d4851a1d" relativeResultsDirectory="b3a62300-a72b-4c02-a7ce-69c03649b0c1" />
    <UnitTestResult executionId="c939dfc5-90e2-4fac-a4ff-a0c22d7d3101" testId="218fe381-179e-9868-8bbc-42677f4cbe3b" testName="CancelJob_WhenNoJob_DoesNotMutateFleetJobFields" computerName="HOME" duration="00:00:00.0037850" startTime="2026-02-21T07:15:44.4985928-05:00" endTime="2026-02-21T07:15:44.5023779-05:00" testType="13cdc9d9-ddb5-4fa4-a97d-d965ccfc6d4b" outcome="Passed" testListId="8c84fa94-04c1-424b-9868-57a2d4851a1d" relativeResultsDirectory="c939dfc5-90e2-4fac-a4ff-a0c22d7d3101" />
    <UnitTestResult executionId="3cb0b1e0-2e88-4983-9042-c4277e171f95" testId="feef5147-69f2-56ef-2eac-aa8482edd3a9" testName="BAND_001_band_ticks_thresholds_are_stable" computerName="HOME" duration="00:00:00.0002610" startTime="2026-02-21T07:15:44.4636590-05:00" endTime="2026-02-21T07:15:44.4639195-05:00" testType="13cdc9d9-ddb5-4fa4-a97d-d965ccfc6d4b" outcome="Passed" testListId="8c84fa94-04c1-424b-9868-57a2d4851a1d" relativeResultsDirectory="3cb0b1e0-2e88-4983-9042-c4277e171f95" />
    <UnitTestResult executionId="aeb5888f-d961-417a-a926-ea318ff233d3" testId="c4b889e6-dc55-5014-06dd-eb0e8f894692" testName="LocalTruth_IsExact_AndAgeIsZero" computerName="HOME" duration="00:00:00.0020360" startTime="2026-02-21T07:15:44.5032906-05:00" endTime="2026-02-21T07:15:44.5053267-05:00" testType="13cdc9d9-ddb5-4fa4-a97d-d965ccfc6d4b" outcome="Passed" testListId="8c84fa94-04c1-424b-9868-57a2d4851a1d" relativeResultsDirectory="aeb5888f-d961-417a-a926-ea318ff233d3" />
    <UnitTestResult executionId="3ae45fcf-4efd-4782-831e-95a3f4392fd8" testId="f23fea91-2d72-effc-be51-77b14656b83b" testName="Containment_DecaysTrace_OverTime" computerName="HOME" duration="00:00:00.0004240" startTime="2026-02-21T07:14:49.4640300-05:00" endTime="2026-02-21T07:14:49.4644539-05:00" testType="13cdc9d9-ddb5-4fa4-a97d-d965ccfc6d4b" outcome="Passed" testListId="8c84fa94-04c1-424b-9868-57a2d4851a1d" relativeResultsDirectory="3ae45fcf-4efd-4782-831e-95a3f4392fd8" />
    <UnitTestResult executionId="7fad418d-52e4-4f7a-b7da-e9c34cbc305d" testId="258407be-2eb2-93ed-7222-5aae254c3855" testName="SeedExplorer_V0_DiffReports_Are_ByteForByte_Deterministic" computerName="HOME" duration="00:00:00.0036950" startTime="2026-02-21T07:15:40.3141324-05:00" endTime="2026-02-21T07:15:40.3178271-05:00" testType="13cdc9d9-ddb5-4fa4-a97d-d965ccfc6d4b" outcome="Passed" testListId="8c84fa94-04c1-424b-9868-57a2d4851a1d" relativeResultsDirectory="7fad418d-52e4-4f7a-b7da-e9c34cbc305d" />
    <UnitTestResult executionId="9ec6e25c-d785-4241-ade7-4232d0d22aae" testId="2f8387ed-2135-4ac2-1263-b855695950d4" testName="SeedExplorer_V0_Reports_Are_ByteForByte_Deterministic_And_NoTimeLeakage" computerName="HOME" duration="00:00:00.0064560" startTime="2026-02-21T07:15:40.3178496-05:00" endTime="2026-02-21T07:15:40.3243045-05:00" testType="13cdc9d9-ddb5-4fa4-a97d-d965ccfc6d4b" outcome="Passed" testListId="8c84fa94-04c1-424b-9868-57a2d4851a1d" relativeResultsDirectory="9ec6e25c-d785-4241-ade7-4232d0d22aae" />
    <UnitTestResult executionId="7add5c09-5888-45ca-b4fe-61adf9a75b99" testId="46bf89f4-de8e-7bc6-2429-7e9e5e203fcb" testName="UnloadCargo_ClampsToCargoAvailable_AndNoNegatives" computerName="HOME" duration="00:00:00.0003100" startTime="2026-02-21T07:15:44.5235253-05:00" endTime="2026-02-21T07:15:44.5238349-05:00" testType="13cdc9d9-ddb5-4fa4-a97d-d965ccfc6d4b" outcome="Passed" testListId="8c84fa94-04c1-424b-9868-57a2d4851a1d" relativeResultsDirectory="7add5c09-5888-45ca-b4fe-61adf9a75b99" />
    <UnitTestResult executionId="e460456f-e3b3-4ed5-8cb2-5376b37d46f0" testId="1a69a3d4-61e8-04c7-30e1-2d16cf748632" testName="LaneCapacity_Bounds_Delivery_And_Queues_Overflow_Deterministically_With_Report" computerName="HOME" duration="00:00:00.0002950" startTime="2026-02-21T07:15:44.5145065-05:00" endTime="2026-02-21T07:15:44.5148013-05:00" testType="13cdc9d9-ddb5-4fa4-a97d-d965ccfc6d4b" outcome="Passed" testListId="8c84fa94-04c1-424b-9868-57a2d4851a1d" relativeResultsDirectory="e460456f-e3b3-4ed5-8cb2-5376b37d46f0" />
    <UnitTestResult executionId="0000b23d-d80b-4bc3-ae3e-561f75ca1d58" testId="faf06bcb-9da3-d8ff-ce5c-beb91d5f46ca" testName="Basic_Invariants_Hold_After_Stepping" computerName="HOME" duration="00:00:00.3923749" startTime="2026-02-21T07:15:43.1214333-05:00" endTime="2026-02-21T07:15:43.5138078-05:00" testType="13cdc9d9-ddb5-4fa4-a97d-d965ccfc6d4b" outcome="Passed" testListId="8c84fa94-04c1-424b-9868-57a2d4851a1d" relativeResultsDirectory="0000b23d-d80b-4bc3-ae3e-561f75ca1d58" />
    <UnitTestResult executionId="4f645ddb-aa84-4855-bc87-664867911eda" testId="fd6eeefd-e529-eef1-ddb4-cd522f5c06aa" testName="Add_Then_Remove_Returns_To_Original_Cargo_Removes_Zero_Key" computerName="HOME" duration="00:00:00.0001060" startTime="2026-02-21T07:15:44.5061722-05:00" endTime="2026-02-21T07:15:44.5062779-05:00" testType="13cdc9d9-ddb5-4fa4-a97d-d965ccfc6d4b" outcome="Passed" testListId="8c84fa94-04c1-424b-9868-57a2d4851a1d" relativeResultsDirectory="4f645ddb-aa84-4855-bc87-664867911eda" />
    <UnitTestResult executionId="ad2f3dbc-a02a-4e50-ae70-95b2c6ce901b" testId="56a957b7-e18d-e25d-7b8e-ec0ebca32204" testName="SaveLoad_MidLogisticsJob_ContinuesToSameFinalHash_AsUninterrupted" computerName="HOME" duration="00:00:00.0017850" startTime="2026-02-21T07:15:43.6398741-05:00" endTime="2026-02-21T07:15:43.6416590-05:00" testType="13cdc9d9-ddb5-4fa4-a97d-d965ccfc6d4b" outcome="Passed" testListId="8c84fa94-04c1-424b-9868-57a2d4851a1d" relativeResultsDirectory="ad2f3dbc-a02a-4e50-ae70-95b2c6ce901b">
      <Output>
        <StdOut>Uninterrupted Hash: D3A2A4EBA1A76A39F27A8131AB81A8E91033F59851C06DE37035F552EC0B938B&#xD;
SaveLoad     Hash: D3A2A4EBA1A76A39F27A8131AB81A8E91033F59851C06DE37035F552EC0B938B</StdOut>
      </Output>
    </UnitTestResult>
    <UnitTestResult executionId="7ec83414-f2d7-4824-95e5-83b298f81036" testId="deade48c-3725-4254-c51d-2c367fe02920" testName="Health_Decreases_Deterministically_When_Undersupplied" computerName="HOME" duration="00:00:00.0002610" startTime="2026-02-21T07:15:44.4525369-05:00" endTime="2026-02-21T07:15:44.4527978-05:00" testType="13cdc9d9-ddb5-4fa4-a97d-d965ccfc6d4b" outcome="Passed" testListId="8c84fa94-04c1-424b-9868-57a2d4851a1d" relativeResultsDirectory="7ec83414-f2d7-4824-95e5-83b298f81036" />
    <UnitTestResult executionId="945c45d9-778a-47d7-89ee-7cef9a65a014" testId="f553f183-e7d1-720a-3ec9-a9b41aba5aff" testName="Remove_More_Than_Available_ReturnsFalse_And_DoesNotChange_Market" computerName="HOME" duration="00:00:00.0000490" startTime="2026-02-21T07:15:44.5062871-05:00" endTime="2026-02-21T07:15:44.5063365-05:00" testType="13cdc9d9-ddb5-4fa4-a97d-d965ccfc6d4b" outcome="Passed" testListId="8c84fa94-04c1-424b-9868-57a2d4851a1d" relativeResultsDirectory="945c45d9-778a-47d7-89ee-7cef9a65a014" />
    <UnitTestResult executionId="252355ef-c676-47d8-9d3f-5b49c607c005" testId="e357e99b-dfc2-7a0f-9cfa-a76af3c7a5a5" testName="Cancel_WhenPickupLoadsZero_ClearsFleetStateDeterministically" computerName="HOME" duration="00:00:00.0004710" startTime="2026-02-21T07:15:44.5150654-05:00" endTime="2026-02-21T07:15:44.5155367-05:00" testType="13cdc9d9-ddb5-4fa4-a97d-d965ccfc6d4b" outcome="Passed" testListId="8c84fa94-04c1-424b-9868-57a2d4851a1d" relativeResultsDirectory="252355ef-c676-47d8-9d3f-5b49c607c005" />
    <UnitTestResult executionId="edfd8eed-dd94-422d-93b3-8b3ab04be916" testId="2afec21d-5b14-7988-d9e6-5bac07da2c08" testName="Generation_IsDeterministic" computerName="HOME" duration="00:00:00.0017870" startTime="2026-02-21T07:15:40.3336134-05:00" endTime="2026-02-21T07:15:40.3354004-05:00" testType="13cdc9d9-ddb5-4fa4-a97d-d965ccfc6d4b" outcome="Passed" testListId="8c84fa94-04c1-424b-9868-57a2d4851a1d" relativeResultsDirectory="edfd8eed-dd94-422d-93b3-8b3ab04be916">
      <Output>
        <StdOut>WROTE_TOPOLOGY_DUMP: C:\Users\marsh\Documents\Space Trade Empire\docs\generated\galaxy_topology_dump_seed_999_starcount_12_radius_100.txt</StdOut>
      </Output>
    </UnitTestResult>
    <UnitTestResult executionId="59b7ab0a-115e-40dd-8b25-b9feae589108" testId="dba9ba7c-9c45-cb71-0846-0a94b14929e6" testName="World001_PlansDirectRoute" computerName="HOME" duration="00:00:00.0008960" startTime="2026-02-21T07:15:44.5252417-05:00" endTime="2026-02-21T07:15:44.5261375-05:00" testType="13cdc9d9-ddb5-4fa4-a97d-d965ccfc6d4b" outcome="Passed" testListId="8c84fa94-04c1-424b-9868-57a2d4851a1d" relativeResultsDirectory="59b7ab0a-115e-40dd-8b25-b9feae589108" />
    <UnitTestResult executionId="2819f449-2ed4-486f-ac36-b229f47fc281" testId="65af4c0b-3da9-f7ff-68b6-299671495683" testName="LoadCargo_ClampsToMarketAvailable_AndNoNegatives" computerName="HOME" duration="00:00:00.0004140" startTime="2026-02-21T07:15:44.5226469-05:00" endTime="2026-02-21T07:15:44.5230606-05:00" testType="13cdc9d9-ddb5-4fa4-a97d-d965ccfc6d4b" outcome="Passed" testListId="8c84fa94-04c1-424b-9868-57a2d4851a1d" relativeResultsDirectory="2819f449-2ed4-486f-ac36-b229f47fc281" />
    <UnitTestResult executionId="1d102a17-a4ee-4d73-9a2e-898d454fa60a" testId="9fd3495b-a209-1fa8-7957-e4f2307d3956" testName="Signal_TraceAndHeat_ArePersistedInSignature" computerName="HOME" duration="00:00:00.0002480" startTime="2026-02-21T07:15:44.4516621-05:00" endTime="2026-02-21T07:15:44.4519102-05:00" testType="13cdc9d9-ddb5-4fa4-a97d-d965ccfc6d4b" outcome="Passed" testListId="8c84fa94-04c1-424b-9868-57a2d4851a1d" relativeResultsDirectory="1d102a17-a4ee-4d73-9a2e-898d454fa60a" />
    <UnitTestResult executionId="74473671-3cbc-4f62-b25b-62e1551528ba" testId="11f3c1be-327a-5404-aeb5-b0ae6546da2a" testName="BufferTarget_Uses_Days_Converted_To_Ticks" computerName="HOME" duration="00:00:00.0000740" startTime="2026-02-21T07:15:44.4524260-05:00" endTime="2026-02-21T07:15:44.4525001-05:00" testType="13cdc9d9-ddb5-4fa4-a97d-d965ccfc6d4b" outcome="Passed" testListId="8c84fa94-04c1-424b-9868-57a2d4851a1d" relativeResultsDirectory="74473671-3cbc-4f62-b25b-62e1551528ba" />
    <UnitTestResult executionId="be3cce36-a39b-46b2-ae95-971202299fe4" testId="a9b6b74f-52ba-e54d-b079-656324b7c4c2" testName="Transfer_Conserves_Total_Market" computerName="HOME" duration="00:00:00.0000910" startTime="2026-02-21T07:15:44.5064070-05:00" endTime="2026-02-21T07:15:44.5064977-05:00" testType="13cdc9d9-ddb5-4fa4-a97d-d965ccfc6d4b" outcome="Passed" testListId="8c84fa94-04c1-424b-9868-57a2d4851a1d" relativeResultsDirectory="be3cce36-a39b-46b2-ae95-971202299fe4" />
    <UnitTestResult executionId="317d3086-ec04-4a8d-a9c4-39562426da4e" testId="ef839d5d-88d4-2fb1-4ec8-71c03a8ad4a4" testName="RepoHealth_Scan_MustPass_V0" computerName="HOME" duration="00:00:00.0478510" startTime="2026-02-21T07:15:43.5144262-05:00" endTime="2026-02-21T07:15:43.5622773-05:00" testType="13cdc9d9-ddb5-4fa4-a97d-d965ccfc6d4b" outcome="Passed" testListId="8c84fa94-04c1-424b-9868-57a2d4851a1d" relativeResultsDirectory="317d3086-ec04-4a8d-a9c4-39562426da4e" />
    <UnitTestResult executionId="069a71e0-12c8-4fa9-bd66-0752130ed2e2" testId="975dda28-9645-eb60-e4c3-d844e8075d35" testName="LogisticsSystem_Process_DoesNotDirectlyMutate_MarketInventory_Or_FleetCargo" computerName="HOME" duration="00:00:00.0055160" startTime="2026-02-21T07:15:44.4528749-05:00" endTime="2026-02-21T07:15:44.4583904-05:00" testType="13cdc9d9-ddb5-4fa4-a97d-d965ccfc6d4b" outcome="Passed" testListId="8c84fa94-04c1-424b-9868-57a2d4851a1d" relativeResultsDirectory="069a71e0-12c8-4fa9-bd66-0752130ed2e2" />
    <UnitTestResult executionId="7b4fdcd2-a040-4c79-9985-e432c5f2939a" testId="6dcc455e-49f6-0fc4-bfec-d4ba6a8f4e3d" testName="BAND_002_band_days_thresholds_are_stable" computerName="HOME" duration="00:00:00.0001380" startTime="2026-02-21T07:15:44.4639328-05:00" endTime="2026-02-21T07:15:44.4640706-05:00" testType="13cdc9d9-ddb5-4fa4-a97d-d965ccfc6d4b" outcome="Passed" testListId="8c84fa94-04c1-424b-9868-57a2d4851a1d" relativeResultsDirectory="7b4fdcd2-a040-4c79-9985-e432c5f2939a" />
    <UnitTestResult executionId="2d83aaa4-61e0-4f4d-a5a5-32fe19f0f852" testId="affa2024-fd18-3e80-3376-215426f210d1" testName="Monotonicity_ScarcerStock_IncreasesAllPrices" computerName="HOME" duration="00:00:00.0001210" startTime="2026-02-21T07:15:43.5802946-05:00" endTime="2026-02-21T07:15:43.5804158-05:00" testType="13cdc9d9-ddb5-4fa4-a97d-d965ccfc6d4b" outcome="Passed" testListId="8c84fa94-04c1-424b-9868-57a2d4851a1d" relativeResultsDirectory="2d83aaa4-61e0-4f4d-a5a5-32fe19f0f852" />
    <UnitTestResult executionId="45581fc3-3bd5-4260-a201-cf4456f3b725" testId="cf507909-f2fb-5031-715d-1ce0c0ac4705" testName="PerfBudget_Slice3_V0_AverageTickTime_WithinBudget_And_ReportDeterministic" computerName="HOME" duration="00:00:22.9087730" startTime="2026-02-21T07:15:17.3727499-05:00" endTime="2026-02-21T07:15:40.2815224-05:00" testType="13cdc9d9-ddb5-4fa4-a97d-d965ccfc6d4b" outcome="Passed" testListId="8c84fa94-04c1-424b-9868-57a2d4851a1d" relativeResultsDirectory="45581fc3-3bd5-4260-a201-cf4456f3b725">
      <Output>
        <StdOut>PERF_BUDGET_REPORT_V0&#xD;
seed=424242&#xD;
ticks_total=600&#xD;
ticks_measured=300&#xD;
fleets=60&#xD;
active_transfers=200&#xD;
budget_ms_per_tick=50&#xD;
total_ms_measured=10864.685&#xD;
avg_ms_per_tick=36.216</StdOut>
      </Output>
    </UnitTestResult>
    <UnitTestResult executionId="ea6521ae-9105-4c86-9163-865f3ea4aa0a" testId="909ece48-7c1e-0587-bc9c-c17833d2d364" testName="PROG_CMD_001_set_status_command_updates_program_and_clamps_next_run_tick_on_start" computerName="HOME" duration="00:00:00.0014270" startTime="2026-02-21T07:15:43.6136184-05:00" endTime="2026-02-21T07:15:43.6150452-05:00" testType="13cdc9d9-ddb5-4fa4-a97d-d965ccfc6d4b" outcome="Passed" testListId="8c84fa94-04c1-424b-9868-57a2d4851a1d" relativeResultsDirectory="ea6521ae-9105-4c86-9163-865f3ea4aa0a" />
    <UnitTestResult executionId="db888b80-a298-4c0f-9582-dd1caf36ab35" testId="dcb9b7bb-7561-00e4-6ffa-66dc24f53288" testName="Sustainment_RunTwice_SameSetup_Produces_Identical_State" computerName="HOME" duration="00:00:00.0008100" startTime="2026-02-21T07:15:44.4590119-05:00" endTime="2026-02-21T07:15:44.4598221-05:00" testType="13cdc9d9-ddb5-4fa4-a97d-d965ccfc6d4b" outcome="Passed" testListId="8c84fa94-04c1-424b-9868-57a2d4851a1d" relativeResultsDirectory="db888b80-a298-4c0f-9582-dd1caf36ab35" />
    <UnitTestResult executionId="430c31a8-7aaf-418f-ace6-724d5e6c56a1" testId="5cc51b37-fd03-4fc8-940f-30b6e56c23c0" testName="TwoFleets_LogisticsAndLaneContention_IsDeterministic" computerName="HOME" duration="00:00:00.0406530" startTime="2026-02-21T07:14:49.4657674-05:00" endTime="2026-02-21T07:14:49.5064192-05:00" testType="13cdc9d9-ddb5-4fa4-a97d-d965ccfc6d4b" outcome="Passed" testListId="8c84fa94-04c1-424b-9868-57a2d4851a1d" relativeResultsDirectory="430c31a8-7aaf-418f-ace6-724d5e6c56a1" />
    <UnitTestResult executionId="92a0c5a0-cf92-408d-bdeb-78159b5616f1" testId="df741220-6fa3-bcfc-7058-2e71ad511010" testName="Ledger_Transfer_Conserves_Total_Units_For_A_Good_MarketSemantics" computerName="HOME" duration="00:00:00.0001880" startTime="2026-02-21T07:15:43.5141567-05:00" endTime="2026-02-21T07:15:43.5143445-05:00" testType="13cdc9d9-ddb5-4fa4-a97d-d965ccfc6d4b" outcome="Passed" testListId="8c84fa94-04c1-424b-9868-57a2d4851a1d" relativeResultsDirectory="92a0c5a0-cf92-408d-bdeb-78159b5616f1" />
    <UnitTestResult executionId="4996acf4-5627-46bc-a01a-ddebb41643c6" testId="fb2bd6ce-18a4-871e-1874-97d00d1f025d" testName="BufferTarget_Is_Zero_When_BufferDays_Is_Zero" computerName="HOME" duration="00:00:00.0001080" startTime="2026-02-21T07:15:44.4519848-05:00" endTime="2026-02-21T07:15:44.4520931-05:00" testType="13cdc9d9-ddb5-4fa4-a97d-d965ccfc6d4b" outcome="Passed" testListId="8c84fa94-04c1-424b-9868-57a2d4851a1d" relativeResultsDirectory="4996acf4-5627-46bc-a01a-ddebb41643c6" />
    <UnitTestResult executionId="fcdb2871-5de6-42aa-aaa3-2b57c927a91e" testId="cbf2a94b-f09b-d806-c9d7-39c9012ffb10" testName="FLEET_001_single_player_trader_fleet_exists_with_stable_id_and_start_state" computerName="HOME" duration="00:00:00.0002200" startTime="2026-02-21T07:15:43.6019896-05:00" endTime="2026-02-21T07:15:43.6022100-05:00" testType="13cdc9d9-ddb5-4fa4-a97d-d965ccfc6d4b" outcome="Passed" testListId="8c84fa94-04c1-424b-9868-57a2d4851a1d" relativeResultsDirectory="fcdb2871-5de6-42aa-aaa3-2b57c927a91e" />
    <UnitTestResult executionId="7739b89e-497e-47a3-bfd4-1f33ccd03af5" testId="87001f66-4c3d-139b-c6f9-1625bc49c013" testName="RemoteIntel_IsBanded_AndAgeIncrements_WhenNotReobserved" computerName="HOME" duration="00:00:00.0003590" startTime="2026-02-21T07:15:44.5053457-05:00" endTime="2026-02-21T07:15:44.5057043-05:00" testType="13cdc9d9-ddb5-4fa4-a97d-d965ccfc6d4b" outcome="Passed" testListId="8c84fa94-04c1-424b-9868-57a2d4851a1d" relativeResultsDirectory="7739b89e-497e-47a3-bfd4-1f33ccd03af5" />
    <UnitTestResult executionId="3fa7411f-6235-464e-85a6-2a723f090c68" testId="33b7e9b5-979e-71ee-ff9d-77f65d7b6b45" testName="PROG_LIFE_001_start_pause_cancel_transitions_are_stable" computerName="HOME" duration="00:00:00.0004830" startTime="2026-02-21T07:15:43.6082123-05:00" endTime="2026-02-21T07:15:43.6086955-05:00" testType="13cdc9d9-ddb5-4fa4-a97d-d965ccfc6d4b" outcome="Passed" testListId="8c84fa94-04c1-424b-9868-57a2d4851a1d" relativeResultsDirectory="3fa7411f-6235-464e-85a6-2a723f090c68" />
    <UnitTestResult executionId="522387a6-064a-4f20-bdfa-921ada468446" testId="cc049097-19ba-722e-2881-a00c390cfe11" testName="SimKernel_Step_AdvancesExactlyOneTick" computerName="HOME" duration="00:00:00.0000980" startTime="2026-02-21T07:15:44.5272702-05:00" endTime="2026-02-21T07:15:44.5273677-05:00" testType="13cdc9d9-ddb5-4fa4-a97d-d965ccfc6d4b" outcome="Passed" testListId="8c84fa94-04c1-424b-9868-57a2d4851a1d" relativeResultsDirectory="522387a6-064a-4f20-bdfa-921ada468446" />
    <UnitTestResult executionId="babcd128-734e-42de-855d-980b9a6ad983" testId="ebc423c6-c845-a67a-6d97-58f1f2c9db0e" testName="Travel_UpdatesState_AndConsumesSlot" computerName="HOME" duration="00:00:00.0001960" startTime="2026-02-21T07:15:44.5285980-05:00" endTime="2026-02-21T07:15:44.5287943-05:00" testType="13cdc9d9-ddb5-4fa4-a97d-d965ccfc6d4b" outcome="Passed" testListId="8c84fa94-04c1-424b-9868-57a2d4851a1d" relativeResultsDirectory="babcd128-734e-42de-855d-980b9a6ad983" />
    <UnitTestResult executionId="ee547912-a8f8-43d5-97e8-dd31dc8a7d5b" testId="78e47c93-5e7c-8f27-604d-5cabd5a8081d" testName="Fracture_Movement_AccumulatesTrace_OnArrival" computerName="HOME" duration="00:00:00.0021430" startTime="2026-02-21T07:15:40.3266701-05:00" endTime="2026-02-21T07:15:40.3288130-05:00" testType="13cdc9d9-ddb5-4fa4-a97d-d965ccfc6d4b" outcome="Passed" testListId="8c84fa94-04c1-424b-9868-57a2d4851a1d" relativeResultsDirectory="ee547912-a8f8-43d5-97e8-dd31dc8a7d5b" />
    <UnitTestResult executionId="692e065e-1557-441a-a00f-e46dc433b8e6" testId="ec1393c4-4703-4e7e-782c-715fcac654e8" testName="MidPrice_ZeroSupply_IsHigh" computerName="HOME" duration="00:00:00.0001100" startTime="2026-02-21T07:15:43.5801749-05:00" endTime="2026-02-21T07:15:43.5802849-05:00" testType="13cdc9d9-ddb5-4fa4-a97d-d965ccfc6d4b" outcome="Passed" testListId="8c84fa94-04c1-424b-9868-57a2d4851a1d" relativeResultsDirectory="692e065e-1557-441a-a00f-e46dc433b8e6" />
    <UnitTestResult executionId="f64db53f-3e19-4957-ae71-f55f52e1245e" testId="c944b59e-30c7-d0be-197a-ac0921f227b6" testName="Simulation_Is_Deterministic_With_Input" computerName="HOME" duration="00:00:02.7846450" startTime="2026-02-21T07:15:40.3355666-05:00" endTime="2026-02-21T07:15:43.1202118-05:00" testType="13cdc9d9-ddb5-4fa4-a97d-d965ccfc6d4b" outcome="Passed" testListId="8c84fa94-04c1-424b-9868-57a2d4851a1d" relativeResultsDirectory="f64db53f-3e19-4957-ae71-f55f52e1245e">
      <Output>
        <StdOut>Genesis Hash: E40FF89C0EFD88A58B46153FBEE14F81C8F1AAA9419153A3C04AE6A6FC5F21D9&#xD;
Final Hash A: DACCFA3B9681B7A654D8C825A3394B25108F07E9FC9EE1B09CE71B35A20FFEAD&#xD;
Final Hash B: DACCFA3B9681B7A654D8C825A3394B25108F07E9FC9EE1B09CE71B35A20FFEAD</StdOut>
      </Output>
    </UnitTestResult>
    <UnitTestResult executionId="7ce927bc-abe3-4a13-94c4-256749e294e1" testId="e6aa184a-da3b-5504-348b-527dcd1b01e1" testName="PROG_EXEC_002_TradeProgram_DrivesBuySell_Intents_AgainstWorld001_And_OnlyAffectsOutcomesViaTick" computerName="HOME" duration="00:00:00.0010670" startTime="2026-02-21T07:15:43.6070705-05:00" endTime="2026-02-21T07:15:43.6081378-05:00" testType="13cdc9d9-ddb5-4fa4-a97d-d965ccfc6d4b" outcome="Passed" testListId="8c84fa94-04c1-424b-9868-57a2d4851a1d" relativeResultsDirectory="7ce927bc-abe3-4a13-94c4-256749e294e1" />
    <UnitTestResult executionId="aee2806f-5d2f-44eb-821e-f7b16e177556" testId="1a0c9cd1-005f-cc36-ba7b-047adaef086b" testName="LogisticsEvents_SameTick_OrderIsDeterministic_UnderMultiFleetContention" computerName="HOME" duration="00:00:00.0033690" startTime="2026-02-21T07:14:49.5879199-05:00" endTime="2026-02-21T07:14:49.5912884-05:00" testType="13cdc9d9-ddb5-4fa4-a97d-d965ccfc6d4b" outcome="Passed" testListId="8c84fa94-04c1-424b-9868-57a2d4851a1d" relativeResultsDirectory="aee2806f-5d2f-44eb-821e-f7b16e177556" />
    <UnitTestResult executionId="9de9a4a8-cb6b-4749-a354-59923bb059a2" testId="90e58d57-657d-d78b-8277-08e2ea442b52" testName="AntiExploitMarketArbConstraint_MoneyPrinterScenario_ProfitGrowthIsBounded_AndExplainsFrictionReasonCodes" computerName="HOME" duration="00:00:00.0064050" startTime="2026-02-21T07:15:43.5696355-05:00" endTime="2026-02-21T07:15:43.5760398-05:00" testType="13cdc9d9-ddb5-4fa4-a97d-d965ccfc6d4b" outcome="Passed" testListId="8c84fa94-04c1-424b-9868-57a2d4851a1d" relativeResultsDirectory="9de9a4a8-cb6b-4749-a354-59923bb059a2" />
    <UnitTestResult executionId="c9428992-480f-4258-9240-379b98f221ef" testId="9ecef8be-7e19-9d11-94fd-27d9f4920197" testName="EconomyPlacement_StarterRegion_HasAtLeast3ViableTradeLoops_AndEmitsDeterministicReport" computerName="HOME" duration="00:00:00.0035850" startTime="2026-02-21T07:15:43.5760971-05:00" endTime="2026-02-21T07:15:43.5796822-05:00" testType="13cdc9d9-ddb5-4fa4-a97d-d965ccfc6d4b" outcome="Passed" testListId="8c84fa94-04c1-424b-9868-57a2d4851a1d" relativeResultsDirectory="c9428992-480f-4258-9240-379b98f221ef" />
    <UnitTestResult executionId="18df0771-151d-43b9-8776-7999606a0f6a" testId="8680dc49-265d-c9c3-116f-461ca2661675" testName="EXPLAIN_001_program_explain_payload_is_schema_bound_and_deterministic" computerName="HOME" duration="00:00:00.0022399" startTime="2026-02-21T07:15:43.6028962-05:00" endTime="2026-02-21T07:15:43.6051360-05:00" testType="13cdc9d9-ddb5-4fa4-a97d-d965ccfc6d4b" outcome="Passed" testListId="8c84fa94-04c1-424b-9868-57a2d4851a1d" relativeResultsDirectory="18df0771-151d-43b9-8776-7999606a0f6a" />
    <UnitTestResult executionId="a67293aa-71a8-4102-b031-9b32fbd3173d" testId="f46e284e-c1f0-0fcf-f792-217f610e8838" testName="Ledger_Never_Allows_Negative_Inventory_MarketSemantics" computerName="HOME" duration="00:00:00.0001450" startTime="2026-02-21T07:15:43.5140059-05:00" endTime="2026-02-21T07:15:43.5141505-05:00" testType="13cdc9d9-ddb5-4fa4-a97d-d965ccfc6d4b" outcome="Passed" testListId="8c84fa94-04c1-424b-9868-57a2d4851a1d" relativeResultsDirectory="a67293aa-71a8-4102-b031-9b32fbd3173d" />
    <UnitTestResult executionId="05ce7772-c603-4346-866c-83f6ee39035d" testId="59c2bb00-fe56-9931-82a5-1c775eb9a028" testName="Reservation_ProtectsSupplierInventory_FromNonOwnerLoads" computerName="HOME" duration="00:00:00.0003860" startTime="2026-02-21T07:15:44.5212340-05:00" endTime="2026-02-21T07:15:44.5216195-05:00" testType="13cdc9d9-ddb5-4fa4-a97d-d965ccfc6d4b" outcome="Passed" testListId="8c84fa94-04c1-424b-9868-57a2d4851a1d" relativeResultsDirectory="05ce7772-c603-4346-866c-83f6ee39035d" />
    <UnitTestResult executionId="1fe97c7e-373b-4d1d-9e22-faa456ca1e2f" testId="84ed8c95-4b7a-1889-e3d2-54b815f17cea" testName="ManualOverride_CancelsActiveLogisticsJob_AndDoesNotResumeWhenCleared" computerName="HOME" duration="00:00:00.0114700" startTime="2026-02-21T07:15:44.4825768-05:00" endTime="2026-02-21T07:15:44.4940470-05:00" testType="13cdc9d9-ddb5-4fa4-a97d-d965ccfc6d4b" outcome="Passed" testListId="8c84fa94-04c1-424b-9868-57a2d4851a1d" relativeResultsDirectory="1fe97c7e-373b-4d1d-9e22-faa456ca1e2f" />
    <UnitTestResult executionId="8b85dd02-67dd-46ec-88d8-8d0fe00a6f9e" testId="d78d3c06-2886-7fef-301b-969b2fea4581" testName="SimCore_MustNotUse_SystemIO_ForRuntimeFileAccess" computerName="HOME" duration="00:00:00.0060080" startTime="2026-02-21T07:15:43.5623068-05:00" endTime="2026-02-21T07:15:43.5683144-05:00" testType="13cdc9d9-ddb5-4fa4-a97d-d965ccfc6d4b" outcome="Passed" testListId="8c84fa94-04c1-424b-9868-57a2d4851a1d" relativeResultsDirectory="8b85dd02-67dd-46ec-88d8-8d0fe00a6f9e" />
    <UnitTestResult executionId="2f6dc3f5-4b4c-4712-8cbc-15f2142c0dde" testId="83d8e03f-1017-5332-356c-3f070a3bb76c" testName="FactionSeeding_Report_IsDeterministic_AndDiffsAcrossSeeds" computerName="HOME" duration="00:00:00.0044510" startTime="2026-02-21T07:15:40.3288965-05:00" endTime="2026-02-21T07:15:40.3333472-05:00" testType="13cdc9d9-ddb5-4fa4-a97d-d965ccfc6d4b" outcome="Passed" testListId="8c84fa94-04c1-424b-9868-57a2d4851a1d" relativeResultsDirectory="2f6dc3f5-4b4c-4712-8cbc-15f2142c0dde" />
    <UnitTestResult executionId="98921682-2388-4ca2-a172-a11f952cd65f" testId="f303766c-d899-bd2a-93a5-4a4d0bff73c6" testName="SaveLoad_ProgramsPersist_PendingIntentsDiscarded" computerName="HOME" duration="00:00:00.0025840" startTime="2026-02-21T07:15:43.6371620-05:00" endTime="2026-02-21T07:15:43.6397456-05:00" testType="13cdc9d9-ddb5-4fa4-a97d-d965ccfc6d4b" outcome="Passed" testListId="8c84fa94-04c1-424b-9868-57a2d4851a1d" relativeResultsDirectory="98921682-2388-4ca2-a172-a11f952cd65f" />
    <UnitTestResult executionId="e7637bb4-8c78-4fd3-a38d-e940bb3b6a05" testId="cdc6c1ae-297c-5cb1-730b-8469780bdb6c" testName="RemoteIntel_RemainsStale_WhenTruthChanges_UntilReobserved" computerName="HOME" duration="00:00:00.0002360" startTime="2026-02-21T07:15:44.5058555-05:00" endTime="2026-02-21T07:15:44.5060911-05:00" testType="13cdc9d9-ddb5-4fa4-a97d-d965ccfc6d4b" outcome="Passed" testListId="8c84fa94-04c1-424b-9868-57a2d4851a1d" relativeResultsDirectory="e7637bb4-8c78-4fd3-a38d-e940bb3b6a05" />
    <UnitTestResult executionId="34905445-0ceb-48eb-8dbb-c2c8fcf2ba6a" testId="43f7b81a-62af-1131-613b-7247bb592514" testName="RouteChosenEvent_IsSchemaBound" computerName="HOME" duration="00:00:00.0002430" startTime="2026-02-21T07:15:44.5249865-05:00" endTime="2026-02-21T07:15:44.5252291-05:00" testType="13cdc9d9-ddb5-4fa4-a97d-d965ccfc6d4b" outcome="Passed" testListId="8c84fa94-04c1-424b-9868-57a2d4851a1d" relativeResultsDirectory="34905445-0ceb-48eb-8dbb-c2c8fcf2ba6a" />
    <UnitTestResult executionId="acd5c73f-a30c-4941-b991-909f656632e5" testId="649c45f1-ad0f-13f6-cd93-4dd855223cde" testName="SustainmentReport_Computes_Margin_And_Times_Deterministically" computerName="HOME" duration="00:00:00.0034340" startTime="2026-02-21T07:15:44.4598980-05:00" endTime="2026-02-21T07:15:44.4633324-05:00" testType="13cdc9d9-ddb5-4fa4-a97d-d965ccfc6d4b" outcome="Passed" testListId="8c84fa94-04c1-424b-9868-57a2d4851a1d" relativeResultsDirectory="acd5c73f-a30c-4941-b991-909f656632e5" />
    <UnitTestResult executionId="796c26a9-f1db-478e-af22-a798fbcdfddf" testId="0d05c884-8e0d-ac6b-0e52-1c42949745e9" testName="MidPrice_HighSupply_IsLowerThanBase" computerName="HOME" duration="00:00:00.0003050" startTime="2026-02-21T07:15:43.5797081-05:00" endTime="2026-02-21T07:15:43.5800131-05:00" testType="13cdc9d9-ddb5-4fa4-a97d-d965ccfc6d4b" outcome="Passed" testListId="8c84fa94-04c1-424b-9868-57a2d4851a1d" relativeResultsDirectory="796c26a9-f1db-478e-af22-a798fbcdfddf" />
    <UnitTestResult executionId="bffc8a78-675c-44c4-99ca-6deb9e3e518e" testId="41c5cc8c-dbdb-5180-a462-5acd42bd8826" testName="PROG_EXEC_001_program_system_emits_intents_only" computerName="HOME" duration="00:00:00.0006890" startTime="2026-02-21T07:15:43.6062910-05:00" endTime="2026-02-21T07:15:43.6069796-05:00" testType="13cdc9d9-ddb5-4fa4-a97d-d965ccfc6d4b" outcome="Passed" testListId="8c84fa94-04c1-424b-9868-57a2d4851a1d" relativeResultsDirectory="bffc8a78-675c-44c4-99ca-6deb9e3e518e" />
    <UnitTestResult executionId="2a152483-d0b8-4b9d-9bda-edcbd95ae29c" testId="e4d8b1fd-8792-9ea4-b08a-25674d31ced2" testName="MidPrice_LowSupply_IsHigherThanBase" computerName="HOME" duration="00:00:00.0001090" startTime="2026-02-21T07:15:43.5800404-05:00" endTime="2026-02-21T07:15:43.5801497-05:00" testType="13cdc9d9-ddb5-4fa4-a97d-d965ccfc6d4b" outcome="Passed" testListId="8c84fa94-04c1-424b-9868-57a2d4851a1d" relativeResultsDirectory="2a152483-d0b8-4b9d-9bda-edcbd95ae29c" />
    <UnitTestResult executionId="f92944ff-10f9-42e1-aae0-a9455f8af7d0" testId="75377a2f-35a9-38bd-ec2d-64eaff988dd5" testName="LogisticsSystem_Process_MayEnqueueIntents_But_MutationsOccurOnlyWhenIntentSystemProcesses" computerName="HOME" duration="00:00:00.0005109" startTime="2026-02-21T07:15:44.4584108-05:00" endTime="2026-02-21T07:15:44.4589213-05:00" testType="13cdc9d9-ddb5-4fa4-a97d-d965ccfc6d4b" outcome="Passed" testListId="8c84fa94-04c1-424b-9868-57a2d4851a1d" relativeResultsDirectory="f92944ff-10f9-42e1-aae0-a9455f8af7d0" />
    <UnitTestResult executionId="b0fd2d02-17e1-4bf9-a738-d1f07111d6bf" testId="7c4fd7a0-5368-214c-036e-e2c47d2b18a2" testName="PublishedPrices_Initialize_AndRemainStable_WithinWindow" computerName="HOME" duration="00:00:00.0001610" startTime="2026-02-21T07:15:44.5238991-05:00" endTime="2026-02-21T07:15:44.5240602-05:00" testType="13cdc9d9-ddb5-4fa4-a97d-d965ccfc6d4b" outcome="Passed" testListId="8c84fa94-04c1-424b-9868-57a2d4851a1d" relativeResultsDirectory="b0fd2d02-17e1-4bf9-a738-d1f07111d6bf" />
    <UnitTestResult executionId="b6fcfb43-7927-4281-bac9-1641fe13e86e" testId="49030e73-f588-c16c-7fb8-d7a46cac1829" testName="SeedExplorer_V0_ConfigOverrides_Are_ByteForByte_Deterministic" computerName="HOME" duration="00:00:00.0129070" startTime="2026-02-21T07:15:40.3011824-05:00" endTime="2026-02-21T07:15:40.3140891-05:00" testType="13cdc9d9-ddb5-4fa4-a97d-d965ccfc6d4b" outcome="Passed" testListId="8c84fa94-04c1-424b-9868-57a2d4851a1d" relativeResultsDirectory="b6fcfb43-7927-4281-bac9-1641fe13e86e" />
    <UnitTestResult executionId="b89bedc0-582a-466c-96fb-12f0adadae06" testId="b522f372-e6c3-56bd-afd5-4088da814f4e" testName="LongRun_10000Ticks_Matches_Golden" computerName="HOME" duration="00:00:27.7813320" startTime="2026-02-21T07:14:49.5913762-05:00" endTime="2026-02-21T07:15:17.3727070-05:00" testType="13cdc9d9-ddb5-4fa4-a97d-d965ccfc6d4b" outcome="Passed" testListId="8c84fa94-04c1-424b-9868-57a2d4851a1d" relativeResultsDirectory="b89bedc0-582a-466c-96fb-12f0adadae06">
      <Output>
        <StdOut>LongRun Seed: 42 (override via STE_LONGRUN_SEED)&#xD;
LongRun Ticks: 10000&#xD;
LongRun Checkpoints: 0,1000,5000,10000&#xD;
Genesis Hash A: E40FF89C0EFD88A58B46153FBEE14F81C8F1AAA9419153A3C04AE6A6FC5F21D9&#xD;
Final   Hash A: 054FA896B4895DE1C7E84666979E746ECC36A9D53D27B57F0D56ADA2B29AF610&#xD;
Checkpoint[A] tick=0: E40FF89C0EFD88A58B46153FBEE14F81C8F1AAA9419153A3C04AE6A6FC5F21D9&#xD;
Checkpoint[A] tick=1000: F1A71B987B47C9E9071D72AAAAB99A22A7E61F67ED080184AA4BA8E9FABDC386&#xD;
Checkpoint[A] tick=5000: 33E7E234167B8D813E052953525BB8EF41D546B2327F9151D267270B1902B1F9&#xD;
Checkpoint[A] tick=10000: 054FA896B4895DE1C7E84666979E746ECC36A9D53D27B57F0D56ADA2B29AF610&#xD;
Genesis Hash B: E40FF89C0EFD88A58B46153FBEE14F81C8F1AAA9419153A3C04AE6A6FC5F21D9&#xD;
Final   Hash B: 054FA896B4895DE1C7E84666979E746ECC36A9D53D27B57F0D56ADA2B29AF610&#xD;
Checkpoint[B] tick=0: E40FF89C0EFD88A58B46153FBEE14F81C8F1AAA9419153A3C04AE6A6FC5F21D9&#xD;
Checkpoint[B] tick=1000: F1A71B987B47C9E9071D72AAAAB99A22A7E61F67ED080184AA4BA8E9FABDC386&#xD;
Checkpoint[B] tick=5000: 33E7E234167B8D813E052953525BB8EF41D546B2327F9151D267270B1902B1F9&#xD;
Checkpoint[B] tick=10000: 054FA896B4895DE1C7E84666979E746ECC36A9D53D27B57F0D56ADA2B29AF610</StdOut>
      </Output>
    </UnitTestResult>
    <UnitTestResult executionId="56bbd6ef-515b-42e9-be27-5d504a2f191f" testId="89804714-ec7c-aeca-abb4-18b9a64df254" testName="DOCTRINE_001_DefaultDoctrine_Exists_HasMax2Toggles_AndIsDeterministic" computerName="HOME" duration="00:00:00.0076350" startTime="2026-02-21T07:15:43.5939220-05:00" endTime="2026-02-21T07:15:43.6015566-05:00" testType="13cdc9d9-ddb5-4fa4-a97d-d965ccfc6d4b" outcome="Passed" testListId="8c84fa94-04c1-424b-9868-57a2d4851a1d" relativeResultsDirectory="56bbd6ef-515b-42e9-be27-5d504a2f191f" />
    <UnitTestResult executionId="3f37f8a4-a75a-48b2-9e8b-946dbeaac556" testId="e9ed0dc3-6138-2eef-aae8-aef162079197" testName="MultiRouteCandidates_OrdersByHopsThenRiskThenRouteId" computerName="HOME" duration="00:00:00.0003220" startTime="2026-02-21T07:15:44.5246515-05:00" endTime="2026-02-21T07:15:44.5249735-05:00" testType="13cdc9d9-ddb5-4fa4-a97d-d965ccfc6d4b" outcome="Passed" testListId="8c84fa94-04c1-424b-9868-57a2d4851a1d" relativeResultsDirectory="3f37f8a4-a75a-48b2-9e8b-946dbeaac556" />
    <UnitTestResult executionId="8aaf19f5-3cb7-4f06-a7bd-c319292336c7" testId="c1de620b-395b-1fb7-de24-f7a1e0640154" testName="Multiple_Arrivals_Same_Tick_Process_In_Stable_Order" computerName="HOME" duration="00:00:00.0001780" startTime="2026-02-21T07:15:44.5148159-05:00" endTime="2026-02-21T07:15:44.5149935-05:00" testType="13cdc9d9-ddb5-4fa4-a97d-d965ccfc6d4b" outcome="Passed" testListId="8c84fa94-04c1-424b-9868-57a2d4851a1d" relativeResultsDirectory="8aaf19f5-3cb7-4f06-a7bd-c319292336c7" />
    <UnitTestResult executionId="ceda77b0-11f5-4837-8fe8-5b072856cbb7" testId="19ce99b2-40a3-121f-febe-2a2911535f00" testName="FLEET_001_survives_save_load_without_signature_change" computerName="HOME" duration="00:00:00.0005780" startTime="2026-02-21T07:15:43.6022227-05:00" endTime="2026-02-21T07:15:43.6028007-05:00" testType="13cdc9d9-ddb5-4fa4-a97d-d965ccfc6d4b" outcome="Passed" testListId="8c84fa94-04c1-424b-9868-57a2d4851a1d" relativeResultsDirectory="ceda77b0-11f5-4837-8fe8-5b072856cbb7" />
    <UnitTestResult executionId="8a15ffb9-26cb-4005-a751-f75f8a46df3d" testId="58fd4c81-7955-949c-5e77-9bd65f115ccf" testName="Fleet_CanTravel_BetweenConnectedNodes" computerName="HOME" duration="00:00:00.0007200" startTime="2026-02-21T07:15:43.5930840-05:00" endTime="2026-02-21T07:15:43.5938037-05:00" testType="13cdc9d9-ddb5-4fa4-a97d-d965ccfc6d4b" outcome="Passed" testListId="8c84fa94-04c1-424b-9868-57a2d4851a1d" relativeResultsDirectory="8a15ffb9-26cb-4005-a751-f75f8a46df3d" />
    <UnitTestResult executionId="a002faed-8f67-4ed7-9814-cf8786f866df" testId="2fbb7063-a208-9457-f84c-6ceb2b54cd87" testName="PlanLogistics_CreatesRouteAwareJob_Deterministically" computerName="HOME" duration="00:00:00.0009840" startTime="2026-02-21T07:15:44.5174979-05:00" endTime="2026-02-21T07:15:44.5184819-05:00" testType="13cdc9d9-ddb5-4fa4-a97d-d965ccfc6d4b" outcome="Passed" testListId="8c84fa94-04c1-424b-9868-57a2d4851a1d" relativeResultsDirectory="a002faed-8f67-4ed7-9814-cf8786f866df" />
    <UnitTestResult executionId="15cb2dcf-77b6-456c-b37d-e3bb8cbdda37" testId="6f692b4e-054a-5bc9-b9bb-e8b4a810b875" testName="RemoteIntel_IsUnknown_WhenNeverObserved" computerName="HOME" duration="00:00:00.0001270" startTime="2026-02-21T07:15:44.5057188-05:00" endTime="2026-02-21T07:15:44.5058453-05:00" testType="13cdc9d9-ddb5-4fa4-a97d-d965ccfc6d4b" outcome="Passed" testListId="8c84fa94-04c1-424b-9868-57a2d4851a1d" relativeResultsDirectory="15cb2dcf-77b6-456c-b37d-e3bb8cbdda37" />
    <UnitTestResult executionId="c09eda1f-faa4-4c08-a7b8-6e88d23beeff" testId="b883516b-c285-28e3-c3e2-fb020fa763b5" testName="FleetTravelsOneEdgePerTickFollowingPlannedRoute" computerName="HOME" duration="00:00:00.0006110" startTime="2026-02-21T07:15:44.5025278-05:00" endTime="2026-02-21T07:15:44.5031389-05:00" testType="13cdc9d9-ddb5-4fa4-a97d-d965ccfc6d4b" outcome="Passed" testListId="8c84fa94-04c1-424b-9868-57a2d4851a1d" relativeResultsDirectory="c09eda1f-faa4-4c08-a7b8-6e88d23beeff" />
    <UnitTestResult executionId="09efff15-f3bc-45d8-a245-3854b759f4b7" testId="44c3c029-785c-3e9c-87ae-e450fb77e37d" testName="BufferTarget_Scales_Linearly_With_Days" computerName="HOME" duration="00:00:00.0001310" startTime="2026-02-21T07:15:44.4521003-05:00" endTime="2026-02-21T07:15:44.4522311-05:00" testType="13cdc9d9-ddb5-4fa4-a97d-d965ccfc6d4b" outcome="Passed" testListId="8c84fa94-04c1-424b-9868-57a2d4851a1d" relativeResultsDirectory="09efff15-f3bc-45d8-a245-3854b759f4b7" />
    <UnitTestResult executionId="079dd367-efe9-4036-a659-55250612e68b" testId="cd17e1d7-bfb8-b528-4a3d-6f1c643b2034" testName="Program_LongRun_FinalSignature_IsDeterministic" computerName="HOME" duration="00:00:00.0020960" startTime="2026-02-21T07:15:40.3244803-05:00" endTime="2026-02-21T07:15:40.3265757-05:00" testType="13cdc9d9-ddb5-4fa4-a97d-d965ccfc6d4b" outcome="Passed" testListId="8c84fa94-04c1-424b-9868-57a2d4851a1d" relativeResultsDirectory="079dd367-efe9-4036-a659-55250612e68b" />
    <UnitTestResult executionId="4479b2b5-f0c6-4922-b60c-0abd301f2276" testId="8cf1dbbd-4506-f5dd-ac4d-cd27d5258730" testName="Containment_ClampsTrace_ToZero" computerName="HOME" duration="00:00:00.0070120" startTime="2026-02-21T07:14:49.4561652-05:00" endTime="2026-02-21T07:14:49.4631365-05:00" testType="13cdc9d9-ddb5-4fa4-a97d-d965ccfc6d4b" outcome="Passed" testListId="8c84fa94-04c1-424b-9868-57a2d4851a1d" relativeResultsDirectory="4479b2b5-f0c6-4922-b60c-0abd301f2276" />
    <UnitTestResult executionId="481da1aa-a948-414f-90c6-ef059a9358ad" testId="08e87e66-8f8f-5ce1-82f0-d307d04ebe93" testName="SaveLoad_RoundTrip_Preserves_ManualOverrideNodeId_Exactly" computerName="HOME" duration="00:00:00.0092730" startTime="2026-02-21T07:15:43.6180902-05:00" endTime="2026-02-21T07:15:43.6273627-05:00" testType="13cdc9d9-ddb5-4fa4-a97d-d965ccfc6d4b" outcome="Passed" testListId="8c84fa94-04c1-424b-9868-57a2d4851a1d" relativeResultsDirectory="481da1aa-a948-414f-90c6-ef059a9358ad" />
    <UnitTestResult executionId="c32793a5-58e6-4f62-82be-90cf83afd62e" testId="d257707c-5abe-1a0c-ba75-f976b8691219" testName="SaveLoad_RoundTrip_Preserves_OverrideDrivenRouting_Intention" computerName="HOME" duration="00:00:00.0096600" startTime="2026-02-21T07:15:43.6273854-05:00" endTime="2026-02-21T07:15:43.6370455-05:00" testType="13cdc9d9-ddb5-4fa4-a97d-d965ccfc6d4b" outcome="Passed" testListId="8c84fa94-04c1-424b-9868-57a2d4851a1d" relativeResultsDirectory="c32793a5-58e6-4f62-82be-90cf83afd62e" />
    <UnitTestResult executionId="5bc77a5a-f419-4c54-835a-0c869d11e31e" testId="e10f67d3-f4b6-69ad-4b74-17df096ad80f" testName="WorldgenDistributionBounds_StarterGoods_EachHasProducerAndSink_Over100Seeds_AndEmitsDeterministicReport" computerName="HOME" duration="00:00:00.0123550" startTime="2026-02-21T07:15:43.5805337-05:00" endTime="2026-02-21T07:15:43.5928881-05:00" testType="13cdc9d9-ddb5-4fa4-a97d-d965ccfc6d4b" outcome="Passed" testListId="8c84fa94-04c1-424b-9868-57a2d4851a1d" relativeResultsDirectory="5bc77a5a-f419-4c54-835a-0c869d11e31e" />
    <UnitTestResult executionId="12a9fad1-ea12-4554-aa19-954194ff5510" testId="7f82ca3e-e4ab-89fa-a5d2-ae1ac6f29f90" testName="Remove_To_Zero_Market_Preserves_Zero_Key" computerName="HOME" duration="00:00:00.0000590" startTime="2026-02-21T07:15:44.5063404-05:00" endTime="2026-02-21T07:15:44.5063995-05:00" testType="13cdc9d9-ddb5-4fa4-a97d-d965ccfc6d4b" outcome="Passed" testListId="8c84fa94-04c1-424b-9868-57a2d4851a1d" relativeResultsDirectory="12a9fad1-ea12-4554-aa19-954194ff5510" />
    <UnitTestResult executionId="0d65711b-cc42-40fc-868d-ebb9d902c499" testId="b3d2af46-855b-10e8-94de-0899444e045b" testName="Execution_IsDeterministicAcrossFreshRuns" computerName="HOME" duration="00:00:00.0004580" startTime="2026-02-21T07:15:44.5191521-05:00" endTime="2026-02-21T07:15:44.5196100-05:00" testType="13cdc9d9-ddb5-4fa4-a97d-d965ccfc6d4b" outcome="Passed" testListId="8c84fa94-04c1-424b-9868-57a2d4851a1d" relativeResultsDirectory="0d65711b-cc42-40fc-868d-ebb9d902c499" />
    <UnitTestResult executionId="a8a03e3d-70ea-49ac-888a-77a178fa7dc3" testId="05f407ee-0631-8e59-695b-f8592de585ea" testName="FleetRoles_RouteChoice_IsDeterministic_EmitsSchemaBoundEvent_AndPersistsThroughSaveLoad" computerName="HOME" duration="00:00:00.0184180" startTime="2026-02-21T07:15:44.4641307-05:00" endTime="2026-02-21T07:15:44.4825485-05:00" testType="13cdc9d9-ddb5-4fa4-a97d-d965ccfc6d4b" outcome="Passed" testListId="8c84fa94-04c1-424b-9868-57a2d4851a1d" relativeResultsDirectory="a8a03e3d-70ea-49ac-888a-77a178fa7dc3" />
    <UnitTestResult executionId="954ec6f0-d072-4d44-b54b-ac6ae802b2fb" testId="4c6c3d6d-d9d9-c512-a1da-351dba3f0f92" testName="Generation_CreatesValidMarkets_WithGoods" computerName="HOME" duration="00:00:00.0002320" startTime="2026-02-21T07:15:40.3333653-05:00" endTime="2026-02-21T07:15:40.3335976-05:00" testType="13cdc9d9-ddb5-4fa4-a97d-d965ccfc6d4b" outcome="Passed" testListId="8c84fa94-04c1-424b-9868-57a2d4851a1d" relativeResultsDirectory="954ec6f0-d072-4d44-b54b-ac6ae802b2fb" />
    <UnitTestResult executionId="5db945e6-15ee-481c-82ef-32050d823948" testId="980de98a-18c8-4be7-769b-4d43dac71aed" testName="EqualHopEqualRisk_TieBreaksByRouteId" computerName="HOME" duration="00:00:00.0003690" startTime="2026-02-21T07:15:44.5242686-05:00" endTime="2026-02-21T07:15:44.5246374-05:00" testType="13cdc9d9-ddb5-4fa4-a97d-d965ccfc6d4b" outcome="Passed" testListId="8c84fa94-04c1-424b-9868-57a2d4851a1d" relativeResultsDirectory="5db945e6-15ee-481c-82ef-32050d823948" />
    <UnitTestResult executionId="e486135f-5a7f-41b9-b8ed-a2a37757b7bc" testId="e774b232-1dc1-0f5f-77c3-83121c6990db" testName="World001_Loads_WithExpectedCounts_AndStableIds" computerName="HOME" duration="00:00:00.0007410" startTime="2026-02-21T07:15:44.5344770-05:00" endTime="2026-02-21T07:15:44.5352176-05:00" testType="13cdc9d9-ddb5-4fa4-a97d-d965ccfc6d4b" outcome="Passed" testListId="8c84fa94-04c1-424b-9868-57a2d4851a1d" relativeResultsDirectory="e486135f-5a7f-41b9-b8ed-a2a37757b7bc" />
    <UnitTestResult executionId="a70b77a3-ff5d-4e3f-a4fb-d7a1e60ee401" testId="be65777f-d6ce-d21e-bf58-6916be1920c5" testName="Enqueue_Debits_Source_Immediately_And_Arrives_After_CeilDistance_Ticks" computerName="HOME" duration="00:00:00.0002200" startTime="2026-02-21T07:15:44.5142791-05:00" endTime="2026-02-21T07:15:44.5144989-05:00" testType="13cdc9d9-ddb5-4fa4-a97d-d965ccfc6d4b" outcome="Passed" testListId="8c84fa94-04c1-424b-9868-57a2d4851a1d" relativeResultsDirectory="a70b77a3-ff5d-4e3f-a4fb-d7a1e60ee401" />
    <UnitTestResult executionId="efb660d3-af7d-44d7-947c-7e83a7c05aae" testId="b51de1ca-b3ea-9eac-fa0d-b3e4a00db978" testName="PROG_UI_001_manual_override_job_cancel_emits_event_and_pauses_programs" computerName="HOME" duration="00:00:00.0005040" startTime="2026-02-21T07:15:43.6087115-05:00" endTime="2026-02-21T07:15:43.6092151-05:00" testType="13cdc9d9-ddb5-4fa4-a97d-d965ccfc6d4b" outcome="Passed" testListId="8c84fa94-04c1-424b-9868-57a2d4851a1d" relativeResultsDirectory="efb660d3-af7d-44d7-947c-7e83a7c05aae" />
    <UnitTestResult executionId="0b467aea-ad2c-4f49-ab7b-865eca617fcd" testId="4927cf3c-0fe2-5631-c9ee-851977ff9fc1" testName="FLEET_001_is_deterministic_by_signature" computerName="HOME" duration="00:00:00.0002920" startTime="2026-02-21T07:15:43.6016818-05:00" endTime="2026-02-21T07:15:43.6019740-05:00" testType="13cdc9d9-ddb5-4fa4-a97d-d965ccfc6d4b" outcome="Passed" testListId="8c84fa94-04c1-424b-9868-57a2d4851a1d" relativeResultsDirectory="0b467aea-ad2c-4f49-ab7b-865eca617fcd" />
    <UnitTestResult executionId="14cd6735-8a79-40ea-b0e9-6688606e52c9" testId="15d11c10-1eb9-8c16-933b-6a766c0809d4" testName="PROG_001_program_schema_file_exists_and_is_json" computerName="HOME" duration="00:00:00.0011220" startTime="2026-02-21T07:15:43.6051532-05:00" endTime="2026-02-21T07:15:43.6062751-05:00" testType="13cdc9d9-ddb5-4fa4-a97d-d965ccfc6d4b" outcome="Passed" testListId="8c84fa94-04c1-424b-9868-57a2d4851a1d" relativeResultsDirectory="14cd6735-8a79-40ea-b0e9-6688606e52c9" />
    <UnitTestResult executionId="614741a0-c16d-428c-aa6a-0488efb77d6e" testId="7c479528-6e0e-5587-048c-31be72a34d84" testName="CapacityScarcity_MultiTransfer_Overflow_IsStableAcrossTicks_And_PerTransferRemaindersAreDeterministic" computerName="HOME" duration="00:00:00.0076980" startTime="2026-02-21T07:15:44.5065648-05:00" endTime="2026-02-21T07:15:44.5142628-05:00" testType="13cdc9d9-ddb5-4fa4-a97d-d965ccfc6d4b" outcome="Passed" testListId="8c84fa94-04c1-424b-9868-57a2d4851a1d" relativeResultsDirectory="614741a0-c16d-428c-aa6a-0488efb77d6e" />
    <UnitTestResult executionId="a28eb85f-2afe-49bf-bd11-8ffc6e0a7de7" testId="9c0a4bac-e37b-6e5f-071e-9be8ea0c0e89" testName="BufferTarget_Scales_Linearly_With_PerTick_Input" computerName="HOME" duration="00:00:00.0001290" startTime="2026-02-21T07:15:44.4522371-05:00" endTime="2026-02-21T07:15:44.4523659-05:00" testType="13cdc9d9-ddb5-4fa4-a97d-d965ccfc6d4b" outcome="Passed" testListId="8c84fa94-04c1-424b-9868-57a2d4851a1d" relativeResultsDirectory="a28eb85f-2afe-49bf-bd11-8ffc6e0a7de7" />
    <UnitTestResult executionId="42deaca4-1450-4c0f-ad2b-b4bbcfeafb9b" testId="c912fbcb-9c76-36e4-0439-a05baa70e6dd" testName="Logistics_AssignsJob_WhenShortageExists" computerName="HOME" duration="00:00:00.0010529" startTime="2026-02-21T07:15:43.5684781-05:00" endTime="2026-02-21T07:15:43.5695311-05:00" testType="13cdc9d9-ddb5-4fa4-a97d-d965ccfc6d4b" outcome="Passed" testListId="8c84fa94-04c1-424b-9868-57a2d4851a1d" relativeResultsDirectory="42deaca4-1450-4c0f-ad2b-b4bbcfeafb9b" />
    <UnitTestResult executionId="fbea2da4-9f7d-49f1-b897-1ce29560cdbb" testId="5198fbed-30db-1138-c246-1b2481c8f2c7" testName="LogisticsJob_ExecutesPickupAndDelivery_ExactlyOnce" computerName="HOME" duration="00:00:00.0005140" startTime="2026-02-21T07:15:44.5185666-05:00" endTime="2026-02-21T07:15:44.5190800-05:00" testType="13cdc9d9-ddb5-4fa4-a97d-d965ccfc6d4b" outcome="Passed" testListId="8c84fa94-04c1-424b-9868-57a2d4851a1d" relativeResultsDirectory="fbea2da4-9f7d-49f1-b897-1ce29560cdbb" />
    <UnitTestResult executionId="2835ab9d-5870-433d-86eb-bad4c8a933af" testId="ec5c371e-cf9b-110e-550a-252812f8c077" testName="LogisticsEvents_AreSchemaBound_AndDeterministicAcrossFreshRuns" computerName="HOME" duration="00:00:00.0018040" startTime="2026-02-21T07:15:44.5156066-05:00" endTime="2026-02-21T07:15:44.5174100-05:00" testType="13cdc9d9-ddb5-4fa4-a97d-d965ccfc6d4b" outcome="Passed" testListId="8c84fa94-04c1-424b-9868-57a2d4851a1d" relativeResultsDirectory="2835ab9d-5870-433d-86eb-bad4c8a933af" />
    <UnitTestResult executionId="8f849687-498b-4387-b585-b9923e60c5b9" testId="83a9ee42-b5e6-5a45-8b4c-404d4d08f217" testName="Spread_BuyPrice_IsGreaterThan_SellPrice" computerName="HOME" duration="00:00:00.0001000" startTime="2026-02-21T07:15:43.5804287-05:00" endTime="2026-02-21T07:15:43.5805283-05:00" testType="13cdc9d9-ddb5-4fa4-a97d-d965ccfc6d4b" outcome="Passed" testListId="8c84fa94-04c1-424b-9868-57a2d4851a1d" relativeResultsDirectory="8f849687-498b-4387-b585-b9923e60c5b9" />
    <UnitTestResult executionId="e8e9e152-44c5-46c9-a1d8-6a5875a0f001" testId="6205d599-13ba-e649-cd45-37cfdbb233e1" testName="QUOTE_001_request_plus_snapshot_produces_deterministic_schema_bound_quote_against_golden" computerName="HOME" duration="00:00:00.0042440" startTime="2026-02-21T07:15:43.6092852-05:00" endTime="2026-02-21T07:15:43.6135287-05:00" testType="13cdc9d9-ddb5-4fa4-a97d-d965ccfc6d4b" outcome="Passed" testListId="8c84fa94-04c1-424b-9868-57a2d4851a1d" relativeResultsDirectory="e8e9e152-44c5-46c9-a1d8-6a5875a0f001" />
    <UnitTestResult executionId="042075fd-a0af-4458-8215-de5ce1b7efa4" testId="8ad67d0f-d02b-ff27-a75e-0dbe77df061d" testName="SUS_SNAP_001_snapshot_includes_bands_and_they_match_banded_time" computerName="HOME" duration="00:00:00.0009910" startTime="2026-02-21T07:15:44.5262053-05:00" endTime="2026-02-21T07:15:44.5271957-05:00" testType="13cdc9d9-ddb5-4fa4-a97d-d965ccfc6d4b" outcome="Passed" testListId="8c84fa94-04c1-424b-9868-57a2d4851a1d" relativeResultsDirectory="042075fd-a0af-4458-8215-de5ce1b7efa4" />
    <UnitTestResult executionId="72b68234-4271-43e0-96ac-e1ca3992fe2e" testId="3af0ef18-904c-63fb-09b9-7ca5c7f02ae4" testName="Intents_AreProcessed_And_Cleared" computerName="HOME" duration="00:00:00.0005060" startTime="2026-02-21T07:15:43.1208216-05:00" endTime="2026-02-21T07:15:43.1213270-05:00" testType="13cdc9d9-ddb5-4fa4-a97d-d965ccfc6d4b" outcome="Passed" testListId="8c84fa94-04c1-424b-9868-57a2d4851a1d" relativeResultsDirectory="72b68234-4271-43e0-96ac-e1ca3992fe2e" />
    <UnitTestResult executionId="2cd3978c-446f-4bed-aa28-1eb950a51d45" testId="97821e94-461e-d559-b9db-0a7204dc0964" testName="PublishedPrices_Update_OnNextWindowBoundary" computerName="HOME" duration="00:00:00.0001600" startTime="2026-02-21T07:15:44.5240652-05:00" endTime="2026-02-21T07:15:44.5242252-05:00" testType="13cdc9d9-ddb5-4fa4-a97d-d965ccfc6d4b" outcome="Passed" testListId="8c84fa94-04c1-424b-9868-57a2d4851a1d" relativeResultsDirectory="2cd3978c-446f-4bed-aa28-1eb950a51d45" />
    <UnitTestResult executionId="016fea69-9fb4-4a2d-b819-dd49ce2e70b6" testId="5f5beafc-14a7-c032-7b1d-b1c0efc69a6f" testName="RetryUpToNZeroPickupObservations_ThenCancel" computerName="HOME" duration="00:00:00.0003630" startTime="2026-02-21T07:15:44.5222005-05:00" endTime="2026-02-21T07:15:44.5225632-05:00" testType="13cdc9d9-ddb5-4fa4-a97d-d965ccfc6d4b" outcome="Passed" testListId="8c84fa94-04c1-424b-9868-57a2d4851a1d" relativeResultsDirectory="016fea69-9fb4-4a2d-b819-dd49ce2e70b6" />
    <UnitTestResult executionId="c1587530-fa42-4bf3-a279-4383a684d00a" testId="8d5d3d90-524f-5570-bea3-471c83cfcf49" testName="SaveLoad_RoundTrip_Preserves_FleetCargo_Exactly" computerName="HOME" duration="00:00:00.0028780" startTime="2026-02-21T07:15:43.6151293-05:00" endTime="2026-02-21T07:15:43.6180071-05:00" testType="13cdc9d9-ddb5-4fa4-a97d-d965ccfc6d4b" outcome="Passed" testListId="8c84fa94-04c1-424b-9868-57a2d4851a1d" relativeResultsDirectory="c1587530-fa42-4bf3-a279-4383a684d00a" />
    <UnitTestResult executionId="31f0be2e-825e-4c3b-a24d-a473d2bfb804" testId="0355c27c-ca81-6bc9-4a1f-ee533f24f6ee" testName="PartialPickup_IsDeterministicAcrossFreshRuns" computerName="HOME" duration="00:00:00.0002330" startTime="2026-02-21T07:15:44.5202953-05:00" endTime="2026-02-21T07:15:44.5205277-05:00" testType="13cdc9d9-ddb5-4fa4-a97d-d965ccfc6d4b" outcome="Passed" testListId="8c84fa94-04c1-424b-9868-57a2d4851a1d" relativeResultsDirectory="31f0be2e-825e-4c3b-a24d-a473d2bfb804" />
    <UnitTestResult executionId="cfdfc015-59fc-47ea-aad2-fec766b6100f" testId="a9efb629-0b99-8f53-a02b-c0ab88233a52" testName="Reservation_Behavior_IsDeterministic_AcrossFreshRuns" computerName="HOME" duration="00:00:00.0006210" startTime="2026-02-21T07:15:44.5205984-05:00" endTime="2026-02-21T07:15:44.5212191-05:00" testType="13cdc9d9-ddb5-4fa4-a97d-d965ccfc6d4b" outcome="Passed" testListId="8c84fa94-04c1-424b-9868-57a2d4851a1d" relativeResultsDirectory="cfdfc015-59fc-47ea-aad2-fec766b6100f" />
    <UnitTestResult executionId="08de8a5e-a47b-402c-8886-10e4af6d567f" testId="cab6ea2e-853f-e9cc-73f0-1fd5eaf2e39c" testName="World001_IsDeterministic_BySignature" computerName="HOME" duration="00:00:00.0055990" startTime="2026-02-21T07:15:44.5288588-05:00" endTime="2026-02-21T07:15:44.5344569-05:00" testType="13cdc9d9-ddb5-4fa4-a97d-d965ccfc6d4b" outcome="Passed" testListId="8c84fa94-04c1-424b-9868-57a2d4851a1d" relativeResultsDirectory="08de8a5e-a47b-402c-8886-10e4af6d567f" />
    <UnitTestResult executionId="afceb721-a6fc-4b26-8993-5be5a0f1675a" testId="dac1168d-2cb6-067b-64d1-1be9698be60c" testName="PerfBudget_Slice3_V0_BudgetGuard_FailsWhenExceeded" computerName="HOME" duration="00:00:00.0195890" startTime="2026-02-21T07:15:40.2815583-05:00" endTime="2026-02-21T07:15:40.3011464-05:00" testType="13cdc9d9-ddb5-4fa4-a97d-d965ccfc6d4b" outcome="Passed" testListId="8c84fa94-04c1-424b-9868-57a2d4851a1d" relativeResultsDirectory="afceb721-a6fc-4b26-8993-5be5a0f1675a" />
    <UnitTestResult executionId="9acc2d50-9246-46e1-9660-89a134b26ab8" testId="c4bc9732-0b25-efe8-0dac-b5b02d64cd89" testName="PlannedJob_ExecutesPickupAndDelivery_ExactlyOnce" computerName="HOME" duration="00:00:00.0002150" startTime="2026-02-21T07:15:44.5196246-05:00" endTime="2026-02-21T07:15:44.5198396-05:00" testType="13cdc9d9-ddb5-4fa4-a97d-d965ccfc6d4b" outcome="Passed" testListId="8c84fa94-04c1-424b-9868-57a2d4851a1d" relativeResultsDirectory="9acc2d50-9246-46e1-9660-89a134b26ab8" />
    <UnitTestResult executionId="dc4feefc-c40e-4c69-9c04-303b5e160a40" testId="fb10ec80-fd0a-bc1e-45f1-e0bce7f34f8f" testName="CancelJob_ClearsJobRouteAndTask_Deterministically" computerName="HOME" duration="00:00:00.0043840" startTime="2026-02-21T07:15:44.4941905-05:00" endTime="2026-02-21T07:15:44.4985740-05:00" testType="13cdc9d9-ddb5-4fa4-a97d-d965ccfc6d4b" outcome="Passed" testListId="8c84fa94-04c1-424b-9868-57a2d4851a1d" relativeResultsDirectory="dc4feefc-c40e-4c69-9c04-303b5e160a40" />
    <UnitTestResult executionId="dffa9232-ff57-4774-97d6-2246c818b070" testId="6c43bcb5-6882-c05c-7f39-8fb5db3657a5" testName="Transfer_IsDeterministic_ForSameInputs" computerName="HOME" duration="00:00:00.0004390" startTime="2026-02-21T07:15:44.5230741-05:00" endTime="2026-02-21T07:15:44.5235126-05:00" testType="13cdc9d9-ddb5-4fa4-a97d-d965ccfc6d4b" outcome="Passed" testListId="8c84fa94-04c1-424b-9868-57a2d4851a1d" relativeResultsDirectory="dffa9232-ff57-4774-97d6-2246c818b070" />
    <UnitTestResult executionId="c9abcf0f-2cdd-4663-979a-b8330ccd5f90" testId="f01fb897-1409-3ef0-b33b-0f3cdd76e8c9" testName="PartialPickup_DeliversOnlyWhatWasLoaded" computerName="HOME" duration="00:00:00.0003810" startTime="2026-02-21T07:15:44.5199071-05:00" endTime="2026-02-21T07:15:44.5202879-05:00" testType="13cdc9d9-ddb5-4fa4-a97d-d965ccfc6d4b" outcome="Passed" testListId="8c84fa94-04c1-424b-9868-57a2d4851a1d" relativeResultsDirectory="c9abcf0f-2cdd-4663-979a-b8330ccd5f90" />
    <UnitTestResult executionId="58171406-949f-4974-988d-7f8d10fac2de" testId="dd29825b-0a13-45bf-bc59-4d11f3b63684" testName="SaveLoad_RoundTrip_Preserves_WorldHash_And_Seed" computerName="HOME" duration="00:00:00.8097040" startTime="2026-02-21T07:15:43.6417745-05:00" endTime="2026-02-21T07:15:44.4514784-05:00" testType="13cdc9d9-ddb5-4fa4-a97d-d965ccfc6d4b" outcome="Passed" testListId="8c84fa94-04c1-424b-9868-57a2d4851a1d" relativeResultsDirectory="58171406-949f-4974-988d-7f8d10fac2de">
      <Output>
        <StdOut>SaveLoad Seed (expected): 123&#xD;
SaveLoad Seed (saved): 123&#xD;
SaveLoad Seed (resaved): 123&#xD;
SaveLoad Before Hash: 0E427955737A6CABB5964F5B94776431DE5E74668962C811C6F6A9D2BEC0BF64&#xD;
SaveLoad After  Hash: 0E427955737A6CABB5964F5B94776431DE5E74668962C811C6F6A9D2BEC0BF64</StdOut>
      </Output>
    </UnitTestResult>
    <UnitTestResult executionId="03d4bd61-d068-4856-8ce5-24bc2cf563b3" testId="fe7e3717-6284-d1b5-c8ba-de43872f1a5f" testName="Industry_PartialProduction_ScalesDown" computerName="HOME" duration="00:00:00.0001240" startTime="2026-02-21T07:15:43.1206244-05:00" endTime="2026-02-21T07:15:43.1207483-05:00" testType="13cdc9d9-ddb5-4fa4-a97d-d965ccfc6d4b" outcome="Passed" testListId="8c84fa94-04c1-424b-9868-57a2d4851a1d" relativeResultsDirectory="03d4bd61-d068-4856-8ce5-24bc2cf563b3" />
    <UnitTestResult executionId="c1d05d22-a7f2-4638-93d4-914b4af9a478" testId="f5c2d853-1481-f87d-6971-6d001e272239" testName="TimeContract_Constants_AreLocked" computerName="HOME" duration="00:00:00.0000670" startTime="2026-02-21T07:15:44.5273789-05:00" endTime="2026-02-21T07:15:44.5274455-05:00" testType="13cdc9d9-ddb5-4fa4-a97d-d965ccfc6d4b" outcome="Passed" testListId="8c84fa94-04c1-424b-9868-57a2d4851a1d" relativeResultsDirectory="c1d05d22-a7f2-4638-93d4-914b4af9a478" />
    <UnitTestResult executionId="653dabe1-7f52-410b-bd09-8999e9b2addd" testId="1ee510b9-84d4-5166-192d-4c98ecb1bb66" testName="IfSupplierRefillsBeforeN_JobRetriesAndCompletes" computerName="HOME" duration="00:00:00.0004800" startTime="2026-02-21T07:15:44.5217065-05:00" endTime="2026-02-21T07:15:44.5221868-05:00" testType="13cdc9d9-ddb5-4fa4-a97d-d965ccfc6d4b" outcome="Passed" testListId="8c84fa94-04c1-424b-9868-57a2d4851a1d" relativeResultsDirectory="653dabe1-7f52-410b-bd09-8999e9b2addd" />
    <UnitTestResult executionId="629bcc44-12bc-416e-978e-71a8e80f15ab" testId="be0cd5fc-107a-20d9-d6b5-cd6d244f0149" testName="MovementSystem_AdvancesProgress_AndArrives" computerName="HOME" duration="00:00:00.0010810" startTime="2026-02-21T07:15:44.5275015-05:00" endTime="2026-02-21T07:15:44.5285819-05:00" testType="13cdc9d9-ddb5-4fa4-a97d-d965ccfc6d4b" outcome="Passed" testListId="8c84fa94-04c1-424b-9868-57a2d4851a1d" relativeResultsDirectory="629bcc44-12bc-416e-978e-71a8e80f15ab" />
    <UnitTestResult executionId="522a49e8-cc60-4ba8-a1e0-6693e4eeec48" testId="fe4d9ece-ac92-7e10-00c6-eb1ede788034" testName="TechSite_With_TwoInputs_Consumes_Both_EachTick_When_Supplied" computerName="HOME" duration="00:00:00.0001789" startTime="2026-02-21T07:15:44.4634030-05:00" endTime="2026-02-21T07:15:44.4635818-05:00" testType="13cdc9d9-ddb5-4fa4-a97d-d965ccfc6d4b" outcome="Passed" testListId="8c84fa94-04c1-424b-9868-57a2d4851a1d" relativeResultsDirectory="522a49e8-cc60-4ba8-a1e0-6693e4eeec48" />
    <UnitTestResult executionId="8015c0ac-6097-40b9-acc2-b870bcf2ea3a" testId="6038105f-7e79-8402-741b-39f30ccbc07b" testName="TwoFleets_UiCommandInterleavings_WithSaveLoadMidSequence_IsDeterministic" computerName="HOME" duration="00:00:00.0813099" startTime="2026-02-21T07:14:49.5064486-05:00" endTime="2026-02-21T07:14:49.5877579-05:00" testType="13cdc9d9-ddb5-4fa4-a97d-d965ccfc6d4b" outcome="Passed" testListId="8c84fa94-04c1-424b-9868-57a2d4851a1d" relativeResultsDirectory="8015c0ac-6097-40b9-acc2-b870bcf2ea3a" />
  </Results>
  <TestDefinitions>
    <UnitTest name="Ledger_Never_Allows_Negative_Inventory_MarketSemantics" storage="c:\users\marsh\documents\space trade empire\simcore.tests\bin\release\net8.0\simcore.tests.dll" id="f46e284e-c1f0-0fcf-f792-217f610e8838">
      <Execution id="a67293aa-71a8-4102-b031-9b32fbd3173d" />
      <TestMethod codeBase="C:\Users\marsh\Documents\Space Trade Empire\SimCore.Tests\bin\Release\net8.0\SimCore.Tests.dll" adapterTypeName="executor://nunit3testexecutor/" className="SimCore.Tests.Invariants.InventoryConservationTests" name="Ledger_Never_Allows_Negative_Inventory_MarketSemantics" />
    </UnitTest>
    <UnitTest name="PublishedPrices_Update_OnNextWindowBoundary" storage="c:\users\marsh\documents\space trade empire\simcore.tests\bin\release\net8.0\simcore.tests.dll" id="97821e94-461e-d559-b9db-0a7204dc0964">
      <Execution id="2cd3978c-446f-4bed-aa28-1eb950a51d45" />
      <TestMethod codeBase="C:\Users\marsh\Documents\Space Trade Empire\SimCore.Tests\bin\Release\net8.0\SimCore.Tests.dll" adapterTypeName="executor://nunit3testexecutor/" className="SimCore.Tests.Systems.MarketPublishCadenceTests" name="PublishedPrices_Update_OnNextWindowBoundary" />
    </UnitTest>
    <UnitTest name="BufferTarget_Uses_Days_Converted_To_Ticks" storage="c:\users\marsh\documents\space trade empire\simcore.tests\bin\release\net8.0\simcore.tests.dll" id="11f3c1be-327a-5404-aeb5-b0ae6546da2a">
      <Execution id="74473671-3cbc-4f62-b25b-62e1551528ba" />
      <TestMethod codeBase="C:\Users\marsh\Documents\Space Trade Empire\SimCore.Tests\bin\Release\net8.0\SimCore.Tests.dll" adapterTypeName="executor://nunit3testexecutor/" className="SimCore.Tests.Sustainment.BufferSizingDaysTests" name="BufferTarget_Uses_Days_Converted_To_Ticks" />
    </UnitTest>
    <UnitTest name="Logistics_AssignsJob_WhenShortageExists" storage="c:\users\marsh\documents\space trade empire\simcore.tests\bin\release\net8.0\simcore.tests.dll" id="c912fbcb-9c76-36e4-0439-a05baa70e6dd">
      <Execution id="42deaca4-1450-4c0f-ad2b-b4bbcfeafb9b" />
      <TestMethod codeBase="C:\Users\marsh\Documents\Space Trade Empire\SimCore.Tests\bin\Release\net8.0\SimCore.Tests.dll" adapterTypeName="executor://nunit3testexecutor/" className="SimCore.Tests.LogisticsTests" name="Logistics_AssignsJob_WhenShortageExists" />
    </UnitTest>
    <UnitTest name="PlannedJob_ExecutesPickupAndDelivery_ExactlyOnce" storage="c:\users\marsh\documents\space trade empire\simcore.tests\bin\release\net8.0\simcore.tests.dll" id="c4bc9732-0b25-efe8-0dac-b5b02d64cd89">
      <Execution id="9acc2d50-9246-46e1-9660-89a134b26ab8" />
      <TestMethod codeBase="C:\Users\marsh\Documents\Space Trade Empire\SimCore.Tests\bin\Release\net8.0\SimCore.Tests.dll" adapterTypeName="executor://nunit3testexecutor/" className="SimCore.Tests.Systems.LogisticsJobExecutionTests" name="PlannedJob_ExecutesPickupAndDelivery_ExactlyOnce" />
    </UnitTest>
    <UnitTest name="Program_LongRun_FinalSignature_IsDeterministic" storage="c:\users\marsh\documents\space trade empire\simcore.tests\bin\release\net8.0\simcore.tests.dll" id="cd17e1d7-bfb8-b528-4a3d-6f1c643b2034">
      <Execution id="079dd367-efe9-4036-a659-55250612e68b" />
      <TestMethod codeBase="C:\Users\marsh\Documents\Space Trade Empire\SimCore.Tests\bin\Release\net8.0\SimCore.Tests.dll" adapterTypeName="executor://nunit3testexecutor/" className="SimCore.Tests.Determinism.ProgramDeterminismTests" name="Program_LongRun_FinalSignature_IsDeterministic" />
    </UnitTest>
    <UnitTest name="LogisticsEvents_SameTick_OrderIsDeterministic_UnderMultiFleetContention" storage="c:\users\marsh\documents\space trade empire\simcore.tests\bin\release\net8.0\simcore.tests.dll" id="1a0c9cd1-005f-cc36-ba7b-047adaef086b">
      <Execution id="aee2806f-5d2f-44eb-821e-f7b16e177556" />
      <TestMethod codeBase="C:\Users\marsh\Documents\Space Trade Empire\SimCore.Tests\bin\Release\net8.0\SimCore.Tests.dll" adapterTypeName="executor://nunit3testexecutor/" className="SimCore.Tests.Determinism.LogisticsOrderingDeterminismTests" name="LogisticsEvents_SameTick_OrderIsDeterministic_UnderMultiFleetContention" />
    </UnitTest>
    <UnitTest name="PROG_EXEC_002_TradeProgram_DrivesBuySell_Intents_AgainstWorld001_And_OnlyAffectsOutcomesViaTick" storage="c:\users\marsh\documents\space trade empire\simcore.tests\bin\release\net8.0\simcore.tests.dll" id="e6aa184a-da3b-5504-348b-527dcd1b01e1">
      <Execution id="7ce927bc-abe3-4a13-94c4-256749e294e1" />
      <TestMethod codeBase="C:\Users\marsh\Documents\Space Trade Empire\SimCore.Tests\bin\Release\net8.0\SimCore.Tests.dll" adapterTypeName="executor://nunit3testexecutor/" className="SimCore.Tests.Programs.ProgramExecutionIntegrationTests" name="PROG_EXEC_002_TradeProgram_DrivesBuySell_Intents_AgainstWorld001_And_OnlyAffectsOutcomesViaTick" />
    </UnitTest>
    <UnitTest name="PROG_UI_001_manual_override_job_cancel_emits_event_and_pauses_programs" storage="c:\users\marsh\documents\space trade empire\simcore.tests\bin\release\net8.0\simcore.tests.dll" id="b51de1ca-b3ea-9eac-fa0d-b3e4a00db978">
      <Execution id="efb660d3-af7d-44d7-947c-7e83a7c05aae" />
      <TestMethod codeBase="C:\Users\marsh\Documents\Space Trade Empire\SimCore.Tests\bin\Release\net8.0\SimCore.Tests.dll" adapterTypeName="executor://nunit3testexecutor/" className="SimCore.Tests.Programs.ProgramLifecycleContractTests" name="PROG_UI_001_manual_override_job_cancel_emits_event_and_pauses_programs" />
    </UnitTest>
    <UnitTest name="Multiple_Arrivals_Same_Tick_Process_In_Stable_Order" storage="c:\users\marsh\documents\space trade empire\simcore.tests\bin\release\net8.0\simcore.tests.dll" id="c1de620b-395b-1fb7-de24-f7a1e0640154">
      <Execution id="8aaf19f5-3cb7-4f06-a7bd-c319292336c7" />
      <TestMethod codeBase="C:\Users\marsh\Documents\Space Trade Empire\SimCore.Tests\bin\Release\net8.0\SimCore.Tests.dll" adapterTypeName="executor://nunit3testexecutor/" className="SimCore.Tests.Systems.LaneFlowSystemTests" name="Multiple_Arrivals_Same_Tick_Process_In_Stable_Order" />
    </UnitTest>
    <UnitTest name="Signal_TraceAndHeat_ArePersistedInSignature" storage="c:\users\marsh\documents\space trade empire\simcore.tests\bin\release\net8.0\simcore.tests.dll" id="9fd3495b-a209-1fa8-7957-e4f2307d3956">
      <Execution id="1d102a17-a4ee-4d73-9a2e-898d454fa60a" />
      <TestMethod codeBase="C:\Users\marsh\Documents\Space Trade Empire\SimCore.Tests\bin\Release\net8.0\SimCore.Tests.dll" adapterTypeName="executor://nunit3testexecutor/" className="SimCore.Tests.SignalTests" name="Signal_TraceAndHeat_ArePersistedInSignature" />
    </UnitTest>
    <UnitTest name="Reservation_ProtectsSupplierInventory_FromNonOwnerLoads" storage="c:\users\marsh\documents\space trade empire\simcore.tests\bin\release\net8.0\simcore.tests.dll" id="59c2bb00-fe56-9931-82a5-1c775eb9a028">
      <Execution id="05ce7772-c603-4346-866c-83f6ee39035d" />
      <TestMethod codeBase="C:\Users\marsh\Documents\Space Trade Empire\SimCore.Tests\bin\Release\net8.0\SimCore.Tests.dll" adapterTypeName="executor://nunit3testexecutor/" className="SimCore.Tests.Systems.LogisticsReservationContractTests" name="Reservation_ProtectsSupplierInventory_FromNonOwnerLoads" />
    </UnitTest>
    <UnitTest name="LaneCapacity_Bounds_Delivery_And_Queues_Overflow_Deterministically_With_Report" storage="c:\users\marsh\documents\space trade empire\simcore.tests\bin\release\net8.0\simcore.tests.dll" id="1a69a3d4-61e8-04c7-30e1-2d16cf748632">
      <Execution id="e460456f-e3b3-4ed5-8cb2-5376b37d46f0" />
      <TestMethod codeBase="C:\Users\marsh\Documents\Space Trade Empire\SimCore.Tests\bin\Release\net8.0\SimCore.Tests.dll" adapterTypeName="executor://nunit3testexecutor/" className="SimCore.Tests.Systems.LaneFlowSystemTests" name="LaneCapacity_Bounds_Delivery_And_Queues_Overflow_Deterministically_With_Report" />
    </UnitTest>
    <UnitTest name="SUS_SNAP_001_snapshot_includes_bands_and_they_match_banded_time" storage="c:\users\marsh\documents\space trade empire\simcore.tests\bin\release\net8.0\simcore.tests.dll" id="8ad67d0f-d02b-ff27-a75e-0dbe77df061d">
      <Execution id="042075fd-a0af-4458-8215-de5ce1b7efa4" />
      <TestMethod codeBase="C:\Users\marsh\Documents\Space Trade Empire\SimCore.Tests\bin\Release\net8.0\SimCore.Tests.dll" adapterTypeName="executor://nunit3testexecutor/" className="SimCore.Tests.Systems.SustainmentSnapshotContractTests" name="SUS_SNAP_001_snapshot_includes_bands_and_they_match_banded_time" />
    </UnitTest>
    <UnitTest name="Monotonicity_ScarcerStock_IncreasesAllPrices" storage="c:\users\marsh\documents\space trade empire\simcore.tests\bin\release\net8.0\simcore.tests.dll" id="affa2024-fd18-3e80-3376-215426f210d1">
      <Execution id="2d83aaa4-61e0-4f4d-a5a5-32fe19f0f852" />
      <TestMethod codeBase="C:\Users\marsh\Documents\Space Trade Empire\SimCore.Tests\bin\Release\net8.0\SimCore.Tests.dll" adapterTypeName="executor://nunit3testexecutor/" className="SimCore.Tests.MarketTests" name="Monotonicity_ScarcerStock_IncreasesAllPrices" />
    </UnitTest>
    <UnitTest name="FLEET_001_single_player_trader_fleet_exists_with_stable_id_and_start_state" storage="c:\users\marsh\documents\space trade empire\simcore.tests\bin\release\net8.0\simcore.tests.dll" id="cbf2a94b-f09b-d806-c9d7-39c9012ffb10">
      <Execution id="fcdb2871-5de6-42aa-aaa3-2b57c927a91e" />
      <TestMethod codeBase="C:\Users\marsh\Documents\Space Trade Empire\SimCore.Tests\bin\Release\net8.0\SimCore.Tests.dll" adapterTypeName="executor://nunit3testexecutor/" className="SimCore.Tests.Programs.FleetBindingContractTests" name="FLEET_001_single_player_trader_fleet_exists_with_stable_id_and_start_state" />
    </UnitTest>
    <UnitTest name="Transfer_Conserves_Total_Market" storage="c:\users\marsh\documents\space trade empire\simcore.tests\bin\release\net8.0\simcore.tests.dll" id="a9b6b74f-52ba-e54d-b079-656324b7c4c2">
      <Execution id="be3cce36-a39b-46b2-ae95-971202299fe4" />
      <TestMethod codeBase="C:\Users\marsh\Documents\Space Trade Empire\SimCore.Tests\bin\Release\net8.0\SimCore.Tests.dll" adapterTypeName="executor://nunit3testexecutor/" className="SimCore.Tests.Systems.InventoryLedgerTests" name="Transfer_Conserves_Total_Market" />
    </UnitTest>
    <UnitTest name="FLEET_001_survives_save_load_without_signature_change" storage="c:\users\marsh\documents\space trade empire\simcore.tests\bin\release\net8.0\simcore.tests.dll" id="19ce99b2-40a3-121f-febe-2a2911535f00">
      <Execution id="ceda77b0-11f5-4837-8fe8-5b072856cbb7" />
      <TestMethod codeBase="C:\Users\marsh\Documents\Space Trade Empire\SimCore.Tests\bin\Release\net8.0\SimCore.Tests.dll" adapterTypeName="executor://nunit3testexecutor/" className="SimCore.Tests.Programs.FleetBindingContractTests" name="FLEET_001_survives_save_load_without_signature_change" />
    </UnitTest>
    <UnitTest name="ManualOverride_CancelsActiveLogisticsJob_AndDoesNotResumeWhenCleared" storage="c:\users\marsh\documents\space trade empire\simcore.tests\bin\release\net8.0\simcore.tests.dll" id="84ed8c95-4b7a-1889-e3d2-54b815f17cea">
      <Execution id="1fe97c7e-373b-4d1d-9e22-faa456ca1e2f" />
      <TestMethod codeBase="C:\Users\marsh\Documents\Space Trade Empire\SimCore.Tests\bin\Release\net8.0\SimCore.Tests.dll" adapterTypeName="executor://nunit3testexecutor/" className="SimCore.Tests.Systems.FleetAuthorityPrecedenceContractTests" name="ManualOverride_CancelsActiveLogisticsJob_AndDoesNotResumeWhenCleared" />
    </UnitTest>
    <UnitTest name="RemoteIntel_RemainsStale_WhenTruthChanges_UntilReobserved" storage="c:\users\marsh\documents\space trade empire\simcore.tests\bin\release\net8.0\simcore.tests.dll" id="cdc6c1ae-297c-5cb1-730b-8469780bdb6c">
      <Execution id="e7637bb4-8c78-4fd3-a38d-e940bb3b6a05" />
      <TestMethod codeBase="C:\Users\marsh\Documents\Space Trade Empire\SimCore.Tests\bin\Release\net8.0\SimCore.Tests.dll" adapterTypeName="executor://nunit3testexecutor/" className="SimCore.Tests.Systems.IntelContractTests" name="RemoteIntel_RemainsStale_WhenTruthChanges_UntilReobserved" />
    </UnitTest>
    <UnitTest name="Spread_BuyPrice_IsGreaterThan_SellPrice" storage="c:\users\marsh\documents\space trade empire\simcore.tests\bin\release\net8.0\simcore.tests.dll" id="83a9ee42-b5e6-5a45-8b4c-404d4d08f217">
      <Execution id="8f849687-498b-4387-b585-b9923e60c5b9" />
      <TestMethod codeBase="C:\Users\marsh\Documents\Space Trade Empire\SimCore.Tests\bin\Release\net8.0\SimCore.Tests.dll" adapterTypeName="executor://nunit3testexecutor/" className="SimCore.Tests.MarketTests" name="Spread_BuyPrice_IsGreaterThan_SellPrice" />
    </UnitTest>
    <UnitTest name="Sustainment_RunTwice_SameSetup_Produces_Identical_State" storage="c:\users\marsh\documents\space trade empire\simcore.tests\bin\release\net8.0\simcore.tests.dll" id="dcb9b7bb-7561-00e4-6ffa-66dc24f53288">
      <Execution id="db888b80-a298-4c0f-9582-dd1caf36ab35" />
      <TestMethod codeBase="C:\Users\marsh\Documents\Space Trade Empire\SimCore.Tests\bin\Release\net8.0\SimCore.Tests.dll" adapterTypeName="executor://nunit3testexecutor/" className="SimCore.Tests.Sustainment.SustainmentDeterminismRegressionTests" name="Sustainment_RunTwice_SameSetup_Produces_Identical_State" />
    </UnitTest>
    <UnitTest name="Containment_DecaysTrace_OverTime" storage="c:\users\marsh\documents\space trade empire\simcore.tests\bin\release\net8.0\simcore.tests.dll" id="f23fea91-2d72-effc-be51-77b14656b83b">
      <Execution id="3ae45fcf-4efd-4782-831e-95a3f4392fd8" />
      <TestMethod codeBase="C:\Users\marsh\Documents\Space Trade Empire\SimCore.Tests\bin\Release\net8.0\SimCore.Tests.dll" adapterTypeName="executor://nunit3testexecutor/" className="SimCore.Tests.ContainmentTests" name="Containment_DecaysTrace_OverTime" />
    </UnitTest>
    <UnitTest name="Generation_CreatesValidMarkets_WithGoods" storage="c:\users\marsh\documents\space trade empire\simcore.tests\bin\release\net8.0\simcore.tests.dll" id="4c6c3d6d-d9d9-c512-a1da-351dba3f0f92">
      <Execution id="954ec6f0-d072-4d44-b54b-ac6ae802b2fb" />
      <TestMethod codeBase="C:\Users\marsh\Documents\Space Trade Empire\SimCore.Tests\bin\Release\net8.0\SimCore.Tests.dll" adapterTypeName="executor://nunit3testexecutor/" className="SimCore.Tests.GalaxyTests" name="Generation_CreatesValidMarkets_WithGoods" />
    </UnitTest>
    <UnitTest name="PartialPickup_IsDeterministicAcrossFreshRuns" storage="c:\users\marsh\documents\space trade empire\simcore.tests\bin\release\net8.0\simcore.tests.dll" id="0355c27c-ca81-6bc9-4a1f-ee533f24f6ee">
      <Execution id="31f0be2e-825e-4c3b-a24d-a473d2bfb804" />
      <TestMethod codeBase="C:\Users\marsh\Documents\Space Trade Empire\SimCore.Tests\bin\Release\net8.0\SimCore.Tests.dll" adapterTypeName="executor://nunit3testexecutor/" className="SimCore.Tests.Systems.LogisticsPartialFulfillmentTests" name="PartialPickup_IsDeterministicAcrossFreshRuns" />
    </UnitTest>
    <UnitTest name="Containment_ClampsTrace_ToZero" storage="c:\users\marsh\documents\space trade empire\simcore.tests\bin\release\net8.0\simcore.tests.dll" id="8cf1dbbd-4506-f5dd-ac4d-cd27d5258730">
      <Execution id="4479b2b5-f0c6-4922-b60c-0abd301f2276" />
      <TestMethod codeBase="C:\Users\marsh\Documents\Space Trade Empire\SimCore.Tests\bin\Release\net8.0\SimCore.Tests.dll" adapterTypeName="executor://nunit3testexecutor/" className="SimCore.Tests.ContainmentTests" name="Containment_ClampsTrace_ToZero" />
    </UnitTest>
    <UnitTest name="MidPrice_LowSupply_IsHigherThanBase" storage="c:\users\marsh\documents\space trade empire\simcore.tests\bin\release\net8.0\simcore.tests.dll" id="e4d8b1fd-8792-9ea4-b08a-25674d31ced2">
      <Execution id="2a152483-d0b8-4b9d-9bda-edcbd95ae29c" />
      <TestMethod codeBase="C:\Users\marsh\Documents\Space Trade Empire\SimCore.Tests\bin\Release\net8.0\SimCore.Tests.dll" adapterTypeName="executor://nunit3testexecutor/" className="SimCore.Tests.MarketTests" name="MidPrice_LowSupply_IsHigherThanBase" />
    </UnitTest>
    <UnitTest name="SaveLoad_ProgramsPersist_PendingIntentsDiscarded" storage="c:\users\marsh\documents\space trade empire\simcore.tests\bin\release\net8.0\simcore.tests.dll" id="f303766c-d899-bd2a-93a5-4a4d0bff73c6">
      <Execution id="98921682-2388-4ca2-a172-a11f952cd65f" />
      <TestMethod codeBase="C:\Users\marsh\Documents\Space Trade Empire\SimCore.Tests\bin\Release\net8.0\SimCore.Tests.dll" adapterTypeName="executor://nunit3testexecutor/" className="SimCore.Tests.SaveLoad.ProgramSaveLoadContractTests" name="SaveLoad_ProgramsPersist_PendingIntentsDiscarded" />
    </UnitTest>
    <UnitTest name="WorldgenDistributionBounds_StarterGoods_EachHasProducerAndSink_Over100Seeds_AndEmitsDeterministicReport" storage="c:\users\marsh\documents\space trade empire\simcore.tests\bin\release\net8.0\simcore.tests.dll" id="e10f67d3-f4b6-69ad-4b74-17df096ad80f">
      <Execution id="5bc77a5a-f419-4c54-835a-0c869d11e31e" />
      <TestMethod codeBase="C:\Users\marsh\Documents\Space Trade Empire\SimCore.Tests\bin\Release\net8.0\SimCore.Tests.dll" adapterTypeName="executor://nunit3testexecutor/" className="SimCore.Tests.MarketTests" name="WorldgenDistributionBounds_StarterGoods_EachHasProducerAndSink_Over100Seeds_AndEmitsDeterministicReport" />
    </UnitTest>
    <UnitTest name="SaveLoad_MidLogisticsJob_ContinuesToSameFinalHash_AsUninterrupted" storage="c:\users\marsh\documents\space trade empire\simcore.tests\bin\release\net8.0\simcore.tests.dll" id="56a957b7-e18d-e25d-7b8e-ec0ebca32204">
      <Execution id="ad2f3dbc-a02a-4e50-ae70-95b2c6ce901b" />
      <TestMethod codeBase="C:\Users\marsh\Documents\Space Trade Empire\SimCore.Tests\bin\Release\net8.0\SimCore.Tests.dll" adapterTypeName="executor://nunit3testexecutor/" className="SimCore.Tests.SaveLoad.SaveLoadLogisticsMidJobTests" name="SaveLoad_MidLogisticsJob_ContinuesToSameFinalHash_AsUninterrupted" />
    </UnitTest>
    <UnitTest name="EconomyPlacement_StarterRegion_HasAtLeast3ViableTradeLoops_AndEmitsDeterministicReport" storage="c:\users\marsh\documents\space trade empire\simcore.tests\bin\release\net8.0\simcore.tests.dll" id="9ecef8be-7e19-9d11-94fd-27d9f4920197">
      <Execution id="c9428992-480f-4258-9240-379b98f221ef" />
      <TestMethod codeBase="C:\Users\marsh\Documents\Space Trade Empire\SimCore.Tests\bin\Release\net8.0\SimCore.Tests.dll" adapterTypeName="executor://nunit3testexecutor/" className="SimCore.Tests.MarketTests" name="EconomyPlacement_StarterRegion_HasAtLeast3ViableTradeLoops_AndEmitsDeterministicReport" />
    </UnitTest>
    <UnitTest name="RetryUpToNZeroPickupObservations_ThenCancel" storage="c:\users\marsh\documents\space trade empire\simcore.tests\bin\release\net8.0\simcore.tests.dll" id="5f5beafc-14a7-c032-7b1d-b1c0efc69a6f">
      <Execution id="016fea69-9fb4-4a2d-b819-dd49ce2e70b6" />
      <TestMethod codeBase="C:\Users\marsh\Documents\Space Trade Empire\SimCore.Tests\bin\Release\net8.0\SimCore.Tests.dll" adapterTypeName="executor://nunit3testexecutor/" className="SimCore.Tests.Systems.LogisticsRetryOrCancelContractTests" name="RetryUpToNZeroPickupObservations_ThenCancel" />
    </UnitTest>
    <UnitTest name="Basic_Invariants_Hold_After_Stepping" storage="c:\users\marsh\documents\space trade empire\simcore.tests\bin\release\net8.0\simcore.tests.dll" id="faf06bcb-9da3-d8ff-ce5c-beb91d5f46ca">
      <Execution id="0000b23d-d80b-4bc3-ae3e-561f75ca1d58" />
      <TestMethod codeBase="C:\Users\marsh\Documents\Space Trade Empire\SimCore.Tests\bin\Release\net8.0\SimCore.Tests.dll" adapterTypeName="executor://nunit3testexecutor/" className="SimCore.Tests.Invariants.BasicStateInvariantsTests" name="Basic_Invariants_Hold_After_Stepping" />
    </UnitTest>
    <UnitTest name="Travel_UpdatesState_AndConsumesSlot" storage="c:\users\marsh\documents\space trade empire\simcore.tests\bin\release\net8.0\simcore.tests.dll" id="ebc423c6-c845-a67a-6d97-58f1f2c9db0e">
      <Execution id="babcd128-734e-42de-855d-980b9a6ad983" />
      <TestMethod codeBase="C:\Users\marsh\Documents\Space Trade Empire\SimCore.Tests\bin\Release\net8.0\SimCore.Tests.dll" adapterTypeName="executor://nunit3testexecutor/" className="SimCore.Tests.TravelTests" name="Travel_UpdatesState_AndConsumesSlot" />
    </UnitTest>
    <UnitTest name="Fleet_CanTravel_BetweenConnectedNodes" storage="c:\users\marsh\documents\space trade empire\simcore.tests\bin\release\net8.0\simcore.tests.dll" id="58fd4c81-7955-949c-5e77-9bd65f115ccf">
      <Execution id="8a15ffb9-26cb-4005-a751-f75f8a46df3d" />
      <TestMethod codeBase="C:\Users\marsh\Documents\Space Trade Empire\SimCore.Tests\bin\Release\net8.0\SimCore.Tests.dll" adapterTypeName="executor://nunit3testexecutor/" className="SimCore.Tests.MovementTests" name="Fleet_CanTravel_BetweenConnectedNodes" />
    </UnitTest>
    <UnitTest name="DOCTRINE_001_DefaultDoctrine_Exists_HasMax2Toggles_AndIsDeterministic" storage="c:\users\marsh\documents\space trade empire\simcore.tests\bin\release\net8.0\simcore.tests.dll" id="89804714-ec7c-aeca-abb4-18b9a64df254">
[...]
    <TestEntry testId="2afec21d-5b14-7988-d9e6-5bac07da2c08" executionId="edfd8eed-dd94-422d-93b3-8b3ab04be916" testListId="8c84fa94-04c1-424b-9868-57a2d4851a1d" />
    <TestEntry testId="dba9ba7c-9c45-cb71-0846-0a94b14929e6" executionId="59b7ab0a-115e-40dd-8b25-b9feae589108" testListId="8c84fa94-04c1-424b-9868-57a2d4851a1d" />
    <TestEntry testId="65af4c0b-3da9-f7ff-68b6-299671495683" executionId="2819f449-2ed4-486f-ac36-b229f47fc281" testListId="8c84fa94-04c1-424b-9868-57a2d4851a1d" />
    <TestEntry testId="9fd3495b-a209-1fa8-7957-e4f2307d3956" executionId="1d102a17-a4ee-4d73-9a2e-898d454fa60a" testListId="8c84fa94-04c1-424b-9868-57a2d4851a1d" />
    <TestEntry testId="11f3c1be-327a-5404-aeb5-b0ae6546da2a" executionId="74473671-3cbc-4f62-b25b-62e1551528ba" testListId="8c84fa94-04c1-424b-9868-57a2d4851a1d" />
    <TestEntry testId="a9b6b74f-52ba-e54d-b079-656324b7c4c2" executionId="be3cce36-a39b-46b2-ae95-971202299fe4" testListId="8c84fa94-04c1-424b-9868-57a2d4851a1d" />
    <TestEntry testId="ef839d5d-88d4-2fb1-4ec8-71c03a8ad4a4" executionId="317d3086-ec04-4a8d-a9c4-39562426da4e" testListId="8c84fa94-04c1-424b-9868-57a2d4851a1d" />
    <TestEntry testId="975dda28-9645-eb60-e4c3-d844e8075d35" executionId="069a71e0-12c8-4fa9-bd66-0752130ed2e2" testListId="8c84fa94-04c1-424b-9868-57a2d4851a1d" />
    <TestEntry testId="6dcc455e-49f6-0fc4-bfec-d4ba6a8f4e3d" executionId="7b4fdcd2-a040-4c79-9985-e432c5f2939a" testListId="8c84fa94-04c1-424b-9868-57a2d4851a1d" />
    <TestEntry testId="affa2024-fd18-3e80-3376-215426f210d1" executionId="2d83aaa4-61e0-4f4d-a5a5-32fe19f0f852" testListId="8c84fa94-04c1-424b-9868-57a2d4851a1d" />
    <TestEntry testId="cf507909-f2fb-5031-715d-1ce0c0ac4705" executionId="45581fc3-3bd5-4260-a201-cf4456f3b725" testListId="8c84fa94-04c1-424b-9868-57a2d4851a1d" />
    <TestEntry testId="909ece48-7c1e-0587-bc9c-c17833d2d364" executionId="ea6521ae-9105-4c86-9163-865f3ea4aa0a" testListId="8c84fa94-04c1-424b-9868-57a2d4851a1d" />
    <TestEntry testId="dcb9b7bb-7561-00e4-6ffa-66dc24f53288" executionId="db888b80-a298-4c0f-9582-dd1caf36ab35" testListId="8c84fa94-04c1-424b-9868-57a2d4851a1d" />
    <TestEntry testId="5cc51b37-fd03-4fc8-940f-30b6e56c23c0" executionId="430c31a8-7aaf-418f-ace6-724d5e6c56a1" testListId="8c84fa94-04c1-424b-9868-57a2d4851a1d" />
    <TestEntry testId="df741220-6fa3-bcfc-7058-2e71ad511010" executionId="92a0c5a0-cf92-408d-bdeb-78159b5616f1" testListId="8c84fa94-04c1-424b-9868-57a2d4851a1d" />
    <TestEntry testId="fb2bd6ce-18a4-871e-1874-97d00d1f025d" executionId="4996acf4-5627-46bc-a01a-ddebb41643c6" testListId="8c84fa94-04c1-424b-9868-57a2d4851a1d" />
    <TestEntry testId="cbf2a94b-f09b-d806-c9d7-39c9012ffb10" executionId="fcdb2871-5de6-42aa-aaa3-2b57c927a91e" testListId="8c84fa94-04c1-424b-9868-57a2d4851a1d" />
    <TestEntry testId="87001f66-4c3d-139b-c6f9-1625bc49c013" executionId="7739b89e-497e-47a3-bfd4-1f33ccd03af5" testListId="8c84fa94-04c1-424b-9868-57a2d4851a1d" />
    <TestEntry testId="33b7e9b5-979e-71ee-ff9d-77f65d7b6b45" executionId="3fa7411f-6235-464e-85a6-2a723f090c68" testListId="8c84fa94-04c1-424b-9868-57a2d4851a1d" />
    <TestEntry testId="cc049097-19ba-722e-2881-a00c390cfe11" executionId="522387a6-064a-4f20-bdfa-921ada468446" testListId="8c84fa94-04c1-424b-9868-57a2d4851a1d" />
    <TestEntry testId="ebc423c6-c845-a67a-6d97-58f1f2c9db0e" executionId="babcd128-734e-42de-855d-980b9a6ad983" testListId="8c84fa94-04c1-424b-9868-57a2d4851a1d" />
    <TestEntry testId="78e47c93-5e7c-8f27-604d-5cabd5a8081d" executionId="ee547912-a8f8-43d5-97e8-dd31dc8a7d5b" testListId="8c84fa94-04c1-424b-9868-57a2d4851a1d" />
    <TestEntry testId="ec1393c4-4703-4e7e-782c-715fcac654e8" executionId="692e065e-1557-441a-a00f-e46dc433b8e6" testListId="8c84fa94-04c1-424b-9868-57a2d4851a1d" />
    <TestEntry testId="c944b59e-30c7-d0be-197a-ac0921f227b6" executionId="f64db53f-3e19-4957-ae71-f55f52e1245e" testListId="8c84fa94-04c1-424b-9868-57a2d4851a1d" />
    <TestEntry testId="e6aa184a-da3b-5504-348b-527dcd1b01e1" executionId="7ce927bc-abe3-4a13-94c4-256749e294e1" testListId="8c84fa94-04c1-424b-9868-57a2d4851a1d" />
    <TestEntry testId="1a0c9cd1-005f-cc36-ba7b-047adaef086b" executionId="aee2806f-5d2f-44eb-821e-f7b16e177556" testListId="8c84fa94-04c1-424b-9868-57a2d4851a1d" />
    <TestEntry testId="90e58d57-657d-d78b-8277-08e2ea442b52" executionId="9de9a4a8-cb6b-4749-a354-59923bb059a2" testListId="8c84fa94-04c1-424b-9868-57a2d4851a1d" />
    <TestEntry testId="9ecef8be-7e19-9d11-94fd-27d9f4920197" executionId="c9428992-480f-4258-9240-379b98f221ef" testListId="8c84fa94-04c1-424b-9868-57a2d4851a1d" />
    <TestEntry testId="8680dc49-265d-c9c3-116f-461ca2661675" executionId="18df0771-151d-43b9-8776-7999606a0f6a" testListId="8c84fa94-04c1-424b-9868-57a2d4851a1d" />
    <TestEntry testId="f46e284e-c1f0-0fcf-f792-217f610e8838" executionId="a67293aa-71a8-4102-b031-9b32fbd3173d" testListId="8c84fa94-04c1-424b-9868-57a2d4851a1d" />
    <TestEntry testId="59c2bb00-fe56-9931-82a5-1c775eb9a028" executionId="05ce7772-c603-4346-866c-83f6ee39035d" testListId="8c84fa94-04c1-424b-9868-57a2d4851a1d" />
    <TestEntry testId="84ed8c95-4b7a-1889-e3d2-54b815f17cea" executionId="1fe97c7e-373b-4d1d-9e22-faa456ca1e2f" testListId="8c84fa94-04c1-424b-9868-57a2d4851a1d" />
    <TestEntry testId="d78d3c06-2886-7fef-301b-969b2fea4581" executionId="8b85dd02-67dd-46ec-88d8-8d0fe00a6f9e" testListId="8c84fa94-04c1-424b-9868-57a2d4851a1d" />
    <TestEntry testId="83d8e03f-1017-5332-356c-3f070a3bb76c" executionId="2f6dc3f5-4b4c-4712-8cbc-15f2142c0dde" testListId="8c84fa94-04c1-424b-9868-57a2d4851a1d" />
    <TestEntry testId="f303766c-d899-bd2a-93a5-4a4d0bff73c6" executionId="98921682-2388-4ca2-a172-a11f952cd65f" testListId="8c84fa94-04c1-424b-9868-57a2d4851a1d" />
    <TestEntry testId="cdc6c1ae-297c-5cb1-730b-8469780bdb6c" executionId="e7637bb4-8c78-4fd3-a38d-e940bb3b6a05" testListId="8c84fa94-04c1-424b-9868-57a2d4851a1d" />
    <TestEntry testId="43f7b81a-62af-1131-613b-7247bb592514" executionId="34905445-0ceb-48eb-8dbb-c2c8fcf2ba6a" testListId="8c84fa94-04c1-424b-9868-57a2d4851a1d" />
    <TestEntry testId="649c45f1-ad0f-13f6-cd93-4dd855223cde" executionId="acd5c73f-a30c-4941-b991-909f656632e5" testListId="8c84fa94-04c1-424b-9868-57a2d4851a1d" />
    <TestEntry testId="0d05c884-8e0d-ac6b-0e52-1c42949745e9" executionId="796c26a9-f1db-478e-af22-a798fbcdfddf" testListId="8c84fa94-04c1-424b-9868-57a2d4851a1d" />
    <TestEntry testId="41c5cc8c-dbdb-5180-a462-5acd42bd8826" executionId="bffc8a78-675c-44c4-99ca-6deb9e3e518e" testListId="8c84fa94-04c1-424b-9868-57a2d4851a1d" />
    <TestEntry testId="e4d8b1fd-8792-9ea4-b08a-25674d31ced2" executionId="2a152483-d0b8-4b9d-9bda-edcbd95ae29c" testListId="8c84fa94-04c1-424b-9868-57a2d4851a1d" />
    <TestEntry testId="75377a2f-35a9-38bd-ec2d-64eaff988dd5" executionId="f92944ff-10f9-42e1-aae0-a9455f8af7d0" testListId="8c84fa94-04c1-424b-9868-57a2d4851a1d" />
    <TestEntry testId="7c4fd7a0-5368-214c-036e-e2c47d2b18a2" executionId="b0fd2d02-17e1-4bf9-a738-d1f07111d6bf" testListId="8c84fa94-04c1-424b-9868-57a2d4851a1d" />
    <TestEntry testId="49030e73-f588-c16c-7fb8-d7a46cac1829" executionId="b6fcfb43-7927-4281-bac9-1641fe13e86e" testListId="8c84fa94-04c1-424b-9868-57a2d4851a1d" />
    <TestEntry testId="b522f372-e6c3-56bd-afd5-4088da814f4e" executionId="b89bedc0-582a-466c-96fb-12f0adadae06" testListId="8c84fa94-04c1-424b-9868-57a2d4851a1d" />
    <TestEntry testId="89804714-ec7c-aeca-abb4-18b9a64df254" executionId="56bbd6ef-515b-42e9-be27-5d504a2f191f" testListId="8c84fa94-04c1-424b-9868-57a2d4851a1d" />
    <TestEntry testId="e9ed0dc3-6138-2eef-aae8-aef162079197" executionId="3f37f8a4-a75a-48b2-9e8b-946dbeaac556" testListId="8c84fa94-04c1-424b-9868-57a2d4851a1d" />
    <TestEntry testId="c1de620b-395b-1fb7-de24-f7a1e0640154" executionId="8aaf19f5-3cb7-4f06-a7bd-c319292336c7" testListId="8c84fa94-04c1-424b-9868-57a2d4851a1d" />
    <TestEntry testId="19ce99b2-40a3-121f-febe-2a2911535f00" executionId="ceda77b0-11f5-4837-8fe8-5b072856cbb7" testListId="8c84fa94-04c1-424b-9868-57a2d4851a1d" />
    <TestEntry testId="58fd4c81-7955-949c-5e77-9bd65f115ccf" executionId="8a15ffb9-26cb-4005-a751-f75f8a46df3d" testListId="8c84fa94-04c1-424b-9868-57a2d4851a1d" />
    <TestEntry testId="2fbb7063-a208-9457-f84c-6ceb2b54cd87" executionId="a002faed-8f67-4ed7-9814-cf8786f866df" testListId="8c84fa94-04c1-424b-9868-57a2d4851a1d" />
    <TestEntry testId="6f692b4e-054a-5bc9-b9bb-e8b4a810b875" executionId="15cb2dcf-77b6-456c-b37d-e3bb8cbdda37" testListId="8c84fa94-04c1-424b-9868-57a2d4851a1d" />
    <TestEntry testId="b883516b-c285-28e3-c3e2-fb020fa763b5" executionId="c09eda1f-faa4-4c08-a7b8-6e88d23beeff" testListId="8c84fa94-04c1-424b-9868-57a2d4851a1d" />
    <TestEntry testId="44c3c029-785c-3e9c-87ae-e450fb77e37d" executionId="09efff15-f3bc-45d8-a245-3854b759f4b7" testListId="8c84fa94-04c1-424b-9868-57a2d4851a1d" />
    <TestEntry testId="cd17e1d7-bfb8-b528-4a3d-6f1c643b2034" executionId="079dd367-efe9-4036-a659-55250612e68b" testListId="8c84fa94-04c1-424b-9868-57a2d4851a1d" />
    <TestEntry testId="8cf1dbbd-4506-f5dd-ac4d-cd27d5258730" executionId="4479b2b5-f0c6-4922-b60c-0abd301f2276" testListId="8c84fa94-04c1-424b-9868-57a2d4851a1d" />
    <TestEntry testId="08e87e66-8f8f-5ce1-82f0-d307d04ebe93" executionId="481da1aa-a948-414f-90c6-ef059a9358ad" testListId="8c84fa94-04c1-424b-9868-57a2d4851a1d" />
    <TestEntry testId="d257707c-5abe-1a0c-ba75-f976b8691219" executionId="c32793a5-58e6-4f62-82be-90cf83afd62e" testListId="8c84fa94-04c1-424b-9868-57a2d4851a1d" />
    <TestEntry testId="e10f67d3-f4b6-69ad-4b74-17df096ad80f" executionId="5bc77a5a-f419-4c54-835a-0c869d11e31e" testListId="8c84fa94-04c1-424b-9868-57a2d4851a1d" />
    <TestEntry testId="7f82ca3e-e4ab-89fa-a5d2-ae1ac6f29f90" executionId="12a9fad1-ea12-4554-aa19-954194ff5510" testListId="8c84fa94-04c1-424b-9868-57a2d4851a1d" />
    <TestEntry testId="b3d2af46-855b-10e8-94de-0899444e045b" executionId="0d65711b-cc42-40fc-868d-ebb9d902c499" testListId="8c84fa94-04c1-424b-9868-57a2d4851a1d" />
    <TestEntry testId="05f407ee-0631-8e59-695b-f8592de585ea" executionId="a8a03e3d-70ea-49ac-888a-77a178fa7dc3" testListId="8c84fa94-04c1-424b-9868-57a2d4851a1d" />
    <TestEntry testId="4c6c3d6d-d9d9-c512-a1da-351dba3f0f92" executionId="954ec6f0-d072-4d44-b54b-ac6ae802b2fb" testListId="8c84fa94-04c1-424b-9868-57a2d4851a1d" />
    <TestEntry testId="980de98a-18c8-4be7-769b-4d43dac71aed" executionId="5db945e6-15ee-481c-82ef-32050d823948" testListId="8c84fa94-04c1-424b-9868-57a2d4851a1d" />
    <TestEntry testId="e774b232-1dc1-0f5f-77c3-83121c6990db" executionId="e486135f-5a7f-41b9-b8ed-a2a37757b7bc" testListId="8c84fa94-04c1-424b-9868-57a2d4851a1d" />
    <TestEntry testId="be65777f-d6ce-d21e-bf58-6916be1920c5" executionId="a70b77a3-ff5d-4e3f-a4fb-d7a1e60ee401" testListId="8c84fa94-04c1-424b-9868-57a2d4851a1d" />
    <TestEntry testId="b51de1ca-b3ea-9eac-fa0d-b3e4a00db978" executionId="efb660d3-af7d-44d7-947c-7e83a7c05aae" testListId="8c84fa94-04c1-424b-9868-57a2d4851a1d" />
    <TestEntry testId="4927cf3c-0fe2-5631-c9ee-851977ff9fc1" executionId="0b467aea-ad2c-4f49-ab7b-865eca617fcd" testListId="8c84fa94-04c1-424b-9868-57a2d4851a1d" />
    <TestEntry testId="15d11c10-1eb9-8c16-933b-6a766c0809d4" executionId="14cd6735-8a79-40ea-b0e9-6688606e52c9" testListId="8c84fa94-04c1-424b-9868-57a2d4851a1d" />
    <TestEntry testId="7c479528-6e0e-5587-048c-31be72a34d84" executionId="614741a0-c16d-428c-aa6a-0488efb77d6e" testListId="8c84fa94-04c1-424b-9868-57a2d4851a1d" />
    <TestEntry testId="9c0a4bac-e37b-6e5f-071e-9be8ea0c0e89" executionId="a28eb85f-2afe-49bf-bd11-8ffc6e0a7de7" testListId="8c84fa94-04c1-424b-9868-57a2d4851a1d" />
    <TestEntry testId="c912fbcb-9c76-36e4-0439-a05baa70e6dd" executionId="42deaca4-1450-4c0f-ad2b-b4bbcfeafb9b" testListId="8c84fa94-04c1-424b-9868-57a2d4851a1d" />
    <TestEntry testId="5198fbed-30db-1138-c246-1b2481c8f2c7" executionId="fbea2da4-9f7d-49f1-b897-1ce29560cdbb" testListId="8c84fa94-04c1-424b-9868-57a2d4851a1d" />
    <TestEntry testId="ec5c371e-cf9b-110e-550a-252812f8c077" executionId="2835ab9d-5870-433d-86eb-bad4c8a933af" testListId="8c84fa94-04c1-424b-9868-57a2d4851a1d" />
    <TestEntry testId="83a9ee42-b5e6-5a45-8b4c-404d4d08f217" executionId="8f849687-498b-4387-b585-b9923e60c5b9" testListId="8c84fa94-04c1-424b-9868-57a2d4851a1d" />
    <TestEntry testId="6205d599-13ba-e649-cd45-37cfdbb233e1" executionId="e8e9e152-44c5-46c9-a1d8-6a5875a0f001" testListId="8c84fa94-04c1-424b-9868-57a2d4851a1d" />
    <TestEntry testId="8ad67d0f-d02b-ff27-a75e-0dbe77df061d" executionId="042075fd-a0af-4458-8215-de5ce1b7efa4" testListId="8c84fa94-04c1-424b-9868-57a2d4851a1d" />
    <TestEntry testId="3af0ef18-904c-63fb-09b9-7ca5c7f02ae4" executionId="72b68234-4271-43e0-96ac-e1ca3992fe2e" testListId="8c84fa94-04c1-424b-9868-57a2d4851a1d" />
    <TestEntry testId="97821e94-461e-d559-b9db-0a7204dc0964" executionId="2cd3978c-446f-4bed-aa28-1eb950a51d45" testListId="8c84fa94-04c1-424b-9868-57a2d4851a1d" />
    <TestEntry testId="5f5beafc-14a7-c032-7b1d-b1c0efc69a6f" executionId="016fea69-9fb4-4a2d-b819-dd49ce2e70b6" testListId="8c84fa94-04c1-424b-9868-57a2d4851a1d" />
    <TestEntry testId="8d5d3d90-524f-5570-bea3-471c83cfcf49" executionId="c1587530-fa42-4bf3-a279-4383a684d00a" testListId="8c84fa94-04c1-424b-9868-57a2d4851a1d" />
    <TestEntry testId="0355c27c-ca81-6bc9-4a1f-ee533f24f6ee" executionId="31f0be2e-825e-4c3b-a24d-a473d2bfb804" testListId="8c84fa94-04c1-424b-9868-57a2d4851a1d" />
    <TestEntry testId="a9efb629-0b99-8f53-a02b-c0ab88233a52" executionId="cfdfc015-59fc-47ea-aad2-fec766b6100f" testListId="8c84fa94-04c1-424b-9868-57a2d4851a1d" />
    <TestEntry testId="cab6ea2e-853f-e9cc-73f0-1fd5eaf2e39c" executionId="08de8a5e-a47b-402c-8886-10e4af6d567f" testListId="8c84fa94-04c1-424b-9868-57a2d4851a1d" />
    <TestEntry testId="dac1168d-2cb6-067b-64d1-1be9698be60c" executionId="afceb721-a6fc-4b26-8993-5be5a0f1675a" testListId="8c84fa94-04c1-424b-9868-57a2d4851a1d" />
    <TestEntry testId="c4bc9732-0b25-efe8-0dac-b5b02d64cd89" executionId="9acc2d50-9246-46e1-9660-89a134b26ab8" testListId="8c84fa94-04c1-424b-9868-57a2d4851a1d" />
    <TestEntry testId="fb10ec80-fd0a-bc1e-45f1-e0bce7f34f8f" executionId="dc4feefc-c40e-4c69-9c04-303b5e160a40" testListId="8c84fa94-04c1-424b-9868-57a2d4851a1d" />
    <TestEntry testId="6c43bcb5-6882-c05c-7f39-8fb5db3657a5" executionId="dffa9232-ff57-4774-97d6-2246c818b070" testListId="8c84fa94-04c1-424b-9868-57a2d4851a1d" />
    <TestEntry testId="f01fb897-1409-3ef0-b33b-0f3cdd76e8c9" executionId="c9abcf0f-2cdd-4663-979a-b8330ccd5f90" testListId="8c84fa94-04c1-424b-9868-57a2d4851a1d" />
    <TestEntry testId="dd29825b-0a13-45bf-bc59-4d11f3b63684" executionId="58171406-949f-4974-988d-7f8d10fac2de" testListId="8c84fa94-04c1-424b-9868-57a2d4851a1d" />
    <TestEntry testId="fe7e3717-6284-d1b5-c8ba-de43872f1a5f" executionId="03d4bd61-d068-4856-8ce5-24bc2cf563b3" testListId="8c84fa94-04c1-424b-9868-57a2d4851a1d" />
    <TestEntry testId="f5c2d853-1481-f87d-6971-6d001e272239" executionId="c1d05d22-a7f2-4638-93d4-914b4af9a478" testListId="8c84fa94-04c1-424b-9868-57a2d4851a1d" />
    <TestEntry testId="1ee510b9-84d4-5166-192d-4c98ecb1bb66" executionId="653dabe1-7f52-410b-bd09-8999e9b2addd" testListId="8c84fa94-04c1-424b-9868-57a2d4851a1d" />
    <TestEntry testId="be0cd5fc-107a-20d9-d6b5-cd6d244f0149" executionId="629bcc44-12bc-416e-978e-71a8e80f15ab" testListId="8c84fa94-04c1-424b-9868-57a2d4851a1d" />
    <TestEntry testId="fe4d9ece-ac92-7e10-00c6-eb1ede788034" executionId="522a49e8-cc60-4ba8-a1e0-6693e4eeec48" testListId="8c84fa94-04c1-424b-9868-57a2d4851a1d" />
    <TestEntry testId="6038105f-7e79-8402-741b-39f30ccbc07b" executionId="8015c0ac-6097-40b9-acc2-b870bcf2ea3a" testListId="8c84fa94-04c1-424b-9868-57a2d4851a1d" />
  </TestEntries>
  <TestLists>
    <TestList name="Results Not in a List" id="8c84fa94-04c1-424b-9868-57a2d4851a1d" />
    <TestList name="All Loaded Results" id="19431567-8539-422a-85d7-44ee4e166bda" />
  </TestLists>
  <ResultSummary outcome="Completed">
    <Counters total="111" executed="111" passed="111" failed="0" error="0" timeout="0" aborted="0" inconclusive="0" passedButRunAborted="0" notRunnable="0" notExecuted="0" disconnected="0" warning="0" completed="0" inProgress="0" pending="0" />
    <Output>
      <StdOut>NUnit Adapter 4.5.0.0: Test execution started&#xD;
Running all tests in C:\Users\marsh\Documents\Space Trade Empire\SimCore.Tests\bin\Release\net8.0\SimCore.Tests.dll&#xD;
   NUnit3TestExecutor discovered 111 of 111 NUnit test cases using Current Discovery mode, Non-Explicit run&#xD;
NUnit Adapter 4.5.0.0: Test execution complete&#xD;
</StdOut>
    </Output>
    <RunInfos>
      <RunInfo computerName="HOME" outcome="Warning" timestamp="2026-02-21T07:15:17.3743490-05:00">
        <Text>LongRun Seed: 42 (override via STE_LONGRUN_SEED)&#xD;
LongRun Ticks: 10000&#xD;
LongRun Checkpoints: 0,1000,5000,10000&#xD;
Genesis Hash A: E40FF89C0EFD88A58B46153FBEE14F81C8F1AAA9419153A3C04AE6A6FC5F21D9&#xD;
Final   Hash A: 054FA896B4895DE1C7E84666979E746ECC36A9D53D27B57F0D56ADA2B29AF610&#xD;
Checkpoint[A] tick=0: E40FF89C0EFD88A58B46153FBEE14F81C8F1AAA9419153A3C04AE6A6FC5F21D9&#xD;
Checkpoint[A] tick=1000: F1A71B987B47C9E9071D72AAAAB99A22A7E61F67ED080184AA4BA8E9FABDC386&#xD;
Checkpoint[A] tick=5000: 33E7E234167B8D813E052953525BB8EF41D546B2327F9151D267270B1902B1F9&#xD;
Checkpoint[A] tick=10000: 054FA896B4895DE1C7E84666979E746ECC36A9D53D27B57F0D56ADA2B29AF610&#xD;
Genesis Hash B: E40FF89C0EFD88A58B46153FBEE14F81C8F1AAA9419153A3C04AE6A6FC5F21D9&#xD;
Final   Hash B: 054FA896B4895DE1C7E84666979E746ECC36A9D53D27B57F0D56ADA2B29AF610&#xD;
Checkpoint[B] tick=0: E40FF89C0EFD88A58B46153FBEE14F81C8F1AAA9419153A3C04AE6A6FC5F21D9&#xD;
Checkpoint[B] tick=1000: F1A71B987B47C9E9071D72AAAAB99A22A7E61F67ED080184AA4BA8E9FABDC386&#xD;
Checkpoint[B] tick=5000: 33E7E234167B8D813E052953525BB8EF41D546B2327F9151D267270B1902B1F9&#xD;
Checkpoint[B] tick=10000: 054FA896B4895DE1C7E84666979E746ECC36A9D53D27B57F0D56ADA2B29AF610&#xD;
</Text>
      </RunInfo>
      <RunInfo computerName="HOME" outcome="Warning" timestamp="2026-02-21T07:15:40.2823279-05:00">
        <Text>PERF_BUDGET_REPORT_V0&#xD;
seed=424242&#xD;
ticks_total=600&#xD;
ticks_measured=300&#xD;
fleets=60&#xD;
active_transfers=200&#xD;
budget_ms_per_tick=50&#xD;
total_ms_measured=10864.685&#xD;
avg_ms_per_tick=36.216&#xD;
</Text>
      </RunInfo>
      <RunInfo computerName="HOME" outcome="Warning" timestamp="2026-02-21T07:15:40.3360880-05:00">
        <Text>WROTE_TOPOLOGY_DUMP: C:\Users\marsh\Documents\Space Trade Empire\docs\generated\galaxy_topology_dump_seed_999_starcount_12_radius_100.txt&#xD;
</Text>
      </RunInfo>
      <RunInfo computerName="HOME" outcome="Warning" timestamp="2026-02-21T07:15:43.1208663-05:00">
        <Text>Genesis Hash: E40FF89C0EFD88A58B46153FBEE14F81C8F1AAA9419153A3C04AE6A6FC5F21D9&#xD;
Final Hash A: DACCFA3B9681B7A654D8C825A3394B25108F07E9FC9EE1B09CE71B35A20FFEAD&#xD;
Final Hash B: DACCFA3B9681B7A654D8C825A3394B25108F07E9FC9EE1B09CE71B35A20FFEAD&#xD;
</Text>
      </RunInfo>
      <RunInfo computerName="HOME" outcome="Warning" timestamp="2026-02-21T07:15:43.6422232-05:00">
        <Text>Uninterrupted Hash: D3A2A4EBA1A76A39F27A8131AB81A8E91033F59851C06DE37035F552EC0B938B&#xD;
SaveLoad     Hash: D3A2A4EBA1A76A39F27A8131AB81A8E91033F59851C06DE37035F552EC0B938B&#xD;
</Text>
      </RunInfo>
      <RunInfo computerName="HOME" outcome="Warning" timestamp="2026-02-21T07:15:44.4520900-05:00">
        <Text>SaveLoad Seed (expected): 123&#xD;
SaveLoad Seed (saved): 123&#xD;
SaveLoad Seed (resaved): 123&#xD;
SaveLoad Before Hash: 0E427955737A6CABB5964F5B94776431DE5E74668962C811C6F6A9D2BEC0BF64&#xD;
SaveLoad After  Hash: 0E427955737A6CABB5964F5B94776431DE5E74668962C811C6F6A9D2BEC0BF64&#xD;
</Text>
      </RunInfo>
    </RunInfos>
  </ResultSummary>
</TestRun>