<?xml version="1.0" encoding="utf-8"?>
<TestRun id="95ea83d0-a21b-4d0b-af93-6527f5c7f48a" name="marsh@HOME 2026-02-21 07:12:58" runUser="HOME\marsh" xmlns="http://microsoft.com/schemas/VisualStudio/TeamTest/2010">
  <Times creation="2026-02-21T07:12:58.4014391-05:00" queuing="2026-02-21T07:12:58.4014393-05:00" start="2026-02-21T07:12:56.5838686-05:00" finish="2026-02-21T07:13:51.3588067-05:00" />
  <TestSettings name="default" id="5f7d9f97-4e63-40ed-9c5a-d800a6cd3978">
    <Deployment runDeploymentRoot="marsh_HOME_2026-02-21_07_12_58" />
  </TestSettings>
  <Results>
    <UnitTestResult executionId="173d005d-4a29-467c-a42f-b87871bd88b0" testId="56a957b7-e18d-e25d-7b8e-ec0ebca32204" testName="SaveLoad_MidLogisticsJob_ContinuesToSameFinalHash_AsUninterrupted" computerName="HOME" duration="00:00:00.0010690" startTime="2026-02-21T07:13:50.4621990-05:00" endTime="2026-02-21T07:13:50.4632676-05:00" testType="13cdc9d9-ddb5-4fa4-a97d-d965ccfc6d4b" outcome="Passed" testListId="8c84fa94-04c1-424b-9868-57a2d4851a1d" relativeResultsDirectory="173d005d-4a29-467c-a42f-b87871bd88b0">
      <Output>
        <StdOut>Uninterrupted Hash: D3A2A4EBA1A76A39F27A8131AB81A8E91033F59851C06DE37035F552EC0B938B&#xD;
SaveLoad     Hash: D3A2A4EBA1A76A39F27A8131AB81A8E91033F59851C06DE37035F552EC0B938B</StdOut>
      </Output>
    </UnitTestResult>
    <UnitTestResult executionId="a032303f-2bef-43fc-8dee-140830601eaf" testId="ec592b2c-fd3c-4661-c798-f28a1b337275" testName="Industry_ConsumesInputs_AndProducesOutputs" computerName="HOME" duration="00:00:00.0002200" startTime="2026-02-21T07:13:49.9406139-05:00" endTime="2026-02-21T07:13:49.9408341-05:00" testType="13cdc9d9-ddb5-4fa4-a97d-d965ccfc6d4b" outcome="Passed" testListId="8c84fa94-04c1-424b-9868-57a2d4851a1d" relativeResultsDirectory="a032303f-2bef-43fc-8dee-140830601eaf" />
    <UnitTestResult executionId="db0fddf3-45ec-4ada-b420-5da35affd7f6" testId="cdc6c1ae-297c-5cb1-730b-8469780bdb6c" testName="RemoteIntel_RemainsStale_WhenTruthChanges_UntilReobserved" computerName="HOME" duration="00:00:00.0002460" startTime="2026-02-21T07:13:51.2744306-05:00" endTime="2026-02-21T07:13:51.2746764-05:00" testType="13cdc9d9-ddb5-4fa4-a97d-d965ccfc6d4b" outcome="Passed" testListId="8c84fa94-04c1-424b-9868-57a2d4851a1d" relativeResultsDirectory="db0fddf3-45ec-4ada-b420-5da35affd7f6" />
    <UnitTestResult executionId="f2e93c23-c7d2-4860-adc6-241f0828231f" testId="dba9ba7c-9c45-cb71-0846-0a94b14929e6" testName="World001_PlansDirectRoute" computerName="HOME" duration="00:00:00.0003120" startTime="2026-02-21T07:13:51.2952723-05:00" endTime="2026-02-21T07:13:51.2955846-05:00" testType="13cdc9d9-ddb5-4fa4-a97d-d965ccfc6d4b" outcome="Passed" testListId="8c84fa94-04c1-424b-9868-57a2d4851a1d" relativeResultsDirectory="f2e93c23-c7d2-4860-adc6-241f0828231f" />
    <UnitTestResult executionId="d91ae733-c2bc-413c-a0c0-9e045e253bc4" testId="59c2bb00-fe56-9931-82a5-1c775eb9a028" testName="Reservation_ProtectsSupplierInventory_FromNonOwnerLoads" computerName="HOME" duration="00:00:00.0003550" startTime="2026-02-21T07:13:51.2912627-05:00" endTime="2026-02-21T07:13:51.2916178-05:00" testType="13cdc9d9-ddb5-4fa4-a97d-d965ccfc6d4b" outcome="Passed" testListId="8c84fa94-04c1-424b-9868-57a2d4851a1d" relativeResultsDirectory="d91ae733-c2bc-413c-a0c0-9e045e253bc4" />
    <UnitTestResult executionId="d18cc54b-5d42-49ad-bb64-3a295cadc528" testId="975dda28-9645-eb60-e4c3-d844e8075d35" testName="LogisticsSystem_Process_DoesNotDirectlyMutate_MarketInventory_Or_FleetCargo" computerName="HOME" duration="00:00:00.0048190" startTime="2026-02-21T07:13:51.2231812-05:00" endTime="2026-02-21T07:13:51.2279998-05:00" testType="13cdc9d9-ddb5-4fa4-a97d-d965ccfc6d4b" outcome="Passed" testListId="8c84fa94-04c1-424b-9868-57a2d4851a1d" relativeResultsDirectory="d18cc54b-5d42-49ad-bb64-3a295cadc528" />
    <UnitTestResult executionId="2e83c775-5f39-4b39-a0cb-47412d370aab" testId="fe4d9ece-ac92-7e10-00c6-eb1ede788034" testName="TechSite_With_TwoInputs_Consumes_Both_EachTick_When_Supplied" computerName="HOME" duration="00:00:00.0001610" startTime="2026-02-21T07:13:51.2326181-05:00" endTime="2026-02-21T07:13:51.2327787-05:00" testType="13cdc9d9-ddb5-4fa4-a97d-d965ccfc6d4b" outcome="Passed" testListId="8c84fa94-04c1-424b-9868-57a2d4851a1d" relativeResultsDirectory="2e83c775-5f39-4b39-a0cb-47412d370aab" />
    <UnitTestResult executionId="229fb097-0683-4187-bd08-b3c003aeffa5" testId="97821e94-461e-d559-b9db-0a7204dc0964" testName="PublishedPrices_Update_OnNextWindowBoundary" computerName="HOME" duration="00:00:00.0001590" startTime="2026-02-21T07:13:51.2940583-05:00" endTime="2026-02-21T07:13:51.2942176-05:00" testType="13cdc9d9-ddb5-4fa4-a97d-d965ccfc6d4b" outcome="Passed" testListId="8c84fa94-04c1-424b-9868-57a2d4851a1d" relativeResultsDirectory="229fb097-0683-4187-bd08-b3c003aeffa5" />
    <UnitTestResult executionId="d7a2609f-019b-499f-828c-ef3efb643a66" testId="dd29825b-0a13-45bf-bc59-4d11f3b63684" testName="SaveLoad_RoundTrip_Preserves_WorldHash_And_Seed" computerName="HOME" duration="00:00:00.7585380" startTime="2026-02-21T07:13:50.4633495-05:00" endTime="2026-02-21T07:13:51.2218867-05:00" testType="13cdc9d9-ddb5-4fa4-a97d-d965ccfc6d4b" outcome="Passed" testListId="8c84fa94-04c1-424b-9868-57a2d4851a1d" relativeResultsDirectory="d7a2609f-019b-499f-828c-ef3efb643a66">
      <Output>
        <StdOut>SaveLoad Seed (expected): 123&#xD;
SaveLoad Seed (saved): 123&#xD;
SaveLoad Seed (resaved): 123&#xD;
SaveLoad Before Hash: 0E427955737A6CABB5964F5B94776431DE5E74668962C811C6F6A9D2BEC0BF64&#xD;
SaveLoad After  Hash: 0E427955737A6CABB5964F5B94776431DE5E74668962C811C6F6A9D2BEC0BF64</StdOut>
      </Output>
    </UnitTestResult>
    <UnitTestResult executionId="3e9d6784-95c4-4cfc-ad20-0b9c3cb0dbfc" testId="9ecef8be-7e19-9d11-94fd-27d9f4920197" testName="EconomyPlacement_StarterRegion_HasAtLeast3ViableTradeLoops_AndEmitsDeterministicReport" computerName="HOME" duration="00:00:00.0037230" startTime="2026-02-21T07:13:50.3997735-05:00" endTime="2026-02-21T07:13:50.4034964-05:00" testType="13cdc9d9-ddb5-4fa4-a97d-d965ccfc6d4b" outcome="Passed" testListId="8c84fa94-04c1-424b-9868-57a2d4851a1d" relativeResultsDirectory="3e9d6784-95c4-4cfc-ad20-0b9c3cb0dbfc" />
    <UnitTestResult executionId="d1bfeda2-41c7-4357-9851-50d72dda911e" testId="05f407ee-0631-8e59-695b-f8592de585ea" testName="FleetRoles_RouteChoice_IsDeterministic_EmitsSchemaBoundEvent_AndPersistsThroughSaveLoad" computerName="HOME" duration="00:00:00.0173480" startTime="2026-02-21T07:13:51.2332994-05:00" endTime="2026-02-21T07:13:51.2506470-05:00" testType="13cdc9d9-ddb5-4fa4-a97d-d965ccfc6d4b" outcome="Passed" testListId="8c84fa94-04c1-424b-9868-57a2d4851a1d" relativeResultsDirectory="d1bfeda2-41c7-4357-9851-50d72dda911e" />
    <UnitTestResult executionId="91f31657-5250-4574-8102-7de2a1467e6f" testId="19ce99b2-40a3-121f-febe-2a2911535f00" testName="FLEET_001_survives_save_load_without_signature_change" computerName="HOME" duration="00:00:00.0006450" startTime="2026-02-21T07:13:50.4252460-05:00" endTime="2026-02-21T07:13:50.4258911-05:00" testType="13cdc9d9-ddb5-4fa4-a97d-d965ccfc6d4b" outcome="Passed" testListId="8c84fa94-04c1-424b-9868-57a2d4851a1d" relativeResultsDirectory="91f31657-5250-4574-8102-7de2a1467e6f" />
    <UnitTestResult executionId="ac30e6f0-34b4-4e6c-977e-b163505b683e" testId="feef5147-69f2-56ef-2eac-aa8482edd3a9" testName="BAND_001_band_ticks_thresholds_are_stable" computerName="HOME" duration="00:00:00.0002390" startTime="2026-02-21T07:13:51.2328517-05:00" endTime="2026-02-21T07:13:51.2330909-05:00" testType="13cdc9d9-ddb5-4fa4-a97d-d965ccfc6d4b" outcome="Passed" testListId="8c84fa94-04c1-424b-9868-57a2d4851a1d" relativeResultsDirectory="ac30e6f0-34b4-4e6c-977e-b163505b683e" />
    <UnitTestResult executionId="d068a181-4e85-4f1a-a6b5-ae3ac378097a" testId="faf06bcb-9da3-d8ff-ce5c-beb91d5f46ca" testName="Basic_Invariants_Hold_After_Stepping" computerName="HOME" duration="00:00:00.3970220" startTime="2026-02-21T07:13:49.9421149-05:00" endTime="2026-02-21T07:13:50.3391365-05:00" testType="13cdc9d9-ddb5-4fa4-a97d-d965ccfc6d4b" outcome="Passed" testListId="8c84fa94-04c1-424b-9868-57a2d4851a1d" relativeResultsDirectory="d068a181-4e85-4f1a-a6b5-ae3ac378097a" />
    <UnitTestResult executionId="f480e137-b07e-4338-91dd-64aa6970a78f" testId="f303766c-d899-bd2a-93a5-4a4d0bff73c6" testName="SaveLoad_ProgramsPersist_PendingIntentsDiscarded" computerName="HOME" duration="00:00:00.0023280" startTime="2026-02-21T07:13:50.4597818-05:00" endTime="2026-02-21T07:13:50.4621095-05:00" testType="13cdc9d9-ddb5-4fa4-a97d-d965ccfc6d4b" outcome="Passed" testListId="8c84fa94-04c1-424b-9868-57a2d4851a1d" relativeResultsDirectory="f480e137-b07e-4338-91dd-64aa6970a78f" />
    <UnitTestResult executionId="4a94019a-16b9-4fa9-af76-4b4a69b78fa9" testId="cc049097-19ba-722e-2881-a00c390cfe11" testName="SimKernel_Step_AdvancesExactlyOneTick" computerName="HOME" duration="00:00:00.0001060" startTime="2026-02-21T07:13:51.2972553-05:00" endTime="2026-02-21T07:13:51.2973608-05:00" testType="13cdc9d9-ddb5-4fa4-a97d-d965ccfc6d4b" outcome="Passed" testListId="8c84fa94-04c1-424b-9868-57a2d4851a1d" relativeResultsDirectory="4a94019a-16b9-4fa9-af76-4b4a69b78fa9" />
    <UnitTestResult executionId="daf703d0-9299-4c55-81e1-0323dbc9c34b" testId="c1de620b-395b-1fb7-de24-f7a1e0640154" testName="Multiple_Arrivals_Same_Tick_Process_In_Stable_Order" computerName="HOME" duration="00:00:00.0001740" startTime="2026-02-21T07:13:51.2845131-05:00" endTime="2026-02-21T07:13:51.2846870-05:00" testType="13cdc9d9-ddb5-4fa4-a97d-d965ccfc6d4b" outcome="Passed" testListId="8c84fa94-04c1-424b-9868-57a2d4851a1d" relativeResultsDirectory="daf703d0-9299-4c55-81e1-0323dbc9c34b" />
    <UnitTestResult executionId="920bab89-c629-4f4f-a541-daf3437f923e" testId="b3d2af46-855b-10e8-94de-0899444e045b" testName="Execution_IsDeterministicAcrossFreshRuns" computerName="HOME" duration="00:00:00.0004610" startTime="2026-02-21T07:13:51.2891113-05:00" endTime="2026-02-21T07:13:51.2895720-05:00" testType="13cdc9d9-ddb5-4fa4-a97d-d965ccfc6d4b" outcome="Passed" testListId="8c84fa94-04c1-424b-9868-57a2d4851a1d" relativeResultsDirectory="920bab89-c629-4f4f-a541-daf3437f923e" />
    <UnitTestResult executionId="3eaad43a-7805-4e0d-9118-32d98d6bb07f" testId="218fe381-179e-9868-8bbc-42677f4cbe3b" testName="CancelJob_WhenNoJob_DoesNotMutateFleetJobFields" computerName="HOME" duration="00:00:00.0041490" startTime="2026-02-21T07:13:51.2674144-05:00" endTime="2026-02-21T07:13:51.2715623-05:00" testType="13cdc9d9-ddb5-4fa4-a97d-d965ccfc6d4b" outcome="Passed" testListId="8c84fa94-04c1-424b-9868-57a2d4851a1d" relativeResultsDirectory="3eaad43a-7805-4e0d-9118-32d98d6bb07f" />
    <UnitTestResult executionId="ed0840c9-a4ba-4a9b-a51f-769f7e9c0f71" testId="87001f66-4c3d-139b-c6f9-1625bc49c013" testName="RemoteIntel_IsBanded_AndAgeIncrements_WhenNotReobserved" computerName="HOME" duration="00:00:00.0003470" startTime="2026-02-21T07:13:51.2739353-05:00" endTime="2026-02-21T07:13:51.2742822-05:00" testType="13cdc9d9-ddb5-4fa4-a97d-d965ccfc6d4b" outcome="Passed" testListId="8c84fa94-04c1-424b-9868-57a2d4851a1d" relativeResultsDirectory="ed0840c9-a4ba-4a9b-a51f-769f7e9c0f71" />
    <UnitTestResult executionId="a5883eb5-53fc-4e06-b622-7fee26031f14" testId="a9b6b74f-52ba-e54d-b079-656324b7c4c2" testName="Transfer_Conserves_Total_Market" computerName="HOME" duration="00:00:00.0000870" startTime="2026-02-21T07:13:51.2750056-05:00" endTime="2026-02-21T07:13:51.2750924-05:00" testType="13cdc9d9-ddb5-4fa4-a97d-d965ccfc6d4b" outcome="Passed" testListId="8c84fa94-04c1-424b-9868-57a2d4851a1d" relativeResultsDirectory="a5883eb5-53fc-4e06-b622-7fee26031f14" />
    <UnitTestResult executionId="ed5b164d-b406-4426-8a50-bff4184fda16" testId="5cc51b37-fd03-4fc8-940f-30b6e56c23c0" testName="TwoFleets_LogisticsAndLaneContention_IsDeterministic" computerName="HOME" duration="00:00:00.0455060" startTime="2026-02-21T07:12:57.0017293-05:00" endTime="2026-02-21T07:12:57.0472350-05:00" testType="13cdc9d9-ddb5-4fa4-a97d-d965ccfc6d4b" outcome="Passed" testListId="8c84fa94-04c1-424b-9868-57a2d4851a1d" relativeResultsDirectory="ed5b164d-b406-4426-8a50-bff4184fda16" />
    <UnitTestResult executionId="76ffd797-61c2-4a7b-b567-12d0fc18103d" testId="f46e284e-c1f0-0fcf-f792-217f610e8838" testName="Ledger_Never_Allows_Negative_Inventory_MarketSemantics" computerName="HOME" duration="00:00:00.0001210" startTime="2026-02-21T07:13:50.3393193-05:00" endTime="2026-02-21T07:13:50.3394403-05:00" testType="13cdc9d9-ddb5-4fa4-a97d-d965ccfc6d4b" outcome="Passed" testListId="8c84fa94-04c1-424b-9868-57a2d4851a1d" relativeResultsDirectory="76ffd797-61c2-4a7b-b567-12d0fc18103d" />
    <UnitTestResult executionId="b7003dea-0028-416c-b456-de7e00965d95" testId="41c5cc8c-dbdb-5180-a462-5acd42bd8826" testName="PROG_EXEC_001_program_system_emits_intents_only" computerName="HOME" duration="00:00:00.0006830" startTime="2026-02-21T07:13:50.4293192-05:00" endTime="2026-02-21T07:13:50.4300021-05:00" testType="13cdc9d9-ddb5-4fa4-a97d-d965ccfc6d4b" outcome="Passed" testListId="8c84fa94-04c1-424b-9868-57a2d4851a1d" relativeResultsDirectory="b7003dea-0028-416c-b456-de7e00965d95" />
    <UnitTestResult executionId="842d4f7b-5bf5-483a-a373-29fb70a8d5f3" testId="deade48c-3725-4254-c51d-2c367fe02920" testName="Health_Decreases_Deterministically_When_Undersupplied" computerName="HOME" duration="00:00:00.0003390" startTime="2026-02-21T07:13:51.2227579-05:00" endTime="2026-02-21T07:13:51.2230966-05:00" testType="13cdc9d9-ddb5-4fa4-a97d-d965ccfc6d4b" outcome="Passed" testListId="8c84fa94-04c1-424b-9868-57a2d4851a1d" relativeResultsDirectory="842d4f7b-5bf5-483a-a373-29fb70a8d5f3" />
    <UnitTestResult executionId="269272ca-66a7-4198-af6a-ffebceedc8b5" testId="43f7b81a-62af-1131-613b-7247bb592514" testName="RouteChosenEvent_IsSchemaBound" computerName="HOME" duration="00:00:00.0002330" startTime="2026-02-21T07:13:51.2950273-05:00" endTime="2026-02-21T07:13:51.2952599-05:00" testType="13cdc9d9-ddb5-4fa4-a97d-d965ccfc6d4b" outcome="Passed" testListId="8c84fa94-04c1-424b-9868-57a2d4851a1d" relativeResultsDirectory="269272ca-66a7-4198-af6a-ffebceedc8b5" />
    <UnitTestResult executionId="4ee83a80-95cf-4f2a-9798-e5e6b1330738" testId="8ad67d0f-d02b-ff27-a75e-0dbe77df061d" testName="SUS_SNAP_001_snapshot_includes_bands_and_they_match_banded_time" computerName="HOME" duration="00:00:00.0015200" startTime="2026-02-21T07:13:51.2956469-05:00" endTime="2026-02-21T07:13:51.2971672-05:00" testType="13cdc9d9-ddb5-4fa4-a97d-d965ccfc6d4b" outcome="Passed" testListId="8c84fa94-04c1-424b-9868-57a2d4851a1d" relativeResultsDirectory="4ee83a80-95cf-4f2a-9798-e5e6b1330738" />
    <UnitTestResult executionId="f324e733-a837-4160-843d-3be20401f15b" testId="c4b889e6-dc55-5014-06dd-eb0e8f894692" testName="LocalTruth_IsExact_AndAgeIsZero" computerName="HOME" duration="00:00:00.0016149" startTime="2026-02-21T07:13:51.2723038-05:00" endTime="2026-02-21T07:13:51.2739192-05:00" testType="13cdc9d9-ddb5-4fa4-a97d-d965ccfc6d4b" outcome="Passed" testListId="8c84fa94-04c1-424b-9868-57a2d4851a1d" relativeResultsDirectory="f324e733-a837-4160-843d-3be20401f15b" />
    <UnitTestResult executionId="9f4ef377-249c-4146-914c-57e29ca3dcb2" testId="258407be-2eb2-93ed-7222-5aae254c3855" testName="SeedExplorer_V0_DiffReports_Are_ByteForByte_Deterministic" computerName="HOME" duration="00:00:00.0044530" startTime="2026-02-21T07:13:47.0024656-05:00" endTime="2026-02-21T07:13:47.0069175-05:00" testType="13cdc9d9-ddb5-4fa4-a97d-d965ccfc6d4b" outcome="Passed" testListId="8c84fa94-04c1-424b-9868-57a2d4851a1d" relativeResultsDirectory="9f4ef377-249c-4146-914c-57e29ca3dcb2" />
    <UnitTestResult executionId="5ee0529d-63a5-4438-96d6-54625014d4eb" testId="0355c27c-ca81-6bc9-4a1f-ee533f24f6ee" testName="PartialPickup_IsDeterministicAcrossFreshRuns" computerName="HOME" duration="00:00:00.0002550" startTime="2026-02-21T07:13:51.2902749-05:00" endTime="2026-02-21T07:13:51.2905298-05:00" testType="13cdc9d9-ddb5-4fa4-a97d-d965ccfc6d4b" outcome="Passed" testListId="8c84fa94-04c1-424b-9868-57a2d4851a1d" relativeResultsDirectory="5ee0529d-63a5-4438-96d6-54625014d4eb" />
    <UnitTestResult executionId="a2601823-0946-4cab-8cb4-e60ef1039614" testId="90e58d57-657d-d78b-8277-08e2ea442b52" testName="AntiExploitMarketArbConstraint_MoneyPrinterScenario_ProfitGrowthIsBounded_AndExplainsFrictionReasonCodes" computerName="HOME" duration="00:00:00.0074760" startTime="2026-02-21T07:13:50.3922588-05:00" endTime="2026-02-21T07:13:50.3997344-05:00" testType="13cdc9d9-ddb5-4fa4-a97d-d965ccfc6d4b" outcome="Passed" testListId="8c84fa94-04c1-424b-9868-57a2d4851a1d" relativeResultsDirectory="a2601823-0946-4cab-8cb4-e60ef1039614" />
    <UnitTestResult executionId="a9e1e0d5-d86c-4c4c-915d-c1e2d3bea49c" testId="980de98a-18c8-4be7-769b-4d43dac71aed" testName="EqualHopEqualRisk_TieBreaksByRouteId" computerName="HOME" duration="00:00:00.0003900" startTime="2026-02-21T07:13:51.2942644-05:00" endTime="2026-02-21T07:13:51.2946543-05:00" testType="13cdc9d9-ddb5-4fa4-a97d-d965ccfc6d4b" outcome="Passed" testListId="8c84fa94-04c1-424b-9868-57a2d4851a1d" relativeResultsDirectory="a9e1e0d5-d86c-4c4c-915d-c1e2d3bea49c" />
    <UnitTestResult executionId="6a2f0d0b-67c8-4b29-9f3c-e8fcdba478fa" testId="fe7e3717-6284-d1b5-c8ba-de43872f1a5f" testName="Industry_PartialProduction_ScalesDown" computerName="HOME" duration="00:00:00.0001280" startTime="2026-02-21T07:13:49.9408459-05:00" endTime="2026-02-21T07:13:49.9409740-05:00" testType="13cdc9d9-ddb5-4fa4-a97d-d965ccfc6d4b" outcome="Passed" testListId="8c84fa94-04c1-424b-9868-57a2d4851a1d" relativeResultsDirectory="6a2f0d0b-67c8-4b29-9f3c-e8fcdba478fa" />
    <UnitTestResult executionId="4c2a8033-a7d1-46a2-a577-3ca3f6190b20" testId="f553f183-e7d1-720a-3ec9-a9b41aba5aff" testName="Remove_More_Than_Available_ReturnsFalse_And_DoesNotChange_Market" computerName="HOME" duration="00:00:00.0000500" startTime="2026-02-21T07:13:51.2748744-05:00" endTime="2026-02-21T07:13:51.2749248-05:00" testType="13cdc9d9-ddb5-4fa4-a97d-d965ccfc6d4b" outcome="Passed" testListId="8c84fa94-04c1-424b-9868-57a2d4851a1d" relativeResultsDirectory="4c2a8033-a7d1-46a2-a577-3ca3f6190b20" />
    <UnitTestResult executionId="14ec6163-8580-4f99-a5d6-0552abeafd58" testId="3af0ef18-904c-63fb-09b9-7ca5c7f02ae4" testName="Intents_AreProcessed_And_Cleared" computerName="HOME" duration="00:00:00.0007470" startTime="2026-02-21T07:13:49.9410453-05:00" endTime="2026-02-21T07:13:49.9417924-05:00" testType="13cdc9d9-ddb5-4fa4-a97d-d965ccfc6d4b" outcome="Passed" testListId="8c84fa94-04c1-424b-9868-57a2d4851a1d" relativeResultsDirectory="14ec6163-8580-4f99-a5d6-0552abeafd58" />
    <UnitTestResult executionId="e023cfa3-4551-41b5-8102-233fd280b42b" testId="649c45f1-ad0f-13f6-cd93-4dd855223cde" testName="SustainmentReport_Computes_Margin_And_Times_Deterministically" computerName="HOME" duration="00:00:00.0031980" startTime="2026-02-21T07:13:51.2293488-05:00" endTime="2026-02-21T07:13:51.2325463-05:00" testType="13cdc9d9-ddb5-4fa4-a97d-d965ccfc6d4b" outcome="Passed" testListId="8c84fa94-04c1-424b-9868-57a2d4851a1d" relativeResultsDirectory="e023cfa3-4551-41b5-8102-233fd280b42b" />
    <UnitTestResult executionId="1aa1885f-301d-4a42-9706-2d4c2ea3e492" testId="6f692b4e-054a-5bc9-b9bb-e8b4a810b875" testName="RemoteIntel_IsUnknown_WhenNeverObserved" computerName="HOME" duration="00:00:00.0001240" startTime="2026-02-21T07:13:51.2742962-05:00" endTime="2026-02-21T07:13:51.2744202-05:00" testType="13cdc9d9-ddb5-4fa4-a97d-d965ccfc6d4b" outcome="Passed" testListId="8c84fa94-04c1-424b-9868-57a2d4851a1d" relativeResultsDirectory="1aa1885f-301d-4a42-9706-2d4c2ea3e492" />
    <UnitTestResult executionId="ab88d36b-50ab-4514-be4b-3a1ffa9345bd" testId="e9ed0dc3-6138-2eef-aae8-aef162079197" testName="MultiRouteCandidates_OrdersByHopsThenRiskThenRouteId" computerName="HOME" duration="00:00:00.0003450" startTime="2026-02-21T07:13:51.2946705-05:00" endTime="2026-02-21T07:13:51.2950151-05:00" testType="13cdc9d9-ddb5-4fa4-a97d-d965ccfc6d4b" outcome="Passed" testListId="8c84fa94-04c1-424b-9868-57a2d4851a1d" relativeResultsDirectory="ab88d36b-50ab-4514-be4b-3a1ffa9345bd" />
    <UnitTestResult executionId="f74c746e-6603-4cc4-9ef3-6bc10e52d6ed" testId="4927cf3c-0fe2-5631-c9ee-851977ff9fc1" testName="FLEET_001_is_deterministic_by_signature" computerName="HOME" duration="00:00:00.0004060" startTime="2026-02-21T07:13:50.4245668-05:00" endTime="2026-02-21T07:13:50.4249731-05:00" testType="13cdc9d9-ddb5-4fa4-a97d-d965ccfc6d4b" outcome="Passed" testListId="8c84fa94-04c1-424b-9868-57a2d4851a1d" relativeResultsDirectory="f74c746e-6603-4cc4-9ef3-6bc10e52d6ed" />
    <UnitTestResult executionId="4cbeb8b7-7e62-4d44-8986-9d186527357d" testId="ebc423c6-c845-a67a-6d97-58f1f2c9db0e" testName="Travel_UpdatesState_AndConsumesSlot" computerName="HOME" duration="00:00:00.0002190" startTime="2026-02-21T07:13:51.2986470-05:00" endTime="2026-02-21T07:13:51.2988661-05:00" testType="13cdc9d9-ddb5-4fa4-a97d-d965ccfc6d4b" outcome="Passed" testListId="8c84fa94-04c1-424b-9868-57a2d4851a1d" relativeResultsDirectory="4cbeb8b7-7e62-4d44-8986-9d186527357d" />
    <UnitTestResult executionId="bc1bf98b-3408-469a-b1a6-3e51a93ea450" testId="fb2bd6ce-18a4-871e-1874-97d00d1f025d" testName="BufferTarget_Is_Zero_When_BufferDays_Is_Zero" computerName="HOME" duration="00:00:00.0000810" startTime="2026-02-21T07:13:51.2223568-05:00" endTime="2026-02-21T07:13:51.2224381-05:00" testType="13cdc9d9-ddb5-4fa4-a97d-d965ccfc6d4b" outcome="Passed" testListId="8c84fa94-04c1-424b-9868-57a2d4851a1d" relativeResultsDirectory="bc1bf98b-3408-469a-b1a6-3e51a93ea450" />
    <UnitTestResult executionId="8245ebdb-4aee-42ce-8432-3715dfd36d17" testId="c4bc9732-0b25-efe8-0dac-b5b02d64cd89" testName="PlannedJob_ExecutesPickupAndDelivery_ExactlyOnce" computerName="HOME" duration="00:00:00.0002390" startTime="2026-02-21T07:13:51.2895857-05:00" endTime="2026-02-21T07:13:51.2898241-05:00" testType="13cdc9d9-ddb5-4fa4-a97d-d965ccfc6d4b" outcome="Passed" testListId="8c84fa94-04c1-424b-9868-57a2d4851a1d" relativeResultsDirectory="8245ebdb-4aee-42ce-8432-3715dfd36d17" />
    <UnitTestResult executionId="9edc5046-f068-4979-ae6c-7c9ed1008786" testId="78e47c93-5e7c-8f27-604d-5cabd5a8081d" testName="Fracture_Movement_AccumulatesTrace_OnArrival" computerName="HOME" duration="00:00:00.0024160" startTime="2026-02-21T07:13:47.0165936-05:00" endTime="2026-02-21T07:13:47.0190094-05:00" testType="13cdc9d9-ddb5-4fa4-a97d-d965ccfc6d4b" outcome="Passed" testListId="8c84fa94-04c1-424b-9868-57a2d4851a1d" relativeResultsDirectory="9edc5046-f068-4979-ae6c-7c9ed1008786" />
    <UnitTestResult executionId="c84b8468-1165-40f9-81c2-2743654fdffa" testId="6038105f-7e79-8402-741b-39f30ccbc07b" testName="TwoFleets_UiCommandInterleavings_WithSaveLoadMidSequence_IsDeterministic" computerName="HOME" duration="00:00:00.0902100" startTime="2026-02-21T07:12:57.0472657-05:00" endTime="2026-02-21T07:12:57.1374755-05:00" testType="13cdc9d9-ddb5-4fa4-a97d-d965ccfc6d4b" outcome="Passed" testListId="8c84fa94-04c1-424b-9868-57a2d4851a1d" relativeResultsDirectory="c84b8468-1165-40f9-81c2-2743654fdffa" />
    <UnitTestResult executionId="61933e0c-16d4-4fd6-914c-0c3a22ba96b8" testId="1a69a3d4-61e8-04c7-30e1-2d16cf748632" testName="LaneCapacity_Bounds_Delivery_And_Queues_Overflow_Deterministically_With_Report" computerName="HOME" duration="00:00:00.0003610" startTime="2026-02-21T07:13:51.2841360-05:00" endTime="2026-02-21T07:13:51.2844965-05:00" testType="13cdc9d9-ddb5-4fa4-a97d-d965ccfc6d4b" outcome="Passed" testListId="8c84fa94-04c1-424b-9868-57a2d4851a1d" relativeResultsDirectory="61933e0c-16d4-4fd6-914c-0c3a22ba96b8" />
    <UnitTestResult executionId="bc2a3e02-f90e-42c0-9c7b-8c9eb707d19f" testId="cd17e1d7-bfb8-b528-4a3d-6f1c643b2034" testName="Program_LongRun_FinalSignature_IsDeterministic" computerName="HOME" duration="00:00:00.0025400" startTime="2026-02-21T07:13:47.0139120-05:00" endTime="2026-02-21T07:13:47.0164516-05:00" testType="13cdc9d9-ddb5-4fa4-a97d-d965ccfc6d4b" outcome="Passed" testListId="8c84fa94-04c1-424b-9868-57a2d4851a1d" relativeResultsDirectory="bc2a3e02-f90e-42c0-9c7b-8c9eb707d19f" />
    <UnitTestResult executionId="05d894c0-f4d0-4a52-9c01-e5ea9dadfcad" testId="6dcc455e-49f6-0fc4-bfec-d4ba6a8f4e3d" testName="BAND_002_band_days_thresholds_are_stable" computerName="HOME" duration="00:00:00.0001390" startTime="2026-02-21T07:13:51.2331025-05:00" endTime="2026-02-21T07:13:51.2332416-05:00" testType="13cdc9d9-ddb5-4fa4-a97d-d965ccfc6d4b" outcome="Passed" testListId="8c84fa94-04c1-424b-9868-57a2d4851a1d" relativeResultsDirectory="05d894c0-f4d0-4a52-9c01-e5ea9dadfcad" />
    <UnitTestResult executionId="b6d18a04-3e18-414f-ad81-74502b38efb3" testId="ec5c371e-cf9b-110e-550a-252812f8c077" testName="LogisticsEvents_AreSchemaBound_AndDeterministicAcrossFreshRuns" computerName="HOME" duration="00:00:00.0019849" startTime="2026-02-21T07:13:51.2853813-05:00" endTime="2026-02-21T07:13:51.2873665-05:00" testType="13cdc9d9-ddb5-4fa4-a97d-d965ccfc6d4b" outcome="Passed" testListId="8c84fa94-04c1-424b-9868-57a2d4851a1d" relativeResultsDirectory="b6d18a04-3e18-414f-ad81-74502b38efb3" />
    <UnitTestResult executionId="498f1fce-ac5e-4181-b9b6-4f51566d66d7" testId="dcb9b7bb-7561-00e4-6ffa-66dc24f53288" testName="Sustainment_RunTwice_SameSetup_Produces_Identical_State" computerName="HOME" duration="00:00:00.0006960" startTime="2026-02-21T07:13:51.2285831-05:00" endTime="2026-02-21T07:13:51.2292787-05:00" testType="13cdc9d9-ddb5-4fa4-a97d-d965ccfc6d4b" outcome="Passed" testListId="8c84fa94-04c1-424b-9868-57a2d4851a1d" relativeResultsDirectory="498f1fce-ac5e-4181-b9b6-4f51566d66d7" />
    <UnitTestResult executionId="70ef6707-22be-4657-9f06-0592c28ecfe6" testId="2fbb7063-a208-9457-f84c-6ceb2b54cd87" testName="PlanLogistics_CreatesRouteAwareJob_Deterministically" computerName="HOME" duration="00:00:00.0009580" startTime="2026-02-21T07:13:51.2874810-05:00" endTime="2026-02-21T07:13:51.2884387-05:00" testType="13cdc9d9-ddb5-4fa4-a97d-d965ccfc6d4b" outcome="Passed" testListId="8c84fa94-04c1-424b-9868-57a2d4851a1d" relativeResultsDirectory="70ef6707-22be-4657-9f06-0592c28ecfe6" />
    <UnitTestResult executionId="678c2b42-a26a-4337-bbf4-412c089208ee" testId="ef839d5d-88d4-2fb1-4ec8-71c03a8ad4a4" testName="RepoHealth_Scan_MustPass_V0" computerName="HOME" duration="00:00:00.0453450" startTime="2026-02-21T07:13:50.3398533-05:00" endTime="2026-02-21T07:13:50.3851982-05:00" testType="13cdc9d9-ddb5-4fa4-a97d-d965ccfc6d4b" outcome="Passed" testListId="8c84fa94-04c1-424b-9868-57a2d4851a1d" relativeResultsDirectory="678c2b42-a26a-4337-bbf4-412c089208ee" />
    <UnitTestResult executionId="e5f048c1-fd58-4b8d-bbe6-b506fa40a503" testId="cbf2a94b-f09b-d806-c9d7-39c9012ffb10" testName="FLEET_001_single_player_trader_fleet_exists_with_stable_id_and_start_state" computerName="HOME" duration="00:00:00.0002390" startTime="2026-02-21T07:13:50.4249931-05:00" endTime="2026-02-21T07:13:50.4252319-05:00" testType="13cdc9d9-ddb5-4fa4-a97d-d965ccfc6d4b" outcome="Passed" testListId="8c84fa94-04c1-424b-9868-57a2d4851a1d" relativeResultsDirectory="e5f048c1-fd58-4b8d-bbe6-b506fa40a503" />
    <UnitTestResult executionId="aba8aa95-fdbf-431a-9598-adb893c9af58" testId="df741220-6fa3-bcfc-7058-2e71ad511010" testName="Ledger_Transfer_Conserves_Total_Units_For_A_Good_MarketSemantics" computerName="HOME" duration="00:00:00.0003190" startTime="2026-02-21T07:13:50.3394465-05:00" endTime="2026-02-21T07:13:50.3397655-05:00" testType="13cdc9d9-ddb5-4fa4-a97d-d965ccfc6d4b" outcome="Passed" testListId="8c84fa94-04c1-424b-9868-57a2d4851a1d" relativeResultsDirectory="aba8aa95-fdbf-431a-9598-adb893c9af58" />
    <UnitTestResult executionId="39f51abf-dee0-4028-889a-5f5c65966682" testId="e4d8b1fd-8792-9ea4-b08a-25674d31ced2" testName="MidPrice_LowSupply_IsHigherThanBase" computerName="HOME" duration="00:00:00.0000760" startTime="2026-02-21T07:13:50.4038171-05:00" endTime="2026-02-21T07:13:50.4038928-05:00" testType="13cdc9d9-ddb5-4fa4-a97d-d965ccfc6d4b" outcome="Passed" testListId="8c84fa94-04c1-424b-9868-57a2d4851a1d" relativeResultsDirectory="39f51abf-dee0-4028-889a-5f5c65966682" />
    <UnitTestResult executionId="acda3ca2-004f-4189-972f-69ba879251f1" testId="dac1168d-2cb6-067b-64d1-1be9698be60c" testName="PerfBudget_Slice3_V0_BudgetGuard_FailsWhenExceeded" computerName="HOME" duration="00:00:00.0277180" startTime="2026-02-21T07:13:46.9585549-05:00" endTime="2026-02-21T07:13:46.9862725-05:00" testType="13cdc9d9-ddb5-4fa4-a97d-d965ccfc6d4b" outcome="Passed" testListId="8c84fa94-04c1-424b-9868-57a2d4851a1d" relativeResultsDirectory="acda3ca2-004f-4189-972f-69ba879251f1" />
    <UnitTestResult executionId="c42395d4-510a-433e-a5c1-652d499f40db" testId="7c479528-6e0e-5587-048c-31be72a34d84" testName="CapacityScarcity_MultiTransfer_Overflow_IsStableAcrossTicks_And_PerTransferRemaindersAreDeterministic" computerName="HOME" duration="00:00:00.0084169" startTime="2026-02-21T07:13:51.2751509-05:00" endTime="2026-02-21T07:13:51.2835672-05:00" testType="13cdc9d9-ddb5-4fa4-a97d-d965ccfc6d4b" outcome="Passed" testListId="8c84fa94-04c1-424b-9868-57a2d4851a1d" relativeResultsDirectory="c42395d4-510a-433e-a5c1-652d499f40db" />
    <UnitTestResult executionId="87762bc8-400e-437a-b474-9bc8751a7026" testId="fd6eeefd-e529-eef1-ddb4-cd522f5c06aa" testName="Add_Then_Remove_Returns_To_Original_Cargo_Removes_Zero_Key" computerName="HOME" duration="00:00:00.0001090" startTime="2026-02-21T07:13:51.2747560-05:00" endTime="2026-02-21T07:13:51.2748651-05:00" testType="13cdc9d9-ddb5-4fa4-a97d-d965ccfc6d4b" outcome="Passed" testListId="8c84fa94-04c1-424b-9868-57a2d4851a1d" relativeResultsDirectory="87762bc8-400e-437a-b474-9bc8751a7026" />
    <UnitTestResult executionId="98a8bf62-e77a-4cb0-ba6f-7b6ccb074cef" testId="ec1393c4-4703-4e7e-782c-715fcac654e8" testName="MidPrice_ZeroSupply_IsHigh" computerName="HOME" duration="00:00:00.0000460" startTime="2026-02-21T07:13:50.4038977-05:00" endTime="2026-02-21T07:13:50.4039435-05:00" testType="13cdc9d9-ddb5-4fa4-a97d-d965ccfc6d4b" outcome="Passed" testListId="8c84fa94-04c1-424b-9868-57a2d4851a1d" relativeResultsDirectory="98a8bf62-e77a-4cb0-ba6f-7b6ccb074cef" />
    <UnitTestResult executionId="6bfdbfe9-78a4-413d-bc04-7b587f8821aa" testId="0d05c884-8e0d-ac6b-0e52-1c42949745e9" testName="MidPrice_HighSupply_IsLowerThanBase" computerName="HOME" duration="00:00:00.0002650" startTime="2026-02-21T07:13:50.4035320-05:00" endTime="2026-02-21T07:13:50.4037968-05:00" testType="13cdc9d9-ddb5-4fa4-a97d-d965ccfc6d4b" outcome="Passed" testListId="8c84fa94-04c1-424b-9868-57a2d4851a1d" relativeResultsDirectory="6bfdbfe9-78a4-413d-bc04-7b587f8821aa" />
    <UnitTestResult executionId="c433bb3c-0172-4c15-9710-bfe4bfc546ac" testId="be0cd5fc-107a-20d9-d6b5-cd6d244f0149" testName="MovementSystem_AdvancesProgress_AndArrives" computerName="HOME" duration="00:00:00.0011280" startTime="2026-02-21T07:13:51.2975001-05:00" endTime="2026-02-21T07:13:51.2986283-05:00" testType="13cdc9d9-ddb5-4fa4-a97d-d965ccfc6d4b" outcome="Passed" testListId="8c84fa94-04c1-424b-9868-57a2d4851a1d" relativeResultsDirectory="c433bb3c-0172-4c15-9710-bfe4bfc546ac" />
    <UnitTestResult executionId="2ac7e51f-759e-4f5d-ba60-e7b06e070ba3" testId="7c4fd7a0-5368-214c-036e-e2c47d2b18a2" testName="PublishedPrices_Initialize_AndRemainStable_WithinWindow" computerName="HOME" duration="00:00:00.0001480" startTime="2026-02-21T07:13:51.2939055-05:00" endTime="2026-02-21T07:13:51.2940535-05:00" testType="13cdc9d9-ddb5-4fa4-a97d-d965ccfc6d4b" outcome="Passed" testListId="8c84fa94-04c1-424b-9868-57a2d4851a1d" relativeResultsDirectory="2ac7e51f-759e-4f5d-ba60-e7b06e070ba3" />
    <UnitTestResult executionId="da4fa928-5eaf-4b72-9ec4-d68a66aa2d57" testId="c944b59e-30c7-d0be-197a-ac0921f227b6" testName="Simulation_Is_Deterministic_With_Input" computerName="HOME" duration="00:00:02.9145819" startTime="2026-02-21T07:13:47.0258541-05:00" endTime="2026-02-21T07:13:49.9404360-05:00" testType="13cdc9d9-ddb5-4fa4-a97d-d965ccfc6d4b" outcome="Passed" testListId="8c84fa94-04c1-424b-9868-57a2d4851a1d" relativeResultsDirectory="da4fa928-5eaf-4b72-9ec4-d68a66aa2d57">
      <Output>
        <StdOut>Genesis Hash: E40FF89C0EFD88A58B46153FBEE14F81C8F1AAA9419153A3C04AE6A6FC5F21D9&#xD;
Final Hash A: DACCFA3B9681B7A654D8C825A3394B25108F07E9FC9EE1B09CE71B35A20FFEAD&#xD;
Final Hash B: DACCFA3B9681B7A654D8C825A3394B25108F07E9FC9EE1B09CE71B35A20FFEAD</StdOut>
      </Output>
    </UnitTestResult>
    <UnitTestResult executionId="0e30ca91-6918-4960-b4cc-7730aac1dee2" testId="cf507909-f2fb-5031-715d-1ce0c0ac4705" testName="PerfBudget_Slice3_V0_AverageTickTime_WithinBudget_And_ReportDeterministic" computerName="HOME" duration="00:00:23.0915399" startTime="2026-02-21T07:13:23.8669695-05:00" endTime="2026-02-21T07:13:46.9585085-05:00" testType="13cdc9d9-ddb5-4fa4-a97d-d965ccfc6d4b" outcome="Passed" testListId="8c84fa94-04c1-424b-9868-57a2d4851a1d" relativeResultsDirectory="0e30ca91-6918-4960-b4cc-7730aac1dee2">
      <Output>
        <StdOut>PERF_BUDGET_REPORT_V0&#xD;
seed=424242&#xD;
ticks_total=600&#xD;
ticks_measured=300&#xD;
fleets=60&#xD;
active_transfers=200&#xD;
budget_ms_per_tick=50&#xD;
total_ms_measured=11144.323&#xD;
avg_ms_per_tick=37.148</StdOut>
      </Output>
    </UnitTestResult>
    <UnitTestResult executionId="ff102841-86b6-46cc-92ec-b0492312df17" testId="909ece48-7c1e-0587-bc9c-c17833d2d364" testName="PROG_CMD_001_set_status_command_updates_program_and_clamps_next_run_tick_on_start" computerName="HOME" duration="00:00:00.0003830" startTime="2026-02-21T07:13:50.4365027-05:00" endTime="2026-02-21T07:13:50.4368859-05:00" testType="13cdc9d9-ddb5-4fa4-a97d-d965ccfc6d4b" outcome="Passed" testListId="8c84fa94-04c1-424b-9868-57a2d4851a1d" relativeResultsDirectory="ff102841-86b6-46cc-92ec-b0492312df17" />
    <UnitTestResult executionId="89a266c3-6dec-47ce-8d0f-bd533b1ef8a8" testId="44c3c029-785c-3e9c-87ae-e450fb77e37d" testName="BufferTarget_Scales_Linearly_With_Days" computerName="HOME" duration="00:00:00.0000810" startTime="2026-02-21T07:13:51.2224417-05:00" endTime="2026-02-21T07:13:51.2225224-05:00" testType="13cdc9d9-ddb5-4fa4-a97d-d965ccfc6d4b" outcome="Passed" testListId="8c84fa94-04c1-424b-9868-57a2d4851a1d" relativeResultsDirectory="89a266c3-6dec-47ce-8d0f-bd533b1ef8a8" />
    <UnitTestResult executionId="5cf056e1-71de-43b8-ae42-f697c00880a4" testId="e774b232-1dc1-0f5f-77c3-83121c6990db" testName="World001_Loads_WithExpectedCounts_AndStableIds" computerName="HOME" duration="00:00:00.0008750" startTime="2026-02-21T07:13:51.3048893-05:00" endTime="2026-02-21T07:13:51.3057639-05:00" testType="13cdc9d9-ddb5-4fa4-a97d-d965ccfc6d4b" outcome="Passed" testListId="8c84fa94-04c1-424b-9868-57a2d4851a1d" relativeResultsDirectory="5cf056e1-71de-43b8-ae42-f697c00880a4" />
    <UnitTestResult executionId="85d974e3-af2a-4a7e-a61f-eded769f73f3" testId="1a0c9cd1-005f-cc36-ba7b-047adaef086b" testName="LogisticsEvents_SameTick_OrderIsDeterministic_UnderMultiFleetContention" computerName="HOME" duration="00:00:00.0045059" startTime="2026-02-21T07:12:57.1376651-05:00" endTime="2026-02-21T07:12:57.1421702-05:00" testType="13cdc9d9-ddb5-4fa4-a97d-d965ccfc6d4b" outcome="Passed" testListId="8c84fa94-04c1-424b-9868-57a2d4851a1d" relativeResultsDirectory="85d974e3-af2a-4a7e-a61f-eded769f73f3" />
    <UnitTestResult executionId="67575f7c-3dd2-4304-8d68-e18f1374e849" testId="cab6ea2e-853f-e9cc-73f0-1fd5eaf2e39c" testName="World001_IsDeterministic_BySignature" computerName="HOME" duration="00:00:00.0059239" startTime="2026-02-21T07:13:51.2989367-05:00" endTime="2026-02-21T07:13:51.3048598-05:00" testType="13cdc9d9-ddb5-4fa4-a97d-d965ccfc6d4b" outcome="Passed" testListId="8c84fa94-04c1-424b-9868-57a2d4851a1d" relativeResultsDirectory="67575f7c-3dd2-4304-8d68-e18f1374e849" />
    <UnitTestResult executionId="0193555a-f4c3-451a-b7fa-4f8770f18c83" testId="9fd3495b-a209-1fa8-7957-e4f2307d3956" testName="Signal_TraceAndHeat_ArePersistedInSignature" computerName="HOME" duration="00:00:00.0002230" startTime="2026-02-21T07:13:51.2220612-05:00" endTime="2026-02-21T07:13:51.2222838-05:00" testType="13cdc9d9-ddb5-4fa4-a97d-d965ccfc6d4b" outcome="Passed" testListId="8c84fa94-04c1-424b-9868-57a2d4851a1d" relativeResultsDirectory="0193555a-f4c3-451a-b7fa-4f8770f18c83" />
    <UnitTestResult executionId="ebce6b42-dc79-45bf-b9f0-1400d464b094" testId="e6aa184a-da3b-5504-348b-527dcd1b01e1" testName="PROG_EXEC_002_TradeProgram_DrivesBuySell_Intents_AgainstWorld001_And_OnlyAffectsOutcomesViaTick" computerName="HOME" duration="00:00:00.0010410" startTime="2026-02-21T07:13:50.4300851-05:00" endTime="2026-02-21T07:13:50.4311261-05:00" testType="13cdc9d9-ddb5-4fa4-a97d-d965ccfc6d4b" outcome="Passed" testListId="8c84fa94-04c1-424b-9868-57a2d4851a1d" relativeResultsDirectory="ebce6b42-dc79-45bf-b9f0-1400d464b094" />
    <UnitTestResult executionId="eb01b40b-ad1a-49f6-86d3-11a70cf1d1b0" testId="84ed8c95-4b7a-1889-e3d2-54b815f17cea" testName="ManualOverride_CancelsActiveLogisticsJob_AndDoesNotResumeWhenCleared" computerName="HOME" duration="00:00:00.0117550" startTime="2026-02-21T07:13:51.2506714-05:00" endTime="2026-02-21T07:13:51.2624267-05:00" testType="13cdc9d9-ddb5-4fa4-a97d-d965ccfc6d4b" outcome="Passed" testListId="8c84fa94-04c1-424b-9868-57a2d4851a1d" relativeResultsDirectory="eb01b40b-ad1a-49f6-86d3-11a70cf1d1b0" />
    <UnitTestResult executionId="293b19e6-1c8e-4565-82ca-b32c0f513b37" testId="58fd4c81-7955-949c-5e77-9bd65f115ccf" testName="Fleet_CanTravel_BetweenConnectedNodes" computerName="HOME" duration="00:00:00.0006710" startTime="2026-02-21T07:13:50.4162401-05:00" endTime="2026-02-21T07:13:50.4169106-05:00" testType="13cdc9d9-ddb5-4fa4-a97d-d965ccfc6d4b" outcome="Passed" testListId="8c84fa94-04c1-424b-9868-57a2d4851a1d" relativeResultsDirectory="293b19e6-1c8e-4565-82ca-b32c0f513b37" />
    <UnitTestResult executionId="321d3d0e-5f0b-4927-855c-6803ffef373d" testId="46bf89f4-de8e-7bc6-2429-7e9e5e203fcb" testName="UnloadCargo_ClampsToCargoAvailable_AndNoNegatives" computerName="HOME" duration="00:00:00.0003310" startTime="2026-02-21T07:13:51.2935120-05:00" endTime="2026-02-21T07:13:51.2938425-05:00" testType="13cdc9d9-ddb5-4fa4-a97d-d965ccfc6d4b" outcome="Passed" testListId="8c84fa94-04c1-424b-9868-57a2d4851a1d" relativeResultsDirectory="321d3d0e-5f0b-4927-855c-6803ffef373d" />
    <UnitTestResult executionId="1a37a4e5-e122-4c6c-bb77-a0e12551c7ba" testId="8d5d3d90-524f-5570-bea3-471c83cfcf49" testName="SaveLoad_RoundTrip_Preserves_FleetCargo_Exactly" computerName="HOME" duration="00:00:00.0039910" startTime="2026-02-21T07:13:50.4369580-05:00" endTime="2026-02-21T07:13:50.4409484-05:00" testType="13cdc9d9-ddb5-4fa4-a97d-d965ccfc6d4b" outcome="Passed" testListId="8c84fa94-04c1-424b-9868-57a2d4851a1d" relativeResultsDirectory="1a37a4e5-e122-4c6c-bb77-a0e12551c7ba" />
    <UnitTestResult executionId="3604b0ba-0153-43ab-a2f3-271352173512" testId="b522f372-e6c3-56bd-afd5-4088da814f4e" testName="LongRun_10000Ticks_Matches_Golden" computerName="HOME" duration="00:00:26.7246200" startTime="2026-02-21T07:12:57.1423056-05:00" endTime="2026-02-21T07:13:23.8669247-05:00" testType="13cdc9d9-ddb5-4fa4-a97d-d965ccfc6d4b" outcome="Passed" testListId="8c84fa94-04c1-424b-9868-57a2d4851a1d" relativeResultsDirectory="3604b0ba-0153-43ab-a2f3-271352173512">
      <Output>
        <StdOut>LongRun Seed: 42 (override via STE_LONGRUN_SEED)&#xD;
LongRun Ticks: 10000&#xD;
LongRun Checkpoints: 0,1000,5000,10000&#xD;
Genesis Hash A: E40FF89C0EFD88A58B46153FBEE14F81C8F1AAA9419153A3C04AE6A6FC5F21D9&#xD;
Final   Hash A: 054FA896B4895DE1C7E84666979E746ECC36A9D53D27B57F0D56ADA2B29AF610&#xD;
Checkpoint[A] tick=0: E40FF89C0EFD88A58B46153FBEE14F81C8F1AAA9419153A3C04AE6A6FC5F21D9&#xD;
Checkpoint[A] tick=1000: F1A71B987B47C9E9071D72AAAAB99A22A7E61F67ED080184AA4BA8E9FABDC386&#xD;
Checkpoint[A] tick=5000: 33E7E234167B8D813E052953525BB8EF41D546B2327F9151D267270B1902B1F9&#xD;
Checkpoint[A] tick=10000: 054FA896B4895DE1C7E84666979E746ECC36A9D53D27B57F0D56ADA2B29AF610&#xD;
Genesis Hash B: E40FF89C0EFD88A58B46153FBEE14F81C8F1AAA9419153A3C04AE6A6FC5F21D9&#xD;
Final   Hash B: 054FA896B4895DE1C7E84666979E746ECC36A9D53D27B57F0D56ADA2B29AF610&#xD;
Checkpoint[B] tick=0: E40FF89C0EFD88A58B46153FBEE14F81C8F1AAA9419153A3C04AE6A6FC5F21D9&#xD;
Checkpoint[B] tick=1000: F1A71B987B47C9E9071D72AAAAB99A22A7E61F67ED080184AA4BA8E9FABDC386&#xD;
Checkpoint[B] tick=5000: 33E7E234167B8D813E052953525BB8EF41D546B2327F9151D267270B1902B1F9&#xD;
Checkpoint[B] tick=10000: 054FA896B4895DE1C7E84666979E746ECC36A9D53D27B57F0D56ADA2B29AF610</StdOut>
      </Output>
    </UnitTestResult>
    <UnitTestResult executionId="db3adf5a-689f-47ae-af1d-8ff6ed16caa6" testId="08e87e66-8f8f-5ce1-82f0-d307d04ebe93" testName="SaveLoad_RoundTrip_Preserves_ManualOverrideNodeId_Exactly" computerName="HOME" duration="00:00:00.0090200" startTime="2026-02-21T07:13:50.4410415-05:00" endTime="2026-02-21T07:13:50.4500614-05:00" testType="13cdc9d9-ddb5-4fa4-a97d-d965ccfc6d4b" outcome="Passed" testListId="8c84fa94-04c1-424b-9868-57a2d4851a1d" relativeResultsDirectory="db3adf5a-689f-47ae-af1d-8ff6ed16caa6" />
    <UnitTestResult executionId="fed2cd8b-5dc2-44c1-9096-1d22b8770c16" testId="75377a2f-35a9-38bd-ec2d-64eaff988dd5" testName="LogisticsSystem_Process_MayEnqueueIntents_But_MutationsOccurOnlyWhenIntentSystemProcesses" computerName="HOME" duration="00:00:00.0004920" startTime="2026-02-21T07:13:51.2280158-05:00" endTime="2026-02-21T07:13:51.2285082-05:00" testType="13cdc9d9-ddb5-4fa4-a97d-d965ccfc6d4b" outcome="Passed" testListId="8c84fa94-04c1-424b-9868-57a2d4851a1d" relativeResultsDirectory="fed2cd8b-5dc2-44c1-9096-1d22b8770c16" />
    <UnitTestResult executionId="d991a1f5-0ead-4366-9fc5-1c4cb5a3a74a" testId="15d11c10-1eb9-8c16-933b-6a766c0809d4" testName="PROG_001_program_schema_file_exists_and_is_json" computerName="HOME" duration="00:00:00.0009990" startTime="2026-02-21T07:13:50.4283051-05:00" endTime="2026-02-21T07:13:50.4293037-05:00" testType="13cdc9d9-ddb5-4fa4-a97d-d965ccfc6d4b" outcome="Passed" testListId="8c84fa94-04c1-424b-9868-57a2d4851a1d" relativeResultsDirectory="d991a1f5-0ead-4366-9fc5-1c4cb5a3a74a" />
    <UnitTestResult executionId="d2ccfeb9-3527-47b6-a960-660e70132901" testId="2f8387ed-2135-4ac2-1263-b855695950d4" testName="SeedExplorer_V0_Reports_Are_ByteForByte_Deterministic_And_NoTimeLeakage" computerName="HOME" duration="00:00:00.0067810" startTime="2026-02-21T07:13:47.0069588-05:00" endTime="2026-02-21T07:13:47.0137396-05:00" testType="13cdc9d9-ddb5-4fa4-a97d-d965ccfc6d4b" outcome="Passed" testListId="8c84fa94-04c1-424b-9868-57a2d4851a1d" relativeResultsDirectory="d2ccfeb9-3527-47b6-a960-660e70132901" />
    <UnitTestResult executionId="0f466d5d-7d13-4a87-9488-f89524af942e" testId="d78d3c06-2886-7fef-301b-969b2fea4581" testName="SimCore_MustNotUse_SystemIO_ForRuntimeFileAccess" computerName="HOME" duration="00:00:00.0056810" startTime="2026-02-21T07:13:50.3852353-05:00" endTime="2026-02-21T07:13:50.3909157-05:00" testType="13cdc9d9-ddb5-4fa4-a97d-d965ccfc6d4b" outcome="Passed" testListId="8c84fa94-04c1-424b-9868-57a2d4851a1d" relativeResultsDirectory="0f466d5d-7d13-4a87-9488-f89524af942e" />
    <UnitTestResult executionId="2965282d-5f35-4a03-a782-b5e45c14ec8b" testId="6205d599-13ba-e649-cd45-37cfdbb233e1" testName="QUOTE_001_request_plus_snapshot_produces_deterministic_schema_bound_quote_against_golden" computerName="HOME" duration="00:00:00.0040580" startTime="2026-02-21T07:13:50.4323547-05:00" endTime="2026-02-21T07:13:50.4364122-05:00" testType="13cdc9d9-ddb5-4fa4-a97d-d965ccfc6d4b" outcome="Passed" testListId="8c84fa94-04c1-424b-9868-57a2d4851a1d" relativeResultsDirectory="2965282d-5f35-4a03-a782-b5e45c14ec8b" />
    <UnitTestResult executionId="b462fc47-cd5c-45a7-b9f4-c7dc22a213e0" testId="83d8e03f-1017-5332-356c-3f070a3bb76c" testName="FactionSeeding_Report_IsDeterministic_AndDiffsAcrossSeeds" computerName="HOME" duration="00:00:00.0049350" startTime="2026-02-21T07:13:47.0191096-05:00" endTime="2026-02-21T07:13:47.0240431-05:00" testType="13cdc9d9-ddb5-4fa4-a97d-d965ccfc6d4b" outcome="Passed" testListId="8c84fa94-04c1-424b-9868-57a2d4851a1d" relativeResultsDirectory="b462fc47-cd5c-45a7-b9f4-c7dc22a213e0" />
    <UnitTestResult executionId="f9318de8-27d0-4a75-ac71-10e2380fbf40" testId="f01fb897-1409-3ef0-b33b-0f3cdd76e8c9" testName="PartialPickup_DeliversOnlyWhatWasLoaded" computerName="HOME" duration="00:00:00.0003710" startTime="2026-02-21T07:13:51.2898905-05:00" endTime="2026-02-21T07:13:51.2902619-05:00" testType="13cdc9d9-ddb5-4fa4-a97d-d965ccfc6d4b" outcome="Passed" testListId="8c84fa94-04c1-424b-9868-57a2d4851a1d" relativeResultsDirectory="f9318de8-27d0-4a75-ac71-10e2380fbf40" />
    <UnitTestResult executionId="71081b7a-ea23-42a1-8014-66721c721305" testId="8680dc49-265d-c9c3-116f-461ca2661675" testName="EXPLAIN_001_program_explain_payload_is_schema_bound_and_deterministic" computerName="HOME" duration="00:00:00.0022970" startTime="2026-02-21T07:13:50.4259913-05:00" endTime="2026-02-21T07:13:50.4282882-05:00" testType="13cdc9d9-ddb5-4fa4-a97d-d965ccfc6d4b" outcome="Passed" testListId="8c84fa94-04c1-424b-9868-57a2d4851a1d" relativeResultsDirectory="71081b7a-ea23-42a1-8014-66721c721305" />
    <UnitTestResult executionId="80fb089d-04f7-42e7-822a-398c575eb9ec" testId="8cf1dbbd-4506-f5dd-ac4d-cd27d5258730" testName="Containment_ClampsTrace_ToZero" computerName="HOME" duration="00:00:00.0072240" startTime="2026-02-21T07:12:56.9915219-05:00" endTime="2026-02-21T07:12:56.9987027-05:00" testType="13cdc9d9-ddb5-4fa4-a97d-d965ccfc6d4b" outcome="Passed" testListId="8c84fa94-04c1-424b-9868-57a2d4851a1d" relativeResultsDirectory="80fb089d-04f7-42e7-822a-398c575eb9ec" />
    <UnitTestResult executionId="9f2d78cc-e7b0-40df-9814-949d2bc5328b" testId="b51de1ca-b3ea-9eac-fa0d-b3e4a00db978" testName="PROG_UI_001_manual_override_job_cancel_emits_event_and_pauses_programs" computerName="HOME" duration="00:00:00.0005030" startTime="2026-02-21T07:13:50.4317750-05:00" endTime="2026-02-21T07:13:50.4322779-05:00" testType="13cdc9d9-ddb5-4fa4-a97d-d965ccfc6d4b" outcome="Passed" testListId="8c84fa94-04c1-424b-9868-57a2d4851a1d" relativeResultsDirectory="9f2d78cc-e7b0-40df-9814-949d2bc5328b" />
    <UnitTestResult executionId="84aa52e8-18e8-4a18-9578-d5491b0343f4" testId="89804714-ec7c-aeca-abb4-18b9a64df254" testName="DOCTRINE_001_DefaultDoctrine_Exists_HasMax2Toggles_AndIsDeterministic" computerName="HOME" duration="00:00:00.0074570" startTime="2026-02-21T07:13:50.4170136-05:00" endTime="2026-02-21T07:13:50.4244707-05:00" testType="13cdc9d9-ddb5-4fa4-a97d-d965ccfc6d4b" outcome="Passed" testListId="8c84fa94-04c1-424b-9868-57a2d4851a1d" relativeResultsDirectory="84aa52e8-18e8-4a18-9578-d5491b0343f4" />
    <UnitTestResult executionId="f6e8166d-315a-4c8a-9791-64ccf20e8585" testId="a9efb629-0b99-8f53-a02b-c0ab88233a52" testName="Reservation_Behavior_IsDeterministic_AcrossFreshRuns" computerName="HOME" duration="00:00:00.0006440" startTime="2026-02-21T07:13:51.2906044-05:00" endTime="2026-02-21T07:13:51.2912486-05:00" testType="13cdc9d9-ddb5-4fa4-a97d-d965ccfc6d4b" outcome="Passed" testListId="8c84fa94-04c1-424b-9868-57a2d4851a1d" relativeResultsDirectory="f6e8166d-315a-4c8a-9791-64ccf20e8585" />
    <UnitTestResult executionId="d5309de5-094c-4d32-b062-ce0f0a1e7940" testId="f23fea91-2d72-effc-be51-77b14656b83b" testName="Containment_DecaysTrace_OverTime" computerName="HOME" duration="00:00:00.0004370" startTime="2026-02-21T07:12:56.9996775-05:00" endTime="2026-02-21T07:12:57.0001149-05:00" testType="13cdc9d9-ddb5-4fa4-a97d-d965ccfc6d4b" outcome="Passed" testListId="8c84fa94-04c1-424b-9868-57a2d4851a1d" relativeResultsDirectory="d5309de5-094c-4d32-b062-ce0f0a1e7940" />
    <UnitTestResult executionId="55bb1329-f368-48c6-87df-a2752562cc87" testId="c912fbcb-9c76-36e4-0439-a05baa70e6dd" testName="Logistics_AssignsJob_WhenShortageExists" computerName="HOME" duration="00:00:00.0010970" startTime="2026-02-21T07:13:50.3910444-05:00" endTime="2026-02-21T07:13:50.3921416-05:00" testType="13cdc9d9-ddb5-4fa4-a97d-d965ccfc6d4b" outcome="Passed" testListId="8c84fa94-04c1-424b-9868-57a2d4851a1d" relativeResultsDirectory="55bb1329-f368-48c6-87df-a2752562cc87" />
    <UnitTestResult executionId="d5940d50-4ef1-4a75-933b-cc1a550fe8a6" testId="e10f67d3-f4b6-69ad-4b74-17df096ad80f" testName="WorldgenDistributionBounds_StarterGoods_EachHasProducerAndSink_Over100Seeds_AndEmitsDeterministicReport" computerName="HOME" duration="00:00:00.0119510" startTime="2026-02-21T07:13:50.4041380-05:00" endTime="2026-02-21T07:13:50.4160892-05:00" testType="13cdc9d9-ddb5-4fa4-a97d-d965ccfc6d4b" outcome="Passed" testListId="8c84fa94-04c1-424b-9868-57a2d4851a1d" relativeResultsDirectory="d5940d50-4ef1-4a75-933b-cc1a550fe8a6" />
    <UnitTestResult executionId="bd591891-471c-476a-a6ee-5199d3b4fdd1" testId="11f3c1be-327a-5404-aeb5-b0ae6546da2a" testName="BufferTarget_Uses_Days_Converted_To_Ticks" computerName="HOME" duration="00:00:00.0000610" startTime="2026-02-21T07:13:51.2226601-05:00" endTime="2026-02-21T07:13:51.2227206-05:00" testType="13cdc9d9-ddb5-4fa4-a97d-d965ccfc6d4b" outcome="Passed" testListId="8c84fa94-04c1-424b-9868-57a2d4851a1d" relativeResultsDirectory="bd591891-471c-476a-a6ee-5199d3b4fdd1" />
    <UnitTestResult executionId="36c12bf1-388a-4c72-b951-4caadc4169a8" testId="fb10ec80-fd0a-bc1e-45f1-e0bce7f34f8f" testName="CancelJob_ClearsJobRouteAndTask_Deterministically" computerName="HOME" duration="00:00:00.0048280" startTime="2026-02-21T07:13:51.2625629-05:00" endTime="2026-02-21T07:13:51.2673902-05:00" testType="13cdc9d9-ddb5-4fa4-a97d-d965ccfc6d4b" outcome="Passed" testListId="8c84fa94-04c1-424b-9868-57a2d4851a1d" relativeResultsDirectory="36c12bf1-388a-4c72-b951-4caadc4169a8" />
    <UnitTestResult executionId="e32e45b9-4e35-4f5e-a625-3fa36ae2434d" testId="33b7e9b5-979e-71ee-ff9d-77f65d7b6b45" testName="PROG_LIFE_001_start_pause_cancel_transitions_are_stable" computerName="HOME" duration="00:00:00.0005430" startTime="2026-02-21T07:13:50.4312166-05:00" endTime="2026-02-21T07:13:50.4317594-05:00" testType="13cdc9d9-ddb5-4fa4-a97d-d965ccfc6d4b" outcome="Passed" testListId="8c84fa94-04c1-424b-9868-57a2d4851a1d" relativeResultsDirectory="e32e45b9-4e35-4f5e-a625-3fa36ae2434d" />
    <UnitTestResult executionId="2aea4775-bda3-4690-9aa1-e35cadbc36e5" testId="e357e99b-dfc2-7a0f-9cfa-a76af3c7a5a5" testName="Cancel_WhenPickupLoadsZero_ClearsFleetStateDeterministically" computerName="HOME" duration="00:00:00.0005199" startTime="2026-02-21T07:13:51.2847846-05:00" endTime="2026-02-21T07:13:51.2853042-05:00" testType="13cdc9d9-ddb5-4fa4-a97d-d965ccfc6d4b" outcome="Passed" testListId="8c84fa94-04c1-424b-9868-57a2d4851a1d" relativeResultsDirectory="2aea4775-bda3-4690-9aa1-e35cadbc36e5" />
    <UnitTestResult executionId="0dd5b17f-b767-49d7-bfe5-7b246ae38f31" testId="2afec21d-5b14-7988-d9e6-5bac07da2c08" testName="Generation_IsDeterministic" computerName="HOME" duration="00:00:00.0014240" startTime="2026-02-21T07:13:47.0242839-05:00" endTime="2026-02-21T07:13:47.0257076-05:00" testType="13cdc9d9-ddb5-4fa4-a97d-d965ccfc6d4b" outcome="Passed" testListId="8c84fa94-04c1-424b-9868-57a2d4851a1d" relativeResultsDirectory="0dd5b17f-b767-49d7-bfe5-7b246ae38f31">
      <Output>
        <StdOut>WROTE_TOPOLOGY_DUMP: C:\Users\marsh\Documents\Space Trade Empire\docs\generated\galaxy_topology_dump_seed_999_starcount_12_radius_100.txt</StdOut>
      </Output>
    </UnitTestResult>
    <UnitTestResult executionId="5fe541ae-338a-43fa-b558-4ec674490e36" testId="affa2024-fd18-3e80-3376-215426f210d1" testName="Monotonicity_ScarcerStock_IncreasesAllPrices" computerName="HOME" duration="00:00:00.0000770" startTime="2026-02-21T07:13:50.4039471-05:00" endTime="2026-02-21T07:13:50.4040247-05:00" testType="13cdc9d9-ddb5-4fa4-a97d-d965ccfc6d4b" outcome="Passed" testListId="8c84fa94-04c1-424b-9868-57a2d4851a1d" relativeResultsDirectory="5fe541ae-338a-43fa-b558-4ec674490e36" />
    <UnitTestResult executionId="ad734a9e-6921-423e-8b64-8007468e1f2a" testId="1ee510b9-84d4-5166-192d-4c98ecb1bb66" testName="IfSupplierRefillsBeforeN_JobRetriesAndCompletes" computerName="HOME" duration="00:00:00.0004860" startTime="2026-02-21T07:13:51.2916978-05:00" endTime="2026-02-21T07:13:51.2921840-05:00" testType="13cdc9d9-ddb5-4fa4-a97d-d965ccfc6d4b" outcome="Passed" testListId="8c84fa94-04c1-424b-9868-57a2d4851a1d" relativeResultsDirectory="ad734a9e-6921-423e-8b64-8007468e1f2a" />
    <UnitTestResult executionId="e674ce03-0f65-49e1-bbc3-07d270ad3ba9" testId="49030e73-f588-c16c-7fb8-d7a46cac1829" testName="SeedExplorer_V0_ConfigOverrides_Are_ByteForByte_Deterministic" computerName="HOME" duration="00:00:00.0161020" startTime="2026-02-21T07:13:46.9863220-05:00" endTime="2026-02-21T07:13:47.0024235-05:00" testType="13cdc9d9-ddb5-4fa4-a97d-d965ccfc6d4b" outcome="Passed" testListId="8c84fa94-04c1-424b-9868-57a2d4851a1d" relativeResultsDirectory="e674ce03-0f65-49e1-bbc3-07d270ad3ba9" />
    <UnitTestResult executionId="d4620ff0-4a1e-4d04-aaf5-7928150275db" testId="4c6c3d6d-d9d9-c512-a1da-351dba3f0f92" testName="Generation_CreatesValidMarkets_WithGoods" computerName="HOME" duration="00:00:00.0002070" startTime="2026-02-21T07:13:47.0240669-05:00" endTime="2026-02-21T07:13:47.0242740-05:00" testType="13cdc9d9-ddb5-4fa4-a97d-d965ccfc6d4b" outcome="Passed" testListId="8c84fa94-04c1-424b-9868-57a2d4851a1d" relativeResultsDirectory="d4620ff0-4a1e-4d04-aaf5-7928150275db" />
    <UnitTestResult executionId="efdbb69c-79bc-4449-9570-d05eca4131f8" testId="9c0a4bac-e37b-6e5f-071e-9be8ea0c0e89" testName="BufferTarget_Scales_Linearly_With_PerTick_Input" computerName="HOME" duration="00:00:00.0000950" startTime="2026-02-21T07:13:51.2225252-05:00" endTime="2026-02-21T07:13:51.2226199-05:00" testType="13cdc9d9-ddb5-4fa4-a97d-d965ccfc6d4b" outcome="Passed" testListId="8c84fa94-04c1-424b-9868-57a2d4851a1d" relativeResultsDirectory="efdbb69c-79bc-4449-9570-d05eca4131f8" />
    <UnitTestResult executionId="2d277d21-bf01-4d91-82e3-df43b5b2de63" testId="7f82ca3e-e4ab-89fa-a5d2-ae1ac6f29f90" testName="Remove_To_Zero_Market_Preserves_Zero_Key" computerName="HOME" duration="00:00:00.0000649" startTime="2026-02-21T07:13:51.2749332-05:00" endTime="2026-02-21T07:13:51.2749982-05:00" testType="13cdc9d9-ddb5-4fa4-a97d-d965ccfc6d4b" outcome="Passed" testListId="8c84fa94-04c1-424b-9868-57a2d4851a1d" relativeResultsDirectory="2d277d21-bf01-4d91-82e3-df43b5b2de63" />
    <UnitTestResult executionId="6b601933-9386-46bb-9186-c4d3d727e3c4" testId="be65777f-d6ce-d21e-bf58-6916be1920c5" testName="Enqueue_Debits_Source_Immediately_And_Arrives_After_CeilDistance_Ticks" computerName="HOME" duration="00:00:00.0005270" startTime="2026-02-21T07:13:51.2835939-05:00" endTime="2026-02-21T07:13:51.2841210-05:00" testType="13cdc9d9-ddb5-4fa4-a97d-d965ccfc6d4b" outcome="Passed" testListId="8c84fa94-04c1-424b-9868-57a2d4851a1d" relativeResultsDirectory="6b601933-9386-46bb-9186-c4d3d727e3c4" />
    <UnitTestResult executionId="85a4bb74-69c5-4213-8a9a-5a202b804a7b" testId="b883516b-c285-28e3-c3e2-fb020fa763b5" testName="FleetTravelsOneEdgePerTickFollowingPlannedRoute" computerName="HOME" duration="00:00:00.0005170" startTime="2026-02-21T07:13:51.2717032-05:00" endTime="2026-02-21T07:13:51.2722205-05:00" testType="13cdc9d9-ddb5-4fa4-a97d-d965ccfc6d4b" outcome="Passed" testListId="8c84fa94-04c1-424b-9868-57a2d4851a1d" relativeResultsDirectory="85a4bb74-69c5-4213-8a9a-5a202b804a7b" />
    <UnitTestResult executionId="021b8006-5f40-4957-b5b3-7eb8b0409a69" testId="6c43bcb5-6882-c05c-7f39-8fb5db3657a5" testName="Transfer_IsDeterministic_ForSameInputs" computerName="HOME" duration="00:00:00.0004280" startTime="2026-02-21T07:13:51.2930711-05:00" endTime="2026-02-21T07:13:51.2934989-05:00" testType="13cdc9d9-ddb5-4fa4-a97d-d965ccfc6d4b" outcome="Passed" testListId="8c84fa94-04c1-424b-9868-57a2d4851a1d" relativeResultsDirectory="021b8006-5f40-4957-b5b3-7eb8b0409a69" />
    <UnitTestResult executionId="484fa92b-f1ab-4151-9e31-69b45403e9b9" testId="f5c2d853-1481-f87d-6971-6d001e272239" testName="TimeContract_Constants_AreLocked" computerName="HOME" duration="00:00:00.0000699" startTime="2026-02-21T07:13:51.2973716-05:00" endTime="2026-02-21T07:13:51.2974418-05:00" testType="13cdc9d9-ddb5-4fa4-a97d-d965ccfc6d4b" outcome="Passed" testListId="8c84fa94-04c1-424b-9868-57a2d4851a1d" relativeResultsDirectory="484fa92b-f1ab-4151-9e31-69b45403e9b9" />
    <UnitTestResult executionId="09d690a8-be0b-4385-b774-f374eb6bebc1" testId="83a9ee42-b5e6-5a45-8b4c-404d4d08f217" testName="Spread_BuyPrice_IsGreaterThan_SellPrice" computerName="HOME" duration="00:00:00.0000940" startTime="2026-02-21T07:13:50.4040340-05:00" endTime="2026-02-21T07:13:50.4041280-05:00" testType="13cdc9d9-ddb5-4fa4-a97d-d965ccfc6d4b" outcome="Passed" testListId="8c84fa94-04c1-424b-9868-57a2d4851a1d" relativeResultsDirectory="09d690a8-be0b-4385-b774-f374eb6bebc1" />
    <UnitTestResult executionId="c5b5806b-927c-4003-b90e-a6758be52cea" testId="d257707c-5abe-1a0c-ba75-f976b8691219" testName="SaveLoad_RoundTrip_Preserves_OverrideDrivenRouting_Intention" computerName="HOME" duration="00:00:00.0095840" startTime="2026-02-21T07:13:50.4500832-05:00" endTime="2026-02-21T07:13:50.4596666-05:00" testType="13cdc9d9-ddb5-4fa4-a97d-d965ccfc6d4b" outcome="Passed" testListId="8c84fa94-04c1-424b-9868-57a2d4851a1d" relativeResultsDirectory="c5b5806b-927c-4003-b90e-a6758be52cea" />
    <UnitTestResult executionId="149cc2e8-2741-48a8-baaa-899b9e7ef5c1" testId="65af4c0b-3da9-f7ff-68b6-299671495683" testName="LoadCargo_ClampsToMarketAvailable_AndNoNegatives" computerName="HOME" duration="00:00:00.0004130" startTime="2026-02-21T07:13:51.2926444-05:00" endTime="2026-02-21T07:13:51.2930571-05:00" testType="13cdc9d9-ddb5-4fa4-a97d-d965ccfc6d4b" outcome="Passed" testListId="8c84fa94-04c1-424b-9868-57a2d4851a1d" relativeResultsDirectory="149cc2e8-2741-48a8-baaa-899b9e7ef5c1" />
    <UnitTestResult executionId="49c689fb-b1f7-4969-8c3a-3d766b649265" testId="5198fbed-30db-1138-c246-1b2481c8f2c7" testName="LogisticsJob_ExecutesPickupAndDelivery_ExactlyOnce" computerName="HOME" duration="00:00:00.0005080" startTime="2026-02-21T07:13:51.2885260-05:00" endTime="2026-02-21T07:13:51.2890341-05:00" testType="13cdc9d9-ddb5-4fa4-a97d-d965ccfc6d4b" outcome="Passed" testListId="8c84fa94-04c1-424b-9868-57a2d4851a1d" relativeResultsDirectory="49c689fb-b1f7-4969-8c3a-3d766b649265" />
    <UnitTestResult executionId="c8cda43e-94ca-48a6-b8db-2bf331f00ab5" testId="5f5beafc-14a7-c032-7b1d-b1c0efc69a6f" testName="RetryUpToNZeroPickupObservations_ThenCancel" computerName="HOME" duration="00:00:00.0003710" startTime="2026-02-21T07:13:51.2921980-05:00" endTime="2026-02-21T07:13:51.2925694-05:00" testType="13cdc9d9-ddb5-4fa4-a97d-d965ccfc6d4b" outcome="Passed" testListId="8c84fa94-04c1-424b-9868-57a2d4851a1d" relativeResultsDirectory="c8cda43e-94ca-48a6-b8db-2bf331f00ab5" />
  </Results>
  <TestDefinitions>
    <UnitTest name="Ledger_Never_Allows_Negative_Inventory_MarketSemantics" storage="c:\users\marsh\documents\space trade empire\simcore.tests\bin\release\net8.0\simcore.tests.dll" id="f46e284e-c1f0-0fcf-f792-217f610e8838">
      <Execution id="76ffd797-61c2-4a7b-b567-12d0fc18103d" />
      <TestMethod codeBase="C:\Users\marsh\Documents\Space Trade Empire\SimCore.Tests\bin\Release\net8.0\SimCore.Tests.dll" adapterTypeName="executor://nunit3testexecutor/" className="SimCore.Tests.Invariants.InventoryConservationTests" name="Ledger_Never_Allows_Negative_Inventory_MarketSemantics" />
    </UnitTest>
    <UnitTest name="PublishedPrices_Update_OnNextWindowBoundary" storage="c:\users\marsh\documents\space trade empire\simcore.tests\bin\release\net8.0\simcore.tests.dll" id="97821e94-461e-d559-b9db-0a7204dc0964">
      <Execution id="229fb097-0683-4187-bd08-b3c003aeffa5" />
      <TestMethod codeBase="C:\Users\marsh\Documents\Space Trade Empire\SimCore.Tests\bin\Release\net8.0\SimCore.Tests.dll" adapterTypeName="executor://nunit3testexecutor/" className="SimCore.Tests.Systems.MarketPublishCadenceTests" name="PublishedPrices_Update_OnNextWindowBoundary" />
    </UnitTest>
    <UnitTest name="BufferTarget_Uses_Days_Converted_To_Ticks" storage="c:\users\marsh\documents\space trade empire\simcore.tests\bin\release\net8.0\simcore.tests.dll" id="11f3c1be-327a-5404-aeb5-b0ae6546da2a">
      <Execution id="bd591891-471c-476a-a6ee-5199d3b4fdd1" />
      <TestMethod codeBase="C:\Users\marsh\Documents\Space Trade Empire\SimCore.Tests\bin\Release\net8.0\SimCore.Tests.dll" adapterTypeName="executor://nunit3testexecutor/" className="SimCore.Tests.Sustainment.BufferSizingDaysTests" name="BufferTarget_Uses_Days_Converted_To_Ticks" />
    </UnitTest>
    <UnitTest name="Logistics_AssignsJob_WhenShortageExists" storage="c:\users\marsh\documents\space trade empire\simcore.tests\bin\release\net8.0\simcore.tests.dll" id="c912fbcb-9c76-36e4-0439-a05baa70e6dd">
      <Execution id="55bb1329-f368-48c6-87df-a2752562cc87" />
      <TestMethod codeBase="C:\Users\marsh\Documents\Space Trade Empire\SimCore.Tests\bin\Release\net8.0\SimCore.Tests.dll" adapterTypeName="executor://nunit3testexecutor/" className="SimCore.Tests.LogisticsTests" name="Logistics_AssignsJob_WhenShortageExists" />
    </UnitTest>
    <UnitTest name="PlannedJob_ExecutesPickupAndDelivery_ExactlyOnce" storage="c:\users\marsh\documents\space trade empire\simcore.tests\bin\release\net8.0\simcore.tests.dll" id="c4bc9732-0b25-efe8-0dac-b5b02d64cd89">
      <Execution id="8245ebdb-4aee-42ce-8432-3715dfd36d17" />
      <TestMethod codeBase="C:\Users\marsh\Documents\Space Trade Empire\SimCore.Tests\bin\Release\net8.0\SimCore.Tests.dll" adapterTypeName="executor://nunit3testexecutor/" className="SimCore.Tests.Systems.LogisticsJobExecutionTests" name="PlannedJob_ExecutesPickupAndDelivery_ExactlyOnce" />
    </UnitTest>
    <UnitTest name="Program_LongRun_FinalSignature_IsDeterministic" storage="c:\users\marsh\documents\space trade empire\simcore.tests\bin\release\net8.0\simcore.tests.dll" id="cd17e1d7-bfb8-b528-4a3d-6f1c643b2034">
      <Execution id="bc2a3e02-f90e-42c0-9c7b-8c9eb707d19f" />
      <TestMethod codeBase="C:\Users\marsh\Documents\Space Trade Empire\SimCore.Tests\bin\Release\net8.0\SimCore.Tests.dll" adapterTypeName="executor://nunit3testexecutor/" className="SimCore.Tests.Determinism.ProgramDeterminismTests" name="Program_LongRun_FinalSignature_IsDeterministic" />
    </UnitTest>
    <UnitTest name="LogisticsEvents_SameTick_OrderIsDeterministic_UnderMultiFleetContention" storage="c:\users\marsh\documents\space trade empire\simcore.tests\bin\release\net8.0\simcore.tests.dll" id="1a0c9cd1-005f-cc36-ba7b-047adaef086b">
      <Execution id="85d974e3-af2a-4a7e-a61f-eded769f73f3" />
      <TestMethod codeBase="C:\Users\marsh\Documents\Space Trade Empire\SimCore.Tests\bin\Release\net8.0\SimCore.Tests.dll" adapterTypeName="executor://nunit3testexecutor/" className="SimCore.Tests.Determinism.LogisticsOrderingDeterminismTests" name="LogisticsEvents_SameTick_OrderIsDeterministic_UnderMultiFleetContention" />
    </UnitTest>
    <UnitTest name="PROG_EXEC_002_TradeProgram_DrivesBuySell_Intents_AgainstWorld001_And_OnlyAffectsOutcomesViaTick" storage="c:\users\marsh\documents\space trade empire\simcore.tests\bin\release\net8.0\simcore.tests.dll" id="e6aa184a-da3b-5504-348b-527dcd1b01e1">
      <Execution id="ebce6b42-dc79-45bf-b9f0-1400d464b094" />
      <TestMethod codeBase="C:\Users\marsh\Documents\Space Trade Empire\SimCore.Tests\bin\Release\net8.0\SimCore.Tests.dll" adapterTypeName="executor://nunit3testexecutor/" className="SimCore.Tests.Programs.ProgramExecutionIntegrationTests" name="PROG_EXEC_002_TradeProgram_DrivesBuySell_Intents_AgainstWorld001_And_OnlyAffectsOutcomesViaTick" />
    </UnitTest>
    <UnitTest name="PROG_UI_001_manual_override_job_cancel_emits_event_and_pauses_programs" storage="c:\users\marsh\documents\space trade empire\simcore.tests\bin\release\net8.0\simcore.tests.dll" id="b51de1ca-b3ea-9eac-fa0d-b3e4a00db978">
      <Execution id="9f2d78cc-e7b0-40df-9814-949d2bc5328b" />
      <TestMethod codeBase="C:\Users\marsh\Documents\Space Trade Empire\SimCore.Tests\bin\Release\net8.0\SimCore.Tests.dll" adapterTypeName="executor://nunit3testexecutor/" className="SimCore.Tests.Programs.ProgramLifecycleContractTests" name="PROG_UI_001_manual_override_job_cancel_emits_event_and_pauses_programs" />
    </UnitTest>
    <UnitTest name="Multiple_Arrivals_Same_Tick_Process_In_Stable_Order" storage="c:\users\marsh\documents\space trade empire\simcore.tests\bin\release\net8.0\simcore.tests.dll" id="c1de620b-395b-1fb7-de24-f7a1e0640154">
      <Execution id="daf703d0-9299-4c55-81e1-0323dbc9c34b" />
      <TestMethod codeBase="C:\Users\marsh\Documents\Space Trade Empire\SimCore.Tests\bin\Release\net8.0\SimCore.Tests.dll" adapterTypeName="executor://nunit3testexecutor/" className="SimCore.Tests.Systems.LaneFlowSystemTests" name="Multiple_Arrivals_Same_Tick_Process_In_Stable_Order" />
    </UnitTest>
    <UnitTest name="Signal_TraceAndHeat_ArePersistedInSignature" storage="c:\users\marsh\documents\space trade empire\simcore.tests\bin\release\net8.0\simcore.tests.dll" id="9fd3495b-a209-1fa8-7957-e4f2307d3956">
      <Execution id="0193555a-f4c3-451a-b7fa-4f8770f18c83" />
      <TestMethod codeBase="C:\Users\marsh\Documents\Space Trade Empire\SimCore.Tests\bin\Release\net8.0\SimCore.Tests.dll" adapterTypeName="executor://nunit3testexecutor/" className="SimCore.Tests.SignalTests" name="Signal_TraceAndHeat_ArePersistedInSignature" />
    </UnitTest>
    <UnitTest name="Reservation_ProtectsSupplierInventory_FromNonOwnerLoads" storage="c:\users\marsh\documents\space trade empire\simcore.tests\bin\release\net8.0\simcore.tests.dll" id="59c2bb00-fe56-9931-82a5-1c775eb9a028">
      <Execution id="d91ae733-c2bc-413c-a0c0-9e045e253bc4" />
      <TestMethod codeBase="C:\Users\marsh\Documents\Space Trade Empire\SimCore.Tests\bin\Release\net8.0\SimCore.Tests.dll" adapterTypeName="executor://nunit3testexecutor/" className="SimCore.Tests.Systems.LogisticsReservationContractTests" name="Reservation_ProtectsSupplierInventory_FromNonOwnerLoads" />
    </UnitTest>
    <UnitTest name="LaneCapacity_Bounds_Delivery_And_Queues_Overflow_Deterministically_With_Report" storage="c:\users\marsh\documents\space trade empire\simcore.tests\bin\release\net8.0\simcore.tests.dll" id="1a69a3d4-61e8-04c7-30e1-2d16cf748632">
      <Execution id="61933e0c-16d4-4fd6-914c-0c3a22ba96b8" />
      <TestMethod codeBase="C:\Users\marsh\Documents\Space Trade Empire\SimCore.Tests\bin\Release\net8.0\SimCore.Tests.dll" adapterTypeName="executor://nunit3testexecutor/" className="SimCore.Tests.Systems.LaneFlowSystemTests" name="LaneCapacity_Bounds_Delivery_And_Queues_Overflow_Deterministically_With_Report" />
    </UnitTest>
    <UnitTest name="SUS_SNAP_001_snapshot_includes_bands_and_they_match_banded_time" storage="c:\users\marsh\documents\space trade empire\simcore.tests\bin\release\net8.0\simcore.tests.dll" id="8ad67d0f-d02b-ff27-a75e-0dbe77df061d">
      <Execution id="4ee83a80-95cf-4f2a-9798-e5e6b1330738" />
      <TestMethod codeBase="C:\Users\marsh\Documents\Space Trade Empire\SimCore.Tests\bin\Release\net8.0\SimCore.Tests.dll" adapterTypeName="executor://nunit3testexecutor/" className="SimCore.Tests.Systems.SustainmentSnapshotContractTests" name="SUS_SNAP_001_snapshot_includes_bands_and_they_match_banded_time" />
    </UnitTest>
    <UnitTest name="Monotonicity_ScarcerStock_IncreasesAllPrices" storage="c:\users\marsh\documents\space trade empire\simcore.tests\bin\release\net8.0\simcore.tests.dll" id="affa2024-fd18-3e80-3376-215426f210d1">
      <Execution id="5fe541ae-338a-43fa-b558-4ec674490e36" />
      <TestMethod codeBase="C:\Users\marsh\Documents\Space Trade Empire\SimCore.Tests\bin\Release\net8.0\SimCore.Tests.dll" adapterTypeName="executor://nunit3testexecutor/" className="SimCore.Tests.MarketTests" name="Monotonicity_ScarcerStock_IncreasesAllPrices" />
    </UnitTest>
    <UnitTest name="FLEET_001_single_player_trader_fleet_exists_with_stable_id_and_start_state" storage="c:\users\marsh\documents\space trade empire\simcore.tests\bin\release\net8.0\simcore.tests.dll" id="cbf2a94b-f09b-d806-c9d7-39c9012ffb10">
      <Execution id="e5f048c1-fd58-4b8d-bbe6-b506fa40a503" />
      <TestMethod codeBase="C:\Users\marsh\Documents\Space Trade Empire\SimCore.Tests\bin\Release\net8.0\SimCore.Tests.dll" adapterTypeName="executor://nunit3testexecutor/" className="SimCore.Tests.Programs.FleetBindingContractTests" name="FLEET_001_single_player_trader_fleet_exists_with_stable_id_and_start_state" />
    </UnitTest>
    <UnitTest name="Transfer_Conserves_Total_Market" storage="c:\users\marsh\documents\space trade empire\simcore.tests\bin\release\net8.0\simcore.tests.dll" id="a9b6b74f-52ba-e54d-b079-656324b7c4c2">
      <Execution id="a5883eb5-53fc-4e06-b622-7fee26031f14" />
      <TestMethod codeBase="C:\Users\marsh\Documents\Space Trade Empire\SimCore.Tests\bin\Release\net8.0\SimCore.Tests.dll" adapterTypeName="executor://nunit3testexecutor/" className="SimCore.Tests.Systems.InventoryLedgerTests" name="Transfer_Conserves_Total_Market" />
    </UnitTest>
    <UnitTest name="FLEET_001_survives_save_load_without_signature_change" storage="c:\users\marsh\documents\space trade empire\simcore.tests\bin\release\net8.0\simcore.tests.dll" id="19ce99b2-40a3-121f-febe-2a2911535f00">
      <Execution id="91f31657-5250-4574-8102-7de2a1467e6f" />
      <TestMethod codeBase="C:\Users\marsh\Documents\Space Trade Empire\SimCore.Tests\bin\Release\net8.0\SimCore.Tests.dll" adapterTypeName="executor://nunit3testexecutor/" className="SimCore.Tests.Programs.FleetBindingContractTests" name="FLEET_001_survives_save_load_without_signature_change" />
    </UnitTest>
    <UnitTest name="ManualOverride_CancelsActiveLogisticsJob_AndDoesNotResumeWhenCleared" storage="c:\users\marsh\documents\space trade empire\simcore.tests\bin\release\net8.0\simcore.tests.dll" id="84ed8c95-4b7a-1889-e3d2-54b815f17cea">
      <Execution id="eb01b40b-ad1a-49f6-86d3-11a70cf1d1b0" />
      <TestMethod codeBase="C:\Users\marsh\Documents\Space Trade Empire\SimCore.Tests\bin\Release\net8.0\SimCore.Tests.dll" adapterTypeName="executor://nunit3testexecutor/" className="SimCore.Tests.Systems.FleetAuthorityPrecedenceContractTests" name="ManualOverride_CancelsActiveLogisticsJob_AndDoesNotResumeWhenCleared" />
    </UnitTest>
    <UnitTest name="RemoteIntel_RemainsStale_WhenTruthChanges_UntilReobserved" storage="c:\users\marsh\documents\space trade empire\simcore.tests\bin\release\net8.0\simcore.tests.dll" id="cdc6c1ae-297c-5cb1-730b-8469780bdb6c">
      <Execution id="db0fddf3-45ec-4ada-b420-5da35affd7f6" />
      <TestMethod codeBase="C:\Users\marsh\Documents\Space Trade Empire\SimCore.Tests\bin\Release\net8.0\SimCore.Tests.dll" adapterTypeName="executor://nunit3testexecutor/" className="SimCore.Tests.Systems.IntelContractTests" name="RemoteIntel_RemainsStale_WhenTruthChanges_UntilReobserved" />
    </UnitTest>
    <UnitTest name="Spread_BuyPrice_IsGreaterThan_SellPrice" storage="c:\users\marsh\documents\space trade empire\simcore.tests\bin\release\net8.0\simcore.tests.dll" id="83a9ee42-b5e6-5a45-8b4c-404d4d08f217">
      <Execution id="09d690a8-be0b-4385-b774-f374eb6bebc1" />
      <TestMethod codeBase="C:\Users\marsh\Documents\Space Trade Empire\SimCore.Tests\bin\Release\net8.0\SimCore.Tests.dll" adapterTypeName="executor://nunit3testexecutor/" className="SimCore.Tests.MarketTests" name="Spread_BuyPrice_IsGreaterThan_SellPrice" />
    </UnitTest>
    <UnitTest name="Sustainment_RunTwice_SameSetup_Produces_Identical_State" storage="c:\users\marsh\documents\space trade empire\simcore.tests\bin\release\net8.0\simcore.tests.dll" id="dcb9b7bb-7561-00e4-6ffa-66dc24f53288">
      <Execution id="498f1fce-ac5e-4181-b9b6-4f51566d66d7" />
      <TestMethod codeBase="C:\Users\marsh\Documents\Space Trade Empire\SimCore.Tests\bin\Release\net8.0\SimCore.Tests.dll" adapterTypeName="executor://nunit3testexecutor/" className="SimCore.Tests.Sustainment.SustainmentDeterminismRegressionTests" name="Sustainment_RunTwice_SameSetup_Produces_Identical_State" />
    </UnitTest>
    <UnitTest name="Containment_DecaysTrace_OverTime" storage="c:\users\marsh\documents\space trade empire\simcore.tests\bin\release\net8.0\simcore.tests.dll" id="f23fea91-2d72-effc-be51-77b14656b83b">
      <Execution id="d5309de5-094c-4d32-b062-ce0f0a1e7940" />
      <TestMethod codeBase="C:\Users\marsh\Documents\Space Trade Empire\SimCore.Tests\bin\Release\net8.0\SimCore.Tests.dll" adapterTypeName="executor://nunit3testexecutor/" className="SimCore.Tests.ContainmentTests" name="Containment_DecaysTrace_OverTime" />
    </UnitTest>
    <UnitTest name="Generation_CreatesValidMarkets_WithGoods" storage="c:\users\marsh\documents\space trade empire\simcore.tests\bin\release\net8.0\simcore.tests.dll" id="4c6c3d6d-d9d9-c512-a1da-351dba3f0f92">
      <Execution id="d4620ff0-4a1e-4d04-aaf5-7928150275db" />
      <TestMethod codeBase="C:\Users\marsh\Documents\Space Trade Empire\SimCore.Tests\bin\Release\net8.0\SimCore.Tests.dll" adapterTypeName="executor://nunit3testexecutor/" className="SimCore.Tests.GalaxyTests" name="Generation_CreatesValidMarkets_WithGoods" />
    </UnitTest>
    <UnitTest name="PartialPickup_IsDeterministicAcrossFreshRuns" storage="c:\users\marsh\documents\space trade empire\simcore.tests\bin\release\net8.0\simcore.tests.dll" id="0355c27c-ca81-6bc9-4a1f-ee533f24f6ee">
      <Execution id="5ee0529d-63a5-4438-96d6-54625014d4eb" />
      <TestMethod codeBase="C:\Users\marsh\Documents\Space Trade Empire\SimCore.Tests\bin\Release\net8.0\SimCore.Tests.dll" adapterTypeName="executor://nunit3testexecutor/" className="SimCore.Tests.Systems.LogisticsPartialFulfillmentTests" name="PartialPickup_IsDeterministicAcrossFreshRuns" />
    </UnitTest>
    <UnitTest name="Containment_ClampsTrace_ToZero" storage="c:\users\marsh\documents\space trade empire\simcore.tests\bin\release\net8.0\simcore.tests.dll" id="8cf1dbbd-4506-f5dd-ac4d-cd27d5258730">
      <Execution id="80fb089d-04f7-42e7-822a-398c575eb9ec" />
      <TestMethod codeBase="C:\Users\marsh\Documents\Space Trade Empire\SimCore.Tests\bin\Release\net8.0\SimCore.Tests.dll" adapterTypeName="executor://nunit3testexecutor/" className="SimCore.Tests.ContainmentTests" name="Containment_ClampsTrace_ToZero" />
    </UnitTest>
    <UnitTest name="MidPrice_LowSupply_IsHigherThanBase" storage="c:\users\marsh\documents\space trade empire\simcore.tests\bin\release\net8.0\simcore.tests.dll" id="e4d8b1fd-8792-9ea4-b08a-25674d31ced2">
      <Execution id="39f51abf-dee0-4028-889a-5f5c65966682" />
      <TestMethod codeBase="C:\Users\marsh\Documents\Space Trade Empire\SimCore.Tests\bin\Release\net8.0\SimCore.Tests.dll" adapterTypeName="executor://nunit3testexecutor/" className="SimCore.Tests.MarketTests" name="MidPrice_LowSupply_IsHigherThanBase" />
    </UnitTest>
    <UnitTest name="SaveLoad_ProgramsPersist_PendingIntentsDiscarded" storage="c:\users\marsh\documents\space trade empire\simcore.tests\bin\release\net8.0\simcore.tests.dll" id="f303766c-d899-bd2a-93a5-4a4d0bff73c6">
      <Execution id="f480e137-b07e-4338-91dd-64aa6970a78f" />
      <TestMethod codeBase="C:\Users\marsh\Documents\Space Trade Empire\SimCore.Tests\bin\Release\net8.0\SimCore.Tests.dll" adapterTypeName="executor://nunit3testexecutor/" className="SimCore.Tests.SaveLoad.ProgramSaveLoadContractTests" name="SaveLoad_ProgramsPersist_PendingIntentsDiscarded" />
    </UnitTest>
    <UnitTest name="WorldgenDistributionBounds_StarterGoods_EachHasProducerAndSink_Over100Seeds_AndEmitsDeterministicReport" storage="c:\users\marsh\documents\space trade empire\simcore.tests\bin\release\net8.0\simcore.tests.dll" id="e10f67d3-f4b6-69ad-4b74-17df096ad80f">
      <Execution id="d5940d50-4ef1-4a75-933b-cc1a550fe8a6" />
      <TestMethod codeBase="C:\Users\marsh\Documents\Space Trade Empire\SimCore.Tests\bin\Release\net8.0\SimCore.Tests.dll" adapterTypeName="executor://nunit3testexecutor/" className="SimCore.Tests.MarketTests" name="WorldgenDistributionBounds_StarterGoods_EachHasProducerAndSink_Over100Seeds_AndEmitsDeterministicReport" />
    </UnitTest>
    <UnitTest name="SaveLoad_MidLogisticsJob_ContinuesToSameFinalHash_AsUninterrupted" storage="c:\users\marsh\documents\space trade empire\simcore.tests\bin\release\net8.0\simcore.tests.dll" id="56a957b7-e18d-e25d-7b8e-ec0ebca32204">
      <Execution id="173d005d-4a29-467c-a42f-b87871bd88b0" />
      <TestMethod codeBase="C:\Users\marsh\Documents\Space Trade Empire\SimCore.Tests\bin\Release\net8.0\SimCore.Tests.dll" adapterTypeName="executor://nunit3testexecutor/" className="SimCore.Tests.SaveLoad.SaveLoadLogisticsMidJobTests" name="SaveLoad_MidLogisticsJob_ContinuesToSameFinalHash_AsUninterrupted" />
    </UnitTest>
    <UnitTest name="EconomyPlacement_StarterRegion_HasAtLeast3ViableTradeLoops_AndEmitsDeterministicReport" storage="c:\users\marsh\documents\space trade empire\simcore.tests\bin\release\net8.0\simcore.tests.dll" id="9ecef8be-7e19-9d11-94fd-27d9f4920197">
      <Execution id="3e9d6784-95c4-4cfc-ad20-0b9c3cb0dbfc" />
      <TestMethod codeBase="C:\Users\marsh\Documents\Space Trade Empire\SimCore.Tests\bin\Release\net8.0\SimCore.Tests.dll" adapterTypeName="executor://nunit3testexecutor/" className="SimCore.Tests.MarketTests" name="EconomyPlacement_StarterRegion_HasAtLeast3ViableTradeLoops_AndEmitsDeterministicReport" />
    </UnitTest>
    <UnitTest name="RetryUpToNZeroPickupObservations_ThenCancel" storage="c:\users\marsh\documents\space trade empire\simcore.tests\bin\release\net8.0\simcore.tests.dll" id="5f5beafc-14a7-c032-7b1d-b1c0efc69a6f">
      <Execution id="c8cda43e-94ca-48a6-b8db-2bf331f00ab5" />
      <TestMethod codeBase="C:\Users\marsh\Documents\Space Trade Empire\SimCore.Tests\bin\Release\net8.0\SimCore.Tests.dll" adapterTypeName="executor://nunit3testexecutor/" className="SimCore.Tests.Systems.LogisticsRetryOrCancelContractTests" name="RetryUpToNZeroPickupObservations_ThenCancel" />
    </UnitTest>
    <UnitTest name="Basic_Invariants_Hold_After_Stepping" storage="c:\users\marsh\documents\space trade empire\simcore.tests\bin\release\net8.0\simcore.tests.dll" id="faf06bcb-9da3-d8ff-ce5c-beb91d5f46ca">
      <Execution id="d068a181-4e85-4f1a-a6b5-ae3ac378097a" />
      <TestMethod codeBase="C:\Users\marsh\Documents\Space Trade Empire\SimCore.Tests\bin\Release\net8.0\SimCore.Tests.dll" adapterTypeName="executor://nunit3testexecutor/" className="SimCore.Tests.Invariants.BasicStateInvariantsTests" name="Basic_Invariants_Hold_After_Stepping" />
    </UnitTest>
    <UnitTest name="Travel_UpdatesState_AndConsumesSlot" storage="c:\users\marsh\documents\space trade empire\simcore.tests\bin\release\net8.0\simcore.tests.dll" id="ebc423c6-c845-a67a-6d97-58f1f2c9db0e">
      <Execution id="4cbeb8b7-7e62-4d44-8986-9d186527357d" />
      <TestMethod codeBase="C:\Users\marsh\Documents\Space Trade Empire\SimCore.Tests\bin\Release\net8.0\SimCore.Tests.dll" adapterTypeName="executor://nunit3testexecutor/" className="SimCore.Tests.TravelTests" name="Travel_UpdatesState_AndConsumesSlot" />
    </UnitTest>
    <UnitTest name="Fleet_CanTravel_BetweenConnectedNodes" storage="c:\users\marsh\documents\space trade empire\simcore.tests\bin\release\net8.0\simcore.tests.dll" id="58fd4c81-7955-949c-5e77-9bd65f115ccf">
      <Execution id="293b19e6-1c8e-4565-82ca-b32c0f513b37" />
      <TestMethod codeBase="C:\Users\marsh\Documents\Space Trade Empire\SimCore.Tests\bin\Release\net8.0\SimCore.Tests.dll" adapterTypeName="executor://nunit3testexecutor/" className="SimCore.Tests.MovementTests" name="Fleet_CanTravel_BetweenConnectedNodes" />
    </UnitTest>
    <UnitTest name="DOCTRINE_001_DefaultDoctrine_Exists_HasMax2Toggles_AndIsDeterministic" storage="c:\users\marsh\documents\space trade empire\simcore.tests\bin\release\net8.0\simcore.tests.dll" id="89804714-ec7c-aeca-abb4-18b9a64df254">
[...]
    <TestEntry testId="cc049097-19ba-722e-2881-a00c390cfe11" executionId="4a94019a-16b9-4fa9-af76-4b4a69b78fa9" testListId="8c84fa94-04c1-424b-9868-57a2d4851a1d" />
    <TestEntry testId="c1de620b-395b-1fb7-de24-f7a1e0640154" executionId="daf703d0-9299-4c55-81e1-0323dbc9c34b" testListId="8c84fa94-04c1-424b-9868-57a2d4851a1d" />
    <TestEntry testId="b3d2af46-855b-10e8-94de-0899444e045b" executionId="920bab89-c629-4f4f-a541-daf3437f923e" testListId="8c84fa94-04c1-424b-9868-57a2d4851a1d" />
    <TestEntry testId="218fe381-179e-9868-8bbc-42677f4cbe3b" executionId="3eaad43a-7805-4e0d-9118-32d98d6bb07f" testListId="8c84fa94-04c1-424b-9868-57a2d4851a1d" />
    <TestEntry testId="87001f66-4c3d-139b-c6f9-1625bc49c013" executionId="ed0840c9-a4ba-4a9b-a51f-769f7e9c0f71" testListId="8c84fa94-04c1-424b-9868-57a2d4851a1d" />
    <TestEntry testId="a9b6b74f-52ba-e54d-b079-656324b7c4c2" executionId="a5883eb5-53fc-4e06-b622-7fee26031f14" testListId="8c84fa94-04c1-424b-9868-57a2d4851a1d" />
    <TestEntry testId="5cc51b37-fd03-4fc8-940f-30b6e56c23c0" executionId="ed5b164d-b406-4426-8a50-bff4184fda16" testListId="8c84fa94-04c1-424b-9868-57a2d4851a1d" />
    <TestEntry testId="f46e284e-c1f0-0fcf-f792-217f610e8838" executionId="76ffd797-61c2-4a7b-b567-12d0fc18103d" testListId="8c84fa94-04c1-424b-9868-57a2d4851a1d" />
    <TestEntry testId="41c5cc8c-dbdb-5180-a462-5acd42bd8826" executionId="b7003dea-0028-416c-b456-de7e00965d95" testListId="8c84fa94-04c1-424b-9868-57a2d4851a1d" />
    <TestEntry testId="deade48c-3725-4254-c51d-2c367fe02920" executionId="842d4f7b-5bf5-483a-a373-29fb70a8d5f3" testListId="8c84fa94-04c1-424b-9868-57a2d4851a1d" />
    <TestEntry testId="43f7b81a-62af-1131-613b-7247bb592514" executionId="269272ca-66a7-4198-af6a-ffebceedc8b5" testListId="8c84fa94-04c1-424b-9868-57a2d4851a1d" />
    <TestEntry testId="8ad67d0f-d02b-ff27-a75e-0dbe77df061d" executionId="4ee83a80-95cf-4f2a-9798-e5e6b1330738" testListId="8c84fa94-04c1-424b-9868-57a2d4851a1d" />
    <TestEntry testId="c4b889e6-dc55-5014-06dd-eb0e8f894692" executionId="f324e733-a837-4160-843d-3be20401f15b" testListId="8c84fa94-04c1-424b-9868-57a2d4851a1d" />
    <TestEntry testId="258407be-2eb2-93ed-7222-5aae254c3855" executionId="9f4ef377-249c-4146-914c-57e29ca3dcb2" testListId="8c84fa94-04c1-424b-9868-57a2d4851a1d" />
    <TestEntry testId="0355c27c-ca81-6bc9-4a1f-ee533f24f6ee" executionId="5ee0529d-63a5-4438-96d6-54625014d4eb" testListId="8c84fa94-04c1-424b-9868-57a2d4851a1d" />
    <TestEntry testId="90e58d57-657d-d78b-8277-08e2ea442b52" executionId="a2601823-0946-4cab-8cb4-e60ef1039614" testListId="8c84fa94-04c1-424b-9868-57a2d4851a1d" />
    <TestEntry testId="980de98a-18c8-4be7-769b-4d43dac71aed" executionId="a9e1e0d5-d86c-4c4c-915d-c1e2d3bea49c" testListId="8c84fa94-04c1-424b-9868-57a2d4851a1d" />
    <TestEntry testId="fe7e3717-6284-d1b5-c8ba-de43872f1a5f" executionId="6a2f0d0b-67c8-4b29-9f3c-e8fcdba478fa" testListId="8c84fa94-04c1-424b-9868-57a2d4851a1d" />
    <TestEntry testId="f553f183-e7d1-720a-3ec9-a9b41aba5aff" executionId="4c2a8033-a7d1-46a2-a577-3ca3f6190b20" testListId="8c84fa94-04c1-424b-9868-57a2d4851a1d" />
    <TestEntry testId="3af0ef18-904c-63fb-09b9-7ca5c7f02ae4" executionId="14ec6163-8580-4f99-a5d6-0552abeafd58" testListId="8c84fa94-04c1-424b-9868-57a2d4851a1d" />
    <TestEntry testId="649c45f1-ad0f-13f6-cd93-4dd855223cde" executionId="e023cfa3-4551-41b5-8102-233fd280b42b" testListId="8c84fa94-04c1-424b-9868-57a2d4851a1d" />
    <TestEntry testId="6f692b4e-054a-5bc9-b9bb-e8b4a810b875" executionId="1aa1885f-301d-4a42-9706-2d4c2ea3e492" testListId="8c84fa94-04c1-424b-9868-57a2d4851a1d" />
    <TestEntry testId="e9ed0dc3-6138-2eef-aae8-aef162079197" executionId="ab88d36b-50ab-4514-be4b-3a1ffa9345bd" testListId="8c84fa94-04c1-424b-9868-57a2d4851a1d" />
    <TestEntry testId="4927cf3c-0fe2-5631-c9ee-851977ff9fc1" executionId="f74c746e-6603-4cc4-9ef3-6bc10e52d6ed" testListId="8c84fa94-04c1-424b-9868-57a2d4851a1d" />
    <TestEntry testId="ebc423c6-c845-a67a-6d97-58f1f2c9db0e" executionId="4cbeb8b7-7e62-4d44-8986-9d186527357d" testListId="8c84fa94-04c1-424b-9868-57a2d4851a1d" />
    <TestEntry testId="fb2bd6ce-18a4-871e-1874-97d00d1f025d" executionId="bc1bf98b-3408-469a-b1a6-3e51a93ea450" testListId="8c84fa94-04c1-424b-9868-57a2d4851a1d" />
    <TestEntry testId="c4bc9732-0b25-efe8-0dac-b5b02d64cd89" executionId="8245ebdb-4aee-42ce-8432-3715dfd36d17" testListId="8c84fa94-04c1-424b-9868-57a2d4851a1d" />
    <TestEntry testId="78e47c93-5e7c-8f27-604d-5cabd5a8081d" executionId="9edc5046-f068-4979-ae6c-7c9ed1008786" testListId="8c84fa94-04c1-424b-9868-57a2d4851a1d" />
    <TestEntry testId="6038105f-7e79-8402-741b-39f30ccbc07b" executionId="c84b8468-1165-40f9-81c2-2743654fdffa" testListId="8c84fa94-04c1-424b-9868-57a2d4851a1d" />
    <TestEntry testId="1a69a3d4-61e8-04c7-30e1-2d16cf748632" executionId="61933e0c-16d4-4fd6-914c-0c3a22ba96b8" testListId="8c84fa94-04c1-424b-9868-57a2d4851a1d" />
    <TestEntry testId="cd17e1d7-bfb8-b528-4a3d-6f1c643b2034" executionId="bc2a3e02-f90e-42c0-9c7b-8c9eb707d19f" testListId="8c84fa94-04c1-424b-9868-57a2d4851a1d" />
    <TestEntry testId="6dcc455e-49f6-0fc4-bfec-d4ba6a8f4e3d" executionId="05d894c0-f4d0-4a52-9c01-e5ea9dadfcad" testListId="8c84fa94-04c1-424b-9868-57a2d4851a1d" />
    <TestEntry testId="ec5c371e-cf9b-110e-550a-252812f8c077" executionId="b6d18a04-3e18-414f-ad81-74502b38efb3" testListId="8c84fa94-04c1-424b-9868-57a2d4851a1d" />
    <TestEntry testId="dcb9b7bb-7561-00e4-6ffa-66dc24f53288" executionId="498f1fce-ac5e-4181-b9b6-4f51566d66d7" testListId="8c84fa94-04c1-424b-9868-57a2d4851a1d" />
    <TestEntry testId="2fbb7063-a208-9457-f84c-6ceb2b54cd87" executionId="70ef6707-22be-4657-9f06-0592c28ecfe6" testListId="8c84fa94-04c1-424b-9868-57a2d4851a1d" />
    <TestEntry testId="ef839d5d-88d4-2fb1-4ec8-71c03a8ad4a4" executionId="678c2b42-a26a-4337-bbf4-412c089208ee" testListId="8c84fa94-04c1-424b-9868-57a2d4851a1d" />
    <TestEntry testId="cbf2a94b-f09b-d806-c9d7-39c9012ffb10" executionId="e5f048c1-fd58-4b8d-bbe6-b506fa40a503" testListId="8c84fa94-04c1-424b-9868-57a2d4851a1d" />
    <TestEntry testId="df741220-6fa3-bcfc-7058-2e71ad511010" executionId="aba8aa95-fdbf-431a-9598-adb893c9af58" testListId="8c84fa94-04c1-424b-9868-57a2d4851a1d" />
    <TestEntry testId="e4d8b1fd-8792-9ea4-b08a-25674d31ced2" executionId="39f51abf-dee0-4028-889a-5f5c65966682" testListId="8c84fa94-04c1-424b-9868-57a2d4851a1d" />
    <TestEntry testId="dac1168d-2cb6-067b-64d1-1be9698be60c" executionId="acda3ca2-004f-4189-972f-69ba879251f1" testListId="8c84fa94-04c1-424b-9868-57a2d4851a1d" />
    <TestEntry testId="7c479528-6e0e-5587-048c-31be72a34d84" executionId="c42395d4-510a-433e-a5c1-652d499f40db" testListId="8c84fa94-04c1-424b-9868-57a2d4851a1d" />
    <TestEntry testId="fd6eeefd-e529-eef1-ddb4-cd522f5c06aa" executionId="87762bc8-400e-437a-b474-9bc8751a7026" testListId="8c84fa94-04c1-424b-9868-57a2d4851a1d" />
    <TestEntry testId="ec1393c4-4703-4e7e-782c-715fcac654e8" executionId="98a8bf62-e77a-4cb0-ba6f-7b6ccb074cef" testListId="8c84fa94-04c1-424b-9868-57a2d4851a1d" />
    <TestEntry testId="0d05c884-8e0d-ac6b-0e52-1c42949745e9" executionId="6bfdbfe9-78a4-413d-bc04-7b587f8821aa" testListId="8c84fa94-04c1-424b-9868-57a2d4851a1d" />
    <TestEntry testId="be0cd5fc-107a-20d9-d6b5-cd6d244f0149" executionId="c433bb3c-0172-4c15-9710-bfe4bfc546ac" testListId="8c84fa94-04c1-424b-9868-57a2d4851a1d" />
    <TestEntry testId="7c4fd7a0-5368-214c-036e-e2c47d2b18a2" executionId="2ac7e51f-759e-4f5d-ba60-e7b06e070ba3" testListId="8c84fa94-04c1-424b-9868-57a2d4851a1d" />
    <TestEntry testId="c944b59e-30c7-d0be-197a-ac0921f227b6" executionId="da4fa928-5eaf-4b72-9ec4-d68a66aa2d57" testListId="8c84fa94-04c1-424b-9868-57a2d4851a1d" />
    <TestEntry testId="cf507909-f2fb-5031-715d-1ce0c0ac4705" executionId="0e30ca91-6918-4960-b4cc-7730aac1dee2" testListId="8c84fa94-04c1-424b-9868-57a2d4851a1d" />
    <TestEntry testId="909ece48-7c1e-0587-bc9c-c17833d2d364" executionId="ff102841-86b6-46cc-92ec-b0492312df17" testListId="8c84fa94-04c1-424b-9868-57a2d4851a1d" />
    <TestEntry testId="44c3c029-785c-3e9c-87ae-e450fb77e37d" executionId="89a266c3-6dec-47ce-8d0f-bd533b1ef8a8" testListId="8c84fa94-04c1-424b-9868-57a2d4851a1d" />
    <TestEntry testId="e774b232-1dc1-0f5f-77c3-83121c6990db" executionId="5cf056e1-71de-43b8-ae42-f697c00880a4" testListId="8c84fa94-04c1-424b-9868-57a2d4851a1d" />
    <TestEntry testId="1a0c9cd1-005f-cc36-ba7b-047adaef086b" executionId="85d974e3-af2a-4a7e-a61f-eded769f73f3" testListId="8c84fa94-04c1-424b-9868-57a2d4851a1d" />
    <TestEntry testId="cab6ea2e-853f-e9cc-73f0-1fd5eaf2e39c" executionId="67575f7c-3dd2-4304-8d68-e18f1374e849" testListId="8c84fa94-04c1-424b-9868-57a2d4851a1d" />
    <TestEntry testId="9fd3495b-a209-1fa8-7957-e4f2307d3956" executionId="0193555a-f4c3-451a-b7fa-4f8770f18c83" testListId="8c84fa94-04c1-424b-9868-57a2d4851a1d" />
    <TestEntry testId="e6aa184a-da3b-5504-348b-527dcd1b01e1" executionId="ebce6b42-dc79-45bf-b9f0-1400d464b094" testListId="8c84fa94-04c1-424b-9868-57a2d4851a1d" />
    <TestEntry testId="84ed8c95-4b7a-1889-e3d2-54b815f17cea" executionId="eb01b40b-ad1a-49f6-86d3-11a70cf1d1b0" testListId="8c84fa94-04c1-424b-9868-57a2d4851a1d" />
    <TestEntry testId="58fd4c81-7955-949c-5e77-9bd65f115ccf" executionId="293b19e6-1c8e-4565-82ca-b32c0f513b37" testListId="8c84fa94-04c1-424b-9868-57a2d4851a1d" />
    <TestEntry testId="46bf89f4-de8e-7bc6-2429-7e9e5e203fcb" executionId="321d3d0e-5f0b-4927-855c-6803ffef373d" testListId="8c84fa94-04c1-424b-9868-57a2d4851a1d" />
    <TestEntry testId="8d5d3d90-524f-5570-bea3-471c83cfcf49" executionId="1a37a4e5-e122-4c6c-bb77-a0e12551c7ba" testListId="8c84fa94-04c1-424b-9868-57a2d4851a1d" />
    <TestEntry testId="b522f372-e6c3-56bd-afd5-4088da814f4e" executionId="3604b0ba-0153-43ab-a2f3-271352173512" testListId="8c84fa94-04c1-424b-9868-57a2d4851a1d" />
    <TestEntry testId="08e87e66-8f8f-5ce1-82f0-d307d04ebe93" executionId="db3adf5a-689f-47ae-af1d-8ff6ed16caa6" testListId="8c84fa94-04c1-424b-9868-57a2d4851a1d" />
    <TestEntry testId="75377a2f-35a9-38bd-ec2d-64eaff988dd5" executionId="fed2cd8b-5dc2-44c1-9096-1d22b8770c16" testListId="8c84fa94-04c1-424b-9868-57a2d4851a1d" />
    <TestEntry testId="15d11c10-1eb9-8c16-933b-6a766c0809d4" executionId="d991a1f5-0ead-4366-9fc5-1c4cb5a3a74a" testListId="8c84fa94-04c1-424b-9868-57a2d4851a1d" />
    <TestEntry testId="2f8387ed-2135-4ac2-1263-b855695950d4" executionId="d2ccfeb9-3527-47b6-a960-660e70132901" testListId="8c84fa94-04c1-424b-9868-57a2d4851a1d" />
    <TestEntry testId="d78d3c06-2886-7fef-301b-969b2fea4581" executionId="0f466d5d-7d13-4a87-9488-f89524af942e" testListId="8c84fa94-04c1-424b-9868-57a2d4851a1d" />
    <TestEntry testId="6205d599-13ba-e649-cd45-37cfdbb233e1" executionId="2965282d-5f35-4a03-a782-b5e45c14ec8b" testListId="8c84fa94-04c1-424b-9868-57a2d4851a1d" />
    <TestEntry testId="83d8e03f-1017-5332-356c-3f070a3bb76c" executionId="b462fc47-cd5c-45a7-b9f4-c7dc22a213e0" testListId="8c84fa94-04c1-424b-9868-57a2d4851a1d" />
    <TestEntry testId="f01fb897-1409-3ef0-b33b-0f3cdd76e8c9" executionId="f9318de8-27d0-4a75-ac71-10e2380fbf40" testListId="8c84fa94-04c1-424b-9868-57a2d4851a1d" />
    <TestEntry testId="8680dc49-265d-c9c3-116f-461ca2661675" executionId="71081b7a-ea23-42a1-8014-66721c721305" testListId="8c84fa94-04c1-424b-9868-57a2d4851a1d" />
    <TestEntry testId="8cf1dbbd-4506-f5dd-ac4d-cd27d5258730" executionId="80fb089d-04f7-42e7-822a-398c575eb9ec" testListId="8c84fa94-04c1-424b-9868-57a2d4851a1d" />
    <TestEntry testId="b51de1ca-b3ea-9eac-fa0d-b3e4a00db978" executionId="9f2d78cc-e7b0-40df-9814-949d2bc5328b" testListId="8c84fa94-04c1-424b-9868-57a2d4851a1d" />
    <TestEntry testId="89804714-ec7c-aeca-abb4-18b9a64df254" executionId="84aa52e8-18e8-4a18-9578-d5491b0343f4" testListId="8c84fa94-04c1-424b-9868-57a2d4851a1d" />
    <TestEntry testId="a9efb629-0b99-8f53-a02b-c0ab88233a52" executionId="f6e8166d-315a-4c8a-9791-64ccf20e8585" testListId="8c84fa94-04c1-424b-9868-57a2d4851a1d" />
    <TestEntry testId="f23fea91-2d72-effc-be51-77b14656b83b" executionId="d5309de5-094c-4d32-b062-ce0f0a1e7940" testListId="8c84fa94-04c1-424b-9868-57a2d4851a1d" />
    <TestEntry testId="c912fbcb-9c76-36e4-0439-a05baa70e6dd" executionId="55bb1329-f368-48c6-87df-a2752562cc87" testListId="8c84fa94-04c1-424b-9868-57a2d4851a1d" />
    <TestEntry testId="e10f67d3-f4b6-69ad-4b74-17df096ad80f" executionId="d5940d50-4ef1-4a75-933b-cc1a550fe8a6" testListId="8c84fa94-04c1-424b-9868-57a2d4851a1d" />
    <TestEntry testId="11f3c1be-327a-5404-aeb5-b0ae6546da2a" executionId="bd591891-471c-476a-a6ee-5199d3b4fdd1" testListId="8c84fa94-04c1-424b-9868-57a2d4851a1d" />
    <TestEntry testId="fb10ec80-fd0a-bc1e-45f1-e0bce7f34f8f" executionId="36c12bf1-388a-4c72-b951-4caadc4169a8" testListId="8c84fa94-04c1-424b-9868-57a2d4851a1d" />
    <TestEntry testId="33b7e9b5-979e-71ee-ff9d-77f65d7b6b45" executionId="e32e45b9-4e35-4f5e-a625-3fa36ae2434d" testListId="8c84fa94-04c1-424b-9868-57a2d4851a1d" />
    <TestEntry testId="e357e99b-dfc2-7a0f-9cfa-a76af3c7a5a5" executionId="2aea4775-bda3-4690-9aa1-e35cadbc36e5" testListId="8c84fa94-04c1-424b-9868-57a2d4851a1d" />
    <TestEntry testId="2afec21d-5b14-7988-d9e6-5bac07da2c08" executionId="0dd5b17f-b767-49d7-bfe5-7b246ae38f31" testListId="8c84fa94-04c1-424b-9868-57a2d4851a1d" />
    <TestEntry testId="affa2024-fd18-3e80-3376-215426f210d1" executionId="5fe541ae-338a-43fa-b558-4ec674490e36" testListId="8c84fa94-04c1-424b-9868-57a2d4851a1d" />
    <TestEntry testId="1ee510b9-84d4-5166-192d-4c98ecb1bb66" executionId="ad734a9e-6921-423e-8b64-8007468e1f2a" testListId="8c84fa94-04c1-424b-9868-57a2d4851a1d" />
    <TestEntry testId="49030e73-f588-c16c-7fb8-d7a46cac1829" executionId="e674ce03-0f65-49e1-bbc3-07d270ad3ba9" testListId="8c84fa94-04c1-424b-9868-57a2d4851a1d" />
    <TestEntry testId="4c6c3d6d-d9d9-c512-a1da-351dba3f0f92" executionId="d4620ff0-4a1e-4d04-aaf5-7928150275db" testListId="8c84fa94-04c1-424b-9868-57a2d4851a1d" />
    <TestEntry testId="9c0a4bac-e37b-6e5f-071e-9be8ea0c0e89" executionId="efdbb69c-79bc-4449-9570-d05eca4131f8" testListId="8c84fa94-04c1-424b-9868-57a2d4851a1d" />
    <TestEntry testId="7f82ca3e-e4ab-89fa-a5d2-ae1ac6f29f90" executionId="2d277d21-bf01-4d91-82e3-df43b5b2de63" testListId="8c84fa94-04c1-424b-9868-57a2d4851a1d" />
    <TestEntry testId="be65777f-d6ce-d21e-bf58-6916be1920c5" executionId="6b601933-9386-46bb-9186-c4d3d727e3c4" testListId="8c84fa94-04c1-424b-9868-57a2d4851a1d" />
    <TestEntry testId="b883516b-c285-28e3-c3e2-fb020fa763b5" executionId="85a4bb74-69c5-4213-8a9a-5a202b804a7b" testListId="8c84fa94-04c1-424b-9868-57a2d4851a1d" />
    <TestEntry testId="6c43bcb5-6882-c05c-7f39-8fb5db3657a5" executionId="021b8006-5f40-4957-b5b3-7eb8b0409a69" testListId="8c84fa94-04c1-424b-9868-57a2d4851a1d" />
    <TestEntry testId="f5c2d853-1481-f87d-6971-6d001e272239" executionId="484fa92b-f1ab-4151-9e31-69b45403e9b9" testListId="8c84fa94-04c1-424b-9868-57a2d4851a1d" />
    <TestEntry testId="83a9ee42-b5e6-5a45-8b4c-404d4d08f217" executionId="09d690a8-be0b-4385-b774-f374eb6bebc1" testListId="8c84fa94-04c1-424b-9868-57a2d4851a1d" />
    <TestEntry testId="d257707c-5abe-1a0c-ba75-f976b8691219" executionId="c5b5806b-927c-4003-b90e-a6758be52cea" testListId="8c84fa94-04c1-424b-9868-57a2d4851a1d" />
    <TestEntry testId="65af4c0b-3da9-f7ff-68b6-299671495683" executionId="149cc2e8-2741-48a8-baaa-899b9e7ef5c1" testListId="8c84fa94-04c1-424b-9868-57a2d4851a1d" />
    <TestEntry testId="5198fbed-30db-1138-c246-1b2481c8f2c7" executionId="49c689fb-b1f7-4969-8c3a-3d766b649265" testListId="8c84fa94-04c1-424b-9868-57a2d4851a1d" />
    <TestEntry testId="5f5beafc-14a7-c032-7b1d-b1c0efc69a6f" executionId="c8cda43e-94ca-48a6-b8db-2bf331f00ab5" testListId="8c84fa94-04c1-424b-9868-57a2d4851a1d" />
  </TestEntries>
  <TestLists>
    <TestList name="Results Not in a List" id="8c84fa94-04c1-424b-9868-57a2d4851a1d" />
    <TestList name="All Loaded Results" id="19431567-8539-422a-85d7-44ee4e166bda" />
  </TestLists>
  <ResultSummary outcome="Completed">
    <Counters total="111" executed="111" passed="111" failed="0" error="0" timeout="0" aborted="0" inconclusive="0" passedButRunAborted="0" notRunnable="0" notExecuted="0" disconnected="0" warning="0" completed="0" inProgress="0" pending="0" />
    <Output>
      <StdOut>NUnit Adapter 4.5.0.0: Test execution started&#xD;
Running all tests in C:\Users\marsh\Documents\Space Trade Empire\SimCore.Tests\bin\Release\net8.0\SimCore.Tests.dll&#xD;
   NUnit3TestExecutor discovered 111 of 111 NUnit test cases using Current Discovery mode, Non-Explicit run&#xD;
NUnit Adapter 4.5.0.0: Test execution complete&#xD;
</StdOut>
    </Output>
    <RunInfos>
      <RunInfo computerName="HOME" outcome="Warning" timestamp="2026-02-21T07:13:23.8685681-05:00">
        <Text>LongRun Seed: 42 (override via STE_LONGRUN_SEED)&#xD;
LongRun Ticks: 10000&#xD;
LongRun Checkpoints: 0,1000,5000,10000&#xD;
Genesis Hash A: E40FF89C0EFD88A58B46153FBEE14F81C8F1AAA9419153A3C04AE6A6FC5F21D9&#xD;
Final   Hash A: 054FA896B4895DE1C7E84666979E746ECC36A9D53D27B57F0D56ADA2B29AF610&#xD;
Checkpoint[A] tick=0: E40FF89C0EFD88A58B46153FBEE14F81C8F1AAA9419153A3C04AE6A6FC5F21D9&#xD;
Checkpoint[A] tick=1000: F1A71B987B47C9E9071D72AAAAB99A22A7E61F67ED080184AA4BA8E9FABDC386&#xD;
Checkpoint[A] tick=5000: 33E7E234167B8D813E052953525BB8EF41D546B2327F9151D267270B1902B1F9&#xD;
Checkpoint[A] tick=10000: 054FA896B4895DE1C7E84666979E746ECC36A9D53D27B57F0D56ADA2B29AF610&#xD;
Genesis Hash B: E40FF89C0EFD88A58B46153FBEE14F81C8F1AAA9419153A3C04AE6A6FC5F21D9&#xD;
Final   Hash B: 054FA896B4895DE1C7E84666979E746ECC36A9D53D27B57F0D56ADA2B29AF610&#xD;
Checkpoint[B] tick=0: E40FF89C0EFD88A58B46153FBEE14F81C8F1AAA9419153A3C04AE6A6FC5F21D9&#xD;
Checkpoint[B] tick=1000: F1A71B987B47C9E9071D72AAAAB99A22A7E61F67ED080184AA4BA8E9FABDC386&#xD;
Checkpoint[B] tick=5000: 33E7E234167B8D813E052953525BB8EF41D546B2327F9151D267270B1902B1F9&#xD;
Checkpoint[B] tick=10000: 054FA896B4895DE1C7E84666979E746ECC36A9D53D27B57F0D56ADA2B29AF610&#xD;
</Text>
      </RunInfo>
      <RunInfo computerName="HOME" outcome="Warning" timestamp="2026-02-21T07:13:46.9598975-05:00">
        <Text>PERF_BUDGET_REPORT_V0&#xD;
seed=424242&#xD;
ticks_total=600&#xD;
ticks_measured=300&#xD;
fleets=60&#xD;
active_transfers=200&#xD;
budget_ms_per_tick=50&#xD;
total_ms_measured=11144.323&#xD;
avg_ms_per_tick=37.148&#xD;
</Text>
      </RunInfo>
      <RunInfo computerName="HOME" outcome="Warning" timestamp="2026-02-21T07:13:47.0262743-05:00">
        <Text>WROTE_TOPOLOGY_DUMP: C:\Users\marsh\Documents\Space Trade Empire\docs\generated\galaxy_topology_dump_seed_999_starcount_12_radius_100.txt&#xD;
</Text>
      </RunInfo>
      <RunInfo computerName="HOME" outcome="Warning" timestamp="2026-02-21T07:13:49.9410843-05:00">
        <Text>Genesis Hash: E40FF89C0EFD88A58B46153FBEE14F81C8F1AAA9419153A3C04AE6A6FC5F21D9&#xD;
Final Hash A: DACCFA3B9681B7A654D8C825A3394B25108F07E9FC9EE1B09CE71B35A20FFEAD&#xD;
Final Hash B: DACCFA3B9681B7A654D8C825A3394B25108F07E9FC9EE1B09CE71B35A20FFEAD&#xD;
</Text>
      </RunInfo>
      <RunInfo computerName="HOME" outcome="Warning" timestamp="2026-02-21T07:13:50.4637019-05:00">
        <Text>Uninterrupted Hash: D3A2A4EBA1A76A39F27A8131AB81A8E91033F59851C06DE37035F552EC0B938B&#xD;
SaveLoad     Hash: D3A2A4EBA1A76A39F27A8131AB81A8E91033F59851C06DE37035F552EC0B938B&#xD;
</Text>
      </RunInfo>
      <RunInfo computerName="HOME" outcome="Warning" timestamp="2026-02-21T07:13:51.2225197-05:00">
        <Text>SaveLoad Seed (expected): 123&#xD;
SaveLoad Seed (saved): 123&#xD;
SaveLoad Seed (resaved): 123&#xD;
SaveLoad Before Hash: 0E427955737A6CABB5964F5B94776431DE5E74668962C811C6F6A9D2BEC0BF64&#xD;
SaveLoad After  Hash: 0E427955737A6CABB5964F5B94776431DE5E74668962C811C6F6A9D2BEC0BF64&#xD;
</Text>
      </RunInfo>
    </RunInfos>
  </ResultSummary>
</TestRun>